running develop
running egg_info
creating teleop.egg-info
writing teleop.egg-info/PKG-INFO
writing dependency_links to teleop.egg-info/dependency_links.txt
writing entry points to teleop.egg-info/entry_points.txt
writing requirements to teleop.egg-info/requires.txt
writing top-level names to teleop.egg-info/top_level.txt
writing manifest file 'teleop.egg-info/SOURCES.txt'
reading manifest file 'teleop.egg-info/SOURCES.txt'
writing manifest file 'teleop.egg-info/SOURCES.txt'
running build_ext
Creating /home/ha/Desktop/ADS-Perception/piracer_ws/install/teleop/lib/python3.8/site-packages/site.py
Creating /home/ha/Desktop/ADS-Perception/piracer_ws/install/teleop/lib/python3.8/site-packages/teleop.egg-link (link to .)
Installing controller script to /home/ha/Desktop/ADS-Perception/piracer_ws/install/teleop/lib/teleop
Installing receiver script to /home/ha/Desktop/ADS-Perception/piracer_ws/install/teleop/lib/teleop

Installed /home/ha/Desktop/ADS-Perception/piracer_ws/build/teleop
running install_data
creating /home/ha/Desktop/ADS-Perception/piracer_ws/install/teleop/share/ament_index
creating /home/ha/Desktop/ADS-Perception/piracer_ws/install/teleop/share/ament_index/resource_index
creating /home/ha/Desktop/ADS-Perception/piracer_ws/install/teleop/share/ament_index/resource_index/packages
copying resource/teleop -> /home/ha/Desktop/ADS-Perception/piracer_ws/install/teleop/share/ament_index/resource_index/packages
copying package.xml -> /home/ha/Desktop/ADS-Perception/piracer_ws/install/teleop/share/teleop
