[1.345s] DEBUG:colcon:Command line arguments: ['/usr/bin/colcon', 'build', '--symlink-install', '--packages-select', 'py_lidar']
[1.345s] DEBUG:colcon:Parsed command line arguments: Namespace(allow_overriding=[], ament_cmake_args=None, base_paths=['.'], build_base='build', catkin_cmake_args=None, catkin_skip_building_tests=False, cmake_args=None, cmake_clean_cache=False, cmake_clean_first=False, cmake_force_configure=False, cmake_target=None, cmake_target_skip_unavailable=False, continue_on_error=False, event_handlers=None, executor='parallel', ignore_user_meta=False, install_base='install', log_base=None, log_level=None, main=<bound method BuildVerb.main of <colcon_core.verb.build.BuildVerb object at 0x7f24f7544e50>>, merge_install=False, metas=['./colcon.meta'], packages_above=None, packages_above_and_dependencies=None, packages_above_depth=None, packages_end=None, packages_ignore=None, packages_ignore_regex=None, packages_select=['py_lidar'], packages_select_build_failed=False, packages_select_by_dep=None, packages_select_regex=None, packages_select_test_failures=False, packages_skip=None, packages_skip_build_finished=False, packages_skip_by_dep=None, packages_skip_regex=None, packages_skip_test_passed=False, packages_skip_up_to=None, packages_start=None, packages_up_to=None, packages_up_to_regex=None, parallel_workers=8, paths=None, symlink_install=True, test_result_base=None, verb_extension=<colcon_core.verb.build.BuildVerb object at 0x7f24f7544e50>, verb_name='build', verb_parser=<colcon_defaults.argument_parser.defaults.DefaultArgumentsDecorator object at 0x7f24f7544ac0>)
[1.408s] Level 1:colcon.colcon_core.package_discovery:discover_packages(colcon_meta) check parameters
[1.408s] Level 1:colcon.colcon_core.package_discovery:discover_packages(recursive) check parameters
[1.408s] Level 1:colcon.colcon_core.package_discovery:discover_packages(ignore) check parameters
[1.408s] Level 1:colcon.colcon_core.package_discovery:discover_packages(path) check parameters
[1.408s] Level 1:colcon.colcon_core.package_discovery:discover_packages(colcon_meta) discover
[1.408s] Level 1:colcon.colcon_core.package_discovery:discover_packages(recursive) discover
[1.408s] INFO:colcon.colcon_core.package_discovery:Crawling recursively for packages in '/home/ha/Desktop/ADS-Perception/lidar_ws'
[1.408s] Level 1:colcon.colcon_core.package_identification:_identify(.) by extensions ['ignore', 'ignore_ament_install']
[1.408s] Level 1:colcon.colcon_core.package_identification:_identify(.) by extension 'ignore'
[1.408s] Level 1:colcon.colcon_core.package_identification:_identify(.) by extension 'ignore_ament_install'
[1.408s] Level 1:colcon.colcon_core.package_identification:_identify(.) by extensions ['colcon_pkg']
[1.408s] Level 1:colcon.colcon_core.package_identification:_identify(.) by extension 'colcon_pkg'
[1.408s] Level 1:colcon.colcon_core.package_identification:_identify(.) by extensions ['colcon_meta']
[1.408s] Level 1:colcon.colcon_core.package_identification:_identify(.) by extension 'colcon_meta'
[1.408s] Level 1:colcon.colcon_core.package_identification:_identify(.) by extensions ['ros']
[1.408s] Level 1:colcon.colcon_core.package_identification:_identify(.) by extension 'ros'
[1.415s] Level 1:colcon.colcon_core.package_identification:_identify(.) by extensions ['cmake', 'python']
[1.415s] Level 1:colcon.colcon_core.package_identification:_identify(.) by extension 'cmake'
[1.415s] Level 1:colcon.colcon_core.package_identification:_identify(.) by extension 'python'
[1.415s] Level 1:colcon.colcon_core.package_identification:_identify(.) by extensions ['python_setup_py']
[1.415s] Level 1:colcon.colcon_core.package_identification:_identify(.) by extension 'python_setup_py'
[1.415s] Level 1:colcon.colcon_core.package_identification:_identify(build) by extensions ['ignore', 'ignore_ament_install']
[1.416s] Level 1:colcon.colcon_core.package_identification:_identify(build) by extension 'ignore'
[1.416s] Level 1:colcon.colcon_core.package_identification:_identify(build) ignored
[1.416s] Level 1:colcon.colcon_core.package_identification:_identify(install) by extensions ['ignore', 'ignore_ament_install']
[1.416s] Level 1:colcon.colcon_core.package_identification:_identify(install) by extension 'ignore'
[1.416s] Level 1:colcon.colcon_core.package_identification:_identify(install) ignored
[1.416s] Level 1:colcon.colcon_core.package_identification:_identify(log) by extensions ['ignore', 'ignore_ament_install']
[1.416s] Level 1:colcon.colcon_core.package_identification:_identify(log) by extension 'ignore'
[1.416s] Level 1:colcon.colcon_core.package_identification:_identify(log) ignored
[1.416s] Level 1:colcon.colcon_core.package_identification:_identify(src) by extensions ['ignore', 'ignore_ament_install']
[1.416s] Level 1:colcon.colcon_core.package_identification:_identify(src) by extension 'ignore'
[1.416s] Level 1:colcon.colcon_core.package_identification:_identify(src) by extension 'ignore_ament_install'
[1.416s] Level 1:colcon.colcon_core.package_identification:_identify(src) by extensions ['colcon_pkg']
[1.416s] Level 1:colcon.colcon_core.package_identification:_identify(src) by extension 'colcon_pkg'
[1.416s] Level 1:colcon.colcon_core.package_identification:_identify(src) by extensions ['colcon_meta']
[1.416s] Level 1:colcon.colcon_core.package_identification:_identify(src) by extension 'colcon_meta'
[1.416s] Level 1:colcon.colcon_core.package_identification:_identify(src) by extensions ['ros']
[1.416s] Level 1:colcon.colcon_core.package_identification:_identify(src) by extension 'ros'
[1.416s] Level 1:colcon.colcon_core.package_identification:_identify(src) by extensions ['cmake', 'python']
[1.416s] Level 1:colcon.colcon_core.package_identification:_identify(src) by extension 'cmake'
[1.416s] Level 1:colcon.colcon_core.package_identification:_identify(src) by extension 'python'
[1.416s] Level 1:colcon.colcon_core.package_identification:_identify(src) by extensions ['python_setup_py']
[1.416s] Level 1:colcon.colcon_core.package_identification:_identify(src) by extension 'python_setup_py'
[1.416s] Level 1:colcon.colcon_core.package_identification:_identify(src/cpp_lidar) by extensions ['ignore', 'ignore_ament_install']
[1.416s] Level 1:colcon.colcon_core.package_identification:_identify(src/cpp_lidar) by extension 'ignore'
[1.416s] Level 1:colcon.colcon_core.package_identification:_identify(src/cpp_lidar) by extension 'ignore_ament_install'
[1.416s] Level 1:colcon.colcon_core.package_identification:_identify(src/cpp_lidar) by extensions ['colcon_pkg']
[1.416s] Level 1:colcon.colcon_core.package_identification:_identify(src/cpp_lidar) by extension 'colcon_pkg'
[1.416s] Level 1:colcon.colcon_core.package_identification:_identify(src/cpp_lidar) by extensions ['colcon_meta']
[1.416s] Level 1:colcon.colcon_core.package_identification:_identify(src/cpp_lidar) by extension 'colcon_meta'
[1.416s] Level 1:colcon.colcon_core.package_identification:_identify(src/cpp_lidar) by extensions ['ros']
[1.416s] Level 1:colcon.colcon_core.package_identification:_identify(src/cpp_lidar) by extension 'ros'
[1.418s] DEBUG:colcon.colcon_core.package_identification:Package 'src/cpp_lidar' with type 'ros.ament_cmake' and name 'cpp_lidar'
[1.418s] Level 1:colcon.colcon_core.package_identification:_identify(src/py_lidar) by extensions ['ignore', 'ignore_ament_install']
[1.418s] Level 1:colcon.colcon_core.package_identification:_identify(src/py_lidar) by extension 'ignore'
[1.418s] Level 1:colcon.colcon_core.package_identification:_identify(src/py_lidar) by extension 'ignore_ament_install'
[1.418s] Level 1:colcon.colcon_core.package_identification:_identify(src/py_lidar) by extensions ['colcon_pkg']
[1.418s] Level 1:colcon.colcon_core.package_identification:_identify(src/py_lidar) by extension 'colcon_pkg'
[1.418s] Level 1:colcon.colcon_core.package_identification:_identify(src/py_lidar) by extensions ['colcon_meta']
[1.418s] Level 1:colcon.colcon_core.package_identification:_identify(src/py_lidar) by extension 'colcon_meta'
[1.418s] Level 1:colcon.colcon_core.package_identification:_identify(src/py_lidar) by extensions ['ros']
[1.418s] Level 1:colcon.colcon_core.package_identification:_identify(src/py_lidar) by extension 'ros'
[1.418s] DEBUG:colcon.colcon_core.package_identification:Package 'src/py_lidar' with type 'ros.ament_python' and name 'py_lidar'
[1.418s] Level 1:colcon.colcon_core.package_discovery:discover_packages(recursive) using defaults
[1.419s] Level 1:colcon.colcon_core.package_discovery:discover_packages(ignore) discover
[1.419s] Level 1:colcon.colcon_core.package_discovery:discover_packages(ignore) using defaults
[1.419s] Level 1:colcon.colcon_core.package_discovery:discover_packages(path) discover
[1.419s] Level 1:colcon.colcon_core.package_discovery:discover_packages(path) using defaults
[1.497s] INFO:colcon.colcon_core.package_selection:Skipping not selected package 'cpp_lidar' in 'src/cpp_lidar'
[1.543s] Level 1:colcon.colcon_core.package_discovery:discover_packages(prefix_path) check parameters
[1.543s] Level 1:colcon.colcon_core.package_discovery:discover_packages(prefix_path) discover
[1.566s] WARNING:colcon.colcon_ros.prefix_path.ament:The path '/home/ha/Desktop/ADS-Perception/lidar_ws/install/py_lidar' in the environment variable AMENT_PREFIX_PATH doesn't exist
[1.566s] WARNING:colcon.colcon_ros.prefix_path.catkin:The path '/home/ha/Desktop/ADS-Perception/lidar_ws/install/cpp_lidar' in the environment variable CMAKE_PREFIX_PATH doesn't exist
[1.589s] DEBUG:colcon.colcon_installed_package_information.package_discovery:Found 0 installed packages in /home/ha/Desktop/ADS-Perception/lidar_ws/install
[1.612s] DEBUG:colcon.colcon_installed_package_information.package_discovery:Found 1 installed packages in /home/ha/Desktop/ydlidar_ros2_ws/install
[1.635s] DEBUG:colcon.colcon_installed_package_information.package_discovery:Found 4 installed packages in /home/ha/Desktop/gcamp_ros2_ws/install
[1.659s] DEBUG:colcon.colcon_installed_package_information.package_discovery:Found 331 installed packages in /opt/ros/foxy
[1.660s] Level 1:colcon.colcon_core.package_discovery:discover_packages(prefix_path) using defaults
[1.760s] Level 5:colcon.colcon_core.verb:set package 'py_lidar' build argument 'cmake_args' from command line to 'None'
[1.760s] Level 5:colcon.colcon_core.verb:set package 'py_lidar' build argument 'cmake_target' from command line to 'None'
[1.760s] Level 5:colcon.colcon_core.verb:set package 'py_lidar' build argument 'cmake_target_skip_unavailable' from command line to 'False'
[1.760s] Level 5:colcon.colcon_core.verb:set package 'py_lidar' build argument 'cmake_clean_cache' from command line to 'False'
[1.760s] Level 5:colcon.colcon_core.verb:set package 'py_lidar' build argument 'cmake_clean_first' from command line to 'False'
[1.760s] Level 5:colcon.colcon_core.verb:set package 'py_lidar' build argument 'cmake_force_configure' from command line to 'False'
[1.760s] Level 5:colcon.colcon_core.verb:set package 'py_lidar' build argument 'ament_cmake_args' from command line to 'None'
[1.760s] Level 5:colcon.colcon_core.verb:set package 'py_lidar' build argument 'catkin_cmake_args' from command line to 'None'
[1.760s] Level 5:colcon.colcon_core.verb:set package 'py_lidar' build argument 'catkin_skip_building_tests' from command line to 'False'
[1.760s] DEBUG:colcon.colcon_core.verb:Building package 'py_lidar' with the following arguments: {'ament_cmake_args': None, 'build_base': '/home/ha/Desktop/ADS-Perception/lidar_ws/build/py_lidar', 'catkin_cmake_args': None, 'catkin_skip_building_tests': False, 'cmake_args': None, 'cmake_clean_cache': False, 'cmake_clean_first': False, 'cmake_force_configure': False, 'cmake_target': None, 'cmake_target_skip_unavailable': False, 'install_base': '/home/ha/Desktop/ADS-Perception/lidar_ws/install/py_lidar', 'merge_install': False, 'path': '/home/ha/Desktop/ADS-Perception/lidar_ws/src/py_lidar', 'symlink_install': True, 'test_result_base': None}
[1.783s] INFO:colcon.colcon_core.executor:Executing jobs using 'parallel' executor
[1.807s] DEBUG:colcon.colcon_parallel_executor.executor.parallel:run_until_complete
[1.807s] INFO:colcon.colcon_ros.task.ament_python.build:Building ROS package in '/home/ha/Desktop/ADS-Perception/lidar_ws/src/py_lidar' with build type 'ament_python'
[1.807s] Level 1:colcon.colcon_core.shell:create_environment_hook('py_lidar', 'ament_prefix_path')
[1.832s] INFO:colcon.colcon_core.plugin_system:Skipping extension 'colcon_core.shell.bat': Not used on non-Windows systems
[1.832s] INFO:colcon.colcon_core.shell:Creating environment hook '/home/ha/Desktop/ADS-Perception/lidar_ws/install/py_lidar/share/py_lidar/hook/ament_prefix_path.ps1'
[1.832s] INFO:colcon.colcon_core.shell:Creating environment descriptor '/home/ha/Desktop/ADS-Perception/lidar_ws/install/py_lidar/share/py_lidar/hook/ament_prefix_path.dsv'
[1.832s] INFO:colcon.colcon_core.shell:Creating environment hook '/home/ha/Desktop/ADS-Perception/lidar_ws/install/py_lidar/share/py_lidar/hook/ament_prefix_path.sh'
[1.856s] INFO:colcon.colcon_core.shell:Skip shell extension 'powershell' for command environment: Not usable outside of PowerShell
[1.856s] DEBUG:colcon.colcon_core.shell:Skip shell extension 'dsv' for command environment
[2.117s] INFO:colcon.colcon_core.task.python.build:Building Python package in '/home/ha/Desktop/ADS-Perception/lidar_ws/src/py_lidar'
[2.141s] INFO:colcon.colcon_core.shell:Skip shell extension 'powershell' for command environment: Not usable outside of PowerShell
[2.141s] DEBUG:colcon.colcon_core.shell:Skip shell extension 'dsv' for command environment
[2.497s] DEBUG:colcon.colcon_core.event_handler.log_command:Invoking command in '/home/ha/Desktop/ADS-Perception/lidar_ws/build/py_lidar': PYTHONPATH=/home/ha/Desktop/ADS-Perception/lidar_ws/build/py_lidar/prefix_override:/home/ha/Desktop/ADS-Perception/lidar_ws/install/py_lidar/lib/python3.8/site-packages:${PYTHONPATH} /usr/bin/python3 setup.py develop --editable --build-directory /home/ha/Desktop/ADS-Perception/lidar_ws/build/py_lidar/build --no-deps install_data
[2.776s] Level 1:colcon.colcon_core.shell:create_environment_hook('py_lidar', 'pythonpath_develop')
[2.776s] DEBUG:colcon.colcon_core.event_handler.log_command:Invoked command in '/home/ha/Desktop/ADS-Perception/lidar_ws/build/py_lidar' returned '0': PYTHONPATH=/home/ha/Desktop/ADS-Perception/lidar_ws/build/py_lidar/prefix_override:/home/ha/Desktop/ADS-Perception/lidar_ws/install/py_lidar/lib/python3.8/site-packages:${PYTHONPATH} /usr/bin/python3 setup.py develop --editable --build-directory /home/ha/Desktop/ADS-Perception/lidar_ws/build/py_lidar/build --no-deps install_data
[2.800s] INFO:colcon.colcon_core.shell:Creating environment hook '/home/ha/Desktop/ADS-Perception/lidar_ws/build/py_lidar/share/py_lidar/hook/pythonpath_develop.ps1'
[2.801s] INFO:colcon.colcon_core.shell:Creating environment descriptor '/home/ha/Desktop/ADS-Perception/lidar_ws/build/py_lidar/share/py_lidar/hook/pythonpath_develop.dsv'
[2.801s] INFO:colcon.colcon_core.shell:Creating environment hook '/home/ha/Desktop/ADS-Perception/lidar_ws/build/py_lidar/share/py_lidar/hook/pythonpath_develop.sh'
[2.825s] Level 1:colcon.colcon_core.environment:checking '/home/ha/Desktop/ADS-Perception/lidar_ws/install/py_lidar' for CMake module files
[2.826s] Level 1:colcon.colcon_core.environment:checking '/home/ha/Desktop/ADS-Perception/lidar_ws/install/py_lidar' for CMake config files
[2.826s] Level 1:colcon.colcon_core.environment:checking '/home/ha/Desktop/ADS-Perception/lidar_ws/install/py_lidar/lib'
[2.826s] Level 1:colcon.colcon_core.environment:checking '/home/ha/Desktop/ADS-Perception/lidar_ws/install/py_lidar/bin'
[2.826s] Level 1:colcon.colcon_core.environment:checking '/home/ha/Desktop/ADS-Perception/lidar_ws/install/py_lidar/lib/pkgconfig/py_lidar.pc'
[2.826s] Level 1:colcon.colcon_core.environment:checking '/home/ha/Desktop/ADS-Perception/lidar_ws/install/py_lidar/lib/python3.8/site-packages'
[2.826s] Level 1:colcon.colcon_core.shell:create_environment_hook('py_lidar', 'pythonpath')
[2.850s] INFO:colcon.colcon_core.shell:Creating environment hook '/home/ha/Desktop/ADS-Perception/lidar_ws/install/py_lidar/share/py_lidar/hook/pythonpath.ps1'
[2.851s] INFO:colcon.colcon_core.shell:Creating environment descriptor '/home/ha/Desktop/ADS-Perception/lidar_ws/install/py_lidar/share/py_lidar/hook/pythonpath.dsv'
[2.851s] INFO:colcon.colcon_core.shell:Creating environment hook '/home/ha/Desktop/ADS-Perception/lidar_ws/install/py_lidar/share/py_lidar/hook/pythonpath.sh'
[2.851s] Level 1:colcon.colcon_core.environment:checking '/home/ha/Desktop/ADS-Perception/lidar_ws/install/py_lidar/bin'
[2.851s] Level 1:colcon.colcon_core.environment:create_environment_scripts_only(py_lidar)
[2.874s] INFO:colcon.colcon_core.shell:Creating package script '/home/ha/Desktop/ADS-Perception/lidar_ws/install/py_lidar/share/py_lidar/package.ps1'
[2.875s] INFO:colcon.colcon_core.shell:Creating package descriptor '/home/ha/Desktop/ADS-Perception/lidar_ws/install/py_lidar/share/py_lidar/package.dsv'
[2.875s] INFO:colcon.colcon_core.shell:Creating package script '/home/ha/Desktop/ADS-Perception/lidar_ws/install/py_lidar/share/py_lidar/package.sh'
[2.876s] INFO:colcon.colcon_core.shell:Creating package script '/home/ha/Desktop/ADS-Perception/lidar_ws/install/py_lidar/share/py_lidar/package.bash'
[2.876s] INFO:colcon.colcon_core.shell:Creating package script '/home/ha/Desktop/ADS-Perception/lidar_ws/install/py_lidar/share/py_lidar/package.zsh'
[2.876s] Level 1:colcon.colcon_core.environment:create_file_with_runtime_dependencies(/home/ha/Desktop/ADS-Perception/lidar_ws/install/py_lidar/share/colcon-core/packages/py_lidar)
[2.876s] DEBUG:colcon.colcon_parallel_executor.executor.parallel:closing loop
[2.877s] DEBUG:colcon.colcon_parallel_executor.executor.parallel:loop closed
[2.877s] DEBUG:colcon.colcon_parallel_executor.executor.parallel:run_until_complete finished with '0'
[2.877s] DEBUG:colcon.colcon_core.event_reactor:joining thread
[2.903s] INFO:colcon.colcon_core.plugin_system:Skipping extension 'colcon_notification.desktop_notification.terminal_notifier': Not used on non-Darwin systems
[2.903s] INFO:colcon.colcon_core.plugin_system:Skipping extension 'colcon_notification.desktop_notification.win32': Not used on non-Windows systems
[2.904s] INFO:colcon.colcon_notification.desktop_notification:Sending desktop notification using 'notify2'
[2.914s] DEBUG:colcon.colcon_core.event_reactor:joined thread
[2.938s] INFO:colcon.colcon_core.shell:Creating prefix script '/home/ha/Desktop/ADS-Perception/lidar_ws/install/local_setup.ps1'
[2.938s] INFO:colcon.colcon_core.shell:Creating prefix util module '/home/ha/Desktop/ADS-Perception/lidar_ws/install/_local_setup_util_ps1.py'
[2.939s] INFO:colcon.colcon_core.shell:Creating prefix chain script '/home/ha/Desktop/ADS-Perception/lidar_ws/install/setup.ps1'
[2.963s] INFO:colcon.colcon_core.shell:Creating prefix script '/home/ha/Desktop/ADS-Perception/lidar_ws/install/local_setup.sh'
[2.963s] INFO:colcon.colcon_core.shell:Creating prefix util module '/home/ha/Desktop/ADS-Perception/lidar_ws/install/_local_setup_util_sh.py'
[2.963s] INFO:colcon.colcon_core.shell:Creating prefix chain script '/home/ha/Desktop/ADS-Perception/lidar_ws/install/setup.sh'
[2.987s] INFO:colcon.colcon_core.shell:Creating prefix script '/home/ha/Desktop/ADS-Perception/lidar_ws/install/local_setup.bash'
[2.988s] INFO:colcon.colcon_core.shell:Creating prefix chain script '/home/ha/Desktop/ADS-Perception/lidar_ws/install/setup.bash'
[3.012s] INFO:colcon.colcon_core.shell:Creating prefix script '/home/ha/Desktop/ADS-Perception/lidar_ws/install/local_setup.zsh'
[3.012s] INFO:colcon.colcon_core.shell:Creating prefix chain script '/home/ha/Desktop/ADS-Perception/lidar_ws/install/setup.zsh'
