[0.148s] Invoking command in '/home/ha/Desktop/ADS-Perception/lidar_ws/build/cpp_lidar': CMAKE_PREFIX_PATH=${CMAKE_PREFIX_PATH}:/home/ha/Desktop/ADS-Perception/lidar_ws/install/py_lidar:/home/ha/Desktop/gcamp_ros2_ws/install/py_topic_pkg:/opt/ros/foxy /usr/bin/cmake /home/ha/Desktop/ADS-Perception/lidar_ws/src/cpp_lidar -DAMENT_CMAKE_SYMLINK_INSTALL=1 -DCMAKE_INSTALL_PREFIX=/home/ha/Desktop/ADS-Perception/lidar_ws/install/cpp_lidar
[0.197s] -- The C compiler identification is GNU 9.4.0
[0.244s] -- The CXX compiler identification is GNU 9.4.0
[0.247s] -- Check for working C compiler: /usr/bin/cc
[0.306s] -- Check for working C compiler: /usr/bin/cc -- works
[0.307s] -- Detecting C compiler ABI info
[0.350s] -- Detecting C compiler ABI info - done
[0.358s] -- Detecting C compile features
[0.358s] -- Detecting C compile features - done
[0.360s] -- Check for working CXX compiler: /usr/bin/c++
[0.407s] -- Check for working CXX compiler: /usr/bin/c++ -- works
[0.408s] -- Detecting CXX compiler ABI info
[0.463s] -- Detecting CXX compiler ABI info - done
[0.470s] -- Detecting CXX compile features
[0.471s] -- Detecting CXX compile features - done
[0.472s] -- Found ament_cmake: 0.9.12 (/opt/ros/foxy/share/ament_cmake/cmake)
[0.494s] -- Found PythonInterp: /usr/bin/python3 (found suitable version "3.8.10", minimum required is "3") 
[0.494s] -- Using PYTHON_EXECUTABLE: /usr/bin/python3
[0.602s] -- Override CMake install command with custom implementation using symlinks instead of copying resources
[0.618s] -- Found rclcpp: 2.4.3 (/opt/ros/foxy/share/rclcpp/cmake)
[0.648s] -- Using all available rosidl_typesupport_c: rosidl_typesupport_fastrtps_c;rosidl_typesupport_introspection_c
[0.653s] -- Found rosidl_adapter: 1.3.1 (/opt/ros/foxy/share/rosidl_adapter/cmake)
[0.701s] -- Found OpenSSL: /usr/lib/x86_64-linux-gnu/libcrypto.so (found version "1.1.1f")  
[0.720s] -- Found FastRTPS: /opt/ros/foxy/include  
[0.771s] -- Using all available rosidl_typesupport_cpp: rosidl_typesupport_fastrtps_cpp;rosidl_typesupport_introspection_cpp
[0.808s] -- Found rmw_implementation_cmake: 1.0.4 (/opt/ros/foxy/share/rmw_implementation_cmake/cmake)
[0.809s] -- Using RMW implementation 'rmw_fastrtps_cpp' as default
[0.810s] -- Looking for pthread.h
[0.855s] -- Looking for pthread.h - found
[0.855s] -- Performing Test CMAKE_HAVE_LIBC_PTHREAD
[0.908s] -- Performing Test CMAKE_HAVE_LIBC_PTHREAD - Failed
[0.908s] -- Looking for pthread_create in pthreads
[0.945s] -- Looking for pthread_create in pthreads - not found
[0.945s] -- Looking for pthread_create in pthread
[0.993s] -- Looking for pthread_create in pthread - found
[0.993s] -- Found Threads: TRUE  
[1.099s] -- Found sensor_msgs: 2.0.5 (/opt/ros/foxy/share/sensor_msgs/cmake)
[1.219s] -- Configuring done
[1.223s] -- Generating done
[1.224s] -- Build files have been written to: /home/ha/Desktop/ADS-Perception/lidar_ws/build/cpp_lidar
[1.230s] Invoked command in '/home/ha/Desktop/ADS-Perception/lidar_ws/build/cpp_lidar' returned '0': CMAKE_PREFIX_PATH=${CMAKE_PREFIX_PATH}:/home/ha/Desktop/ADS-Perception/lidar_ws/install/py_lidar:/home/ha/Desktop/gcamp_ros2_ws/install/py_topic_pkg:/opt/ros/foxy /usr/bin/cmake /home/ha/Desktop/ADS-Perception/lidar_ws/src/cpp_lidar -DAMENT_CMAKE_SYMLINK_INSTALL=1 -DCMAKE_INSTALL_PREFIX=/home/ha/Desktop/ADS-Perception/lidar_ws/install/cpp_lidar
[1.232s] Invoking command in '/home/ha/Desktop/ADS-Perception/lidar_ws/build/cpp_lidar': CMAKE_PREFIX_PATH=${CMAKE_PREFIX_PATH}:/home/ha/Desktop/ADS-Perception/lidar_ws/install/py_lidar:/home/ha/Desktop/gcamp_ros2_ws/install/py_topic_pkg:/opt/ros/foxy /usr/bin/cmake --build /home/ha/Desktop/ADS-Perception/lidar_ws/build/cpp_lidar -- -j8 -l8
[1.259s] [35m[1mScanning dependencies of target cpp_lidar[0m
[1.279s] [ 50%] [32mBuilding CXX object CMakeFiles/cpp_lidar.dir/src/cpp_lidar.cpp.o[0m
[3.202s] [100%] [32m[1mLinking CXX executable cpp_lidar[0m
[3.302s] /usr/bin/ld: CMakeFiles/cpp_lidar.dir/src/cpp_lidar.cpp.o: in function `LidarPublisher::LidarPublisher()':
[3.302s] cpp_lidar.cpp:(.text._ZN14LidarPublisherC2Ev[_ZN14LidarPublisherC5Ev]+0x146): undefined reference to `CYdLidar::CYdLidar()'
[3.302s] /usr/bin/ld: cpp_lidar.cpp:(.text._ZN14LidarPublisherC2Ev[_ZN14LidarPublisherC5Ev]+0x38c): undefined reference to `CYdLidar::setlidaropt(int, void const*, int)'
[3.302s] /usr/bin/ld: cpp_lidar.cpp:(.text._ZN14LidarPublisherC2Ev[_ZN14LidarPublisherC5Ev]+0x3ca): undefined reference to `CYdLidar::setlidaropt(int, void const*, int)'
[3.302s] /usr/bin/ld: cpp_lidar.cpp:(.text._ZN14LidarPublisherC2Ev[_ZN14LidarPublisherC5Ev]+0x408): undefined reference to `CYdLidar::setlidaropt(int, void const*, int)'
[3.302s] /usr/bin/ld: cpp_lidar.cpp:(.text._ZN14LidarPublisherC2Ev[_ZN14LidarPublisherC5Ev]+0x446): undefined reference to `CYdLidar::setlidaropt(int, void const*, int)'
[3.302s] /usr/bin/ld: cpp_lidar.cpp:(.text._ZN14LidarPublisherC2Ev[_ZN14LidarPublisherC5Ev]+0x48a): undefined reference to `CYdLidar::setlidaropt(int, void const*, int)'
[3.302s] /usr/bin/ld: CMakeFiles/cpp_lidar.dir/src/cpp_lidar.cpp.o:cpp_lidar.cpp:(.text._ZN14LidarPublisherC2Ev[_ZN14LidarPublisherC5Ev]+0x4c8): more undefined references to `CYdLidar::setlidaropt(int, void const*, int)' follow
[3.303s] /usr/bin/ld: CMakeFiles/cpp_lidar.dir/src/cpp_lidar.cpp.o: in function `LidarPublisher::LidarPublisher()':
[3.303s] cpp_lidar.cpp:(.text._ZN14LidarPublisherC2Ev[_ZN14LidarPublisherC5Ev]+0x663): undefined reference to `CYdLidar::initialize()'
[3.303s] /usr/bin/ld: cpp_lidar.cpp:(.text._ZN14LidarPublisherC2Ev[_ZN14LidarPublisherC5Ev]+0x678): undefined reference to `CYdLidar::turnOn()'
[3.303s] /usr/bin/ld: cpp_lidar.cpp:(.text._ZN14LidarPublisherC2Ev[_ZN14LidarPublisherC5Ev]+0x69e): undefined reference to `CYdLidar::doProcessSimple(LaserScan&)'
[3.303s] /usr/bin/ld: cpp_lidar.cpp:(.text._ZN14LidarPublisherC2Ev[_ZN14LidarPublisherC5Ev]+0x850): undefined reference to `CYdLidar::~CYdLidar()'
[3.303s] /usr/bin/ld: CMakeFiles/cpp_lidar.dir/src/cpp_lidar.cpp.o: in function `LidarPublisher::~LidarPublisher()':
[3.303s] cpp_lidar.cpp:(.text._ZN14LidarPublisherD2Ev[_ZN14LidarPublisherD5Ev]+0x2c): undefined reference to `CYdLidar::turnOff()'
[3.303s] /usr/bin/ld: cpp_lidar.cpp:(.text._ZN14LidarPublisherD2Ev[_ZN14LidarPublisherD5Ev]+0x3e): undefined reference to `CYdLidar::disconnecting()'
[3.303s] /usr/bin/ld: cpp_lidar.cpp:(.text._ZN14LidarPublisherD2Ev[_ZN14LidarPublisherD5Ev]+0x74): undefined reference to `CYdLidar::~CYdLidar()'
[3.303s] /usr/bin/ld: CMakeFiles/cpp_lidar.dir/src/cpp_lidar.cpp.o: in function `LidarPublisher::callback()':
[3.303s] cpp_lidar.cpp:(.text._ZN14LidarPublisher8callbackEv[_ZN14LidarPublisher8callbackEv]+0x4a): undefined reference to `CYdLidar::doProcessSimple(LaserScan&)'
[3.303s] collect2: error: ld returned 1 exit status
[3.303s] make[2]: *** [CMakeFiles/cpp_lidar.dir/build.make:141: cpp_lidar] 오류 1
[3.303s] make[1]: *** [CMakeFiles/Makefile2:78: CMakeFiles/cpp_lidar.dir/all] 오류 2
[3.304s] make: *** [Makefile:141: all] 오류 2
[3.305s] Invoked command in '/home/ha/Desktop/ADS-Perception/lidar_ws/build/cpp_lidar' returned '2': CMAKE_PREFIX_PATH=${CMAKE_PREFIX_PATH}:/home/ha/Desktop/ADS-Perception/lidar_ws/install/py_lidar:/home/ha/Desktop/gcamp_ros2_ws/install/py_topic_pkg:/opt/ros/foxy /usr/bin/cmake --build /home/ha/Desktop/ADS-Perception/lidar_ws/build/cpp_lidar -- -j8 -l8
