[0.274s] Invoking command in '/home/ha/Desktop/ADS-Sense/lidar_ws/build/cpp_lidar': CMAKE_PREFIX_PATH=${CMAKE_PREFIX_PATH}:/home/ha/Desktop/gcamp_ros2_ws/install/py_topic_pkg:/opt/ros/foxy /usr/bin/cmake /home/ha/Desktop/ADS-Sense/lidar_ws/src/cpp_lidar -DAMENT_CMAKE_SYMLINK_INSTALL=1 -DCMAKE_INSTALL_PREFIX=/home/ha/Desktop/ADS-Sense/lidar_ws/install/cpp_lidar
[0.308s] -- The C compiler identification is GNU 9.4.0
[0.343s] -- The CXX compiler identification is GNU 9.4.0
[0.345s] -- Check for working C compiler: /usr/bin/cc
[0.389s] -- Check for working C compiler: /usr/bin/cc -- works
[0.389s] -- Detecting C compiler ABI info
[0.433s] -- Detecting C compiler ABI info - done
[0.440s] -- Detecting C compile features
[0.440s] -- Detecting C compile features - done
[0.442s] -- Check for working CXX compiler: /usr/bin/c++
[0.490s] -- Check for working CXX compiler: /usr/bin/c++ -- works
[0.491s] -- Detecting CXX compiler ABI info
[0.540s] -- Detecting CXX compiler ABI info - done
[0.547s] -- Detecting CXX compile features
[0.547s] -- Detecting CXX compile features - done
[0.548s] -- Found ament_cmake: 0.9.12 (/opt/ros/foxy/share/ament_cmake/cmake)
[0.568s] -- Found PythonInterp: /usr/bin/python3 (found suitable version "3.8.10", minimum required is "3") 
[0.568s] -- Using PYTHON_EXECUTABLE: /usr/bin/python3
[0.678s] -- Override CMake install command with custom implementation using symlinks instead of copying resources
[0.694s] -- Found rclcpp: 2.4.3 (/opt/ros/foxy/share/rclcpp/cmake)
[0.725s] -- Using all available rosidl_typesupport_c: rosidl_typesupport_fastrtps_c;rosidl_typesupport_introspection_c
[0.730s] -- Found rosidl_adapter: 1.3.1 (/opt/ros/foxy/share/rosidl_adapter/cmake)
[0.781s] -- Found OpenSSL: /usr/lib/x86_64-linux-gnu/libcrypto.so (found version "1.1.1f")  
[0.801s] -- Found FastRTPS: /opt/ros/foxy/include  
[0.852s] -- Using all available rosidl_typesupport_cpp: rosidl_typesupport_fastrtps_cpp;rosidl_typesupport_introspection_cpp
[0.889s] -- Found rmw_implementation_cmake: 1.0.4 (/opt/ros/foxy/share/rmw_implementation_cmake/cmake)
[0.890s] -- Using RMW implementation 'rmw_fastrtps_cpp' as default
[0.890s] -- Looking for pthread.h
[0.936s] -- Looking for pthread.h - found
[0.936s] -- Performing Test CMAKE_HAVE_LIBC_PTHREAD
[0.983s] -- Performing Test CMAKE_HAVE_LIBC_PTHREAD - Failed
[0.983s] -- Looking for pthread_create in pthreads
[1.023s] -- Looking for pthread_create in pthreads - not found
[1.023s] -- Looking for pthread_create in pthread
[1.071s] -- Looking for pthread_create in pthread - found
[1.072s] -- Found Threads: TRUE  
[1.210s] -- Configuring done
[1.215s] -- Generating done
[1.215s] -- Build files have been written to: /home/ha/Desktop/ADS-Sense/lidar_ws/build/cpp_lidar
[1.220s] Invoked command in '/home/ha/Desktop/ADS-Sense/lidar_ws/build/cpp_lidar' returned '0': CMAKE_PREFIX_PATH=${CMAKE_PREFIX_PATH}:/home/ha/Desktop/gcamp_ros2_ws/install/py_topic_pkg:/opt/ros/foxy /usr/bin/cmake /home/ha/Desktop/ADS-Sense/lidar_ws/src/cpp_lidar -DAMENT_CMAKE_SYMLINK_INSTALL=1 -DCMAKE_INSTALL_PREFIX=/home/ha/Desktop/ADS-Sense/lidar_ws/install/cpp_lidar
[1.222s] Invoking command in '/home/ha/Desktop/ADS-Sense/lidar_ws/build/cpp_lidar': CMAKE_PREFIX_PATH=${CMAKE_PREFIX_PATH}:/home/ha/Desktop/gcamp_ros2_ws/install/py_topic_pkg:/opt/ros/foxy /usr/bin/cmake --build /home/ha/Desktop/ADS-Sense/lidar_ws/build/cpp_lidar -- -j8 -l8
[1.248s] [35m[1mScanning dependencies of target cpp_lidar[0m
[1.278s] [ 50%] [32mBuilding CXX object CMakeFiles/cpp_lidar.dir/src/cpp_lidar.cpp.o[0m
[3.061s] [100%] [32m[1mLinking CXX executable cpp_lidar[0m
[3.155s] [100%] Built target cpp_lidar
[3.163s] Invoked command in '/home/ha/Desktop/ADS-Sense/lidar_ws/build/cpp_lidar' returned '0': CMAKE_PREFIX_PATH=${CMAKE_PREFIX_PATH}:/home/ha/Desktop/gcamp_ros2_ws/install/py_topic_pkg:/opt/ros/foxy /usr/bin/cmake --build /home/ha/Desktop/ADS-Sense/lidar_ws/build/cpp_lidar -- -j8 -l8
[3.186s] Invoking command in '/home/ha/Desktop/ADS-Sense/lidar_ws/build/cpp_lidar': CMAKE_PREFIX_PATH=${CMAKE_PREFIX_PATH}:/home/ha/Desktop/gcamp_ros2_ws/install/py_topic_pkg:/opt/ros/foxy /usr/bin/cmake --install /home/ha/Desktop/ADS-Sense/lidar_ws/build/cpp_lidar
[3.192s] -- Install configuration: ""
[3.192s] -- Execute custom install script
[3.193s] -- Symlinking: /home/ha/Desktop/ADS-Sense/lidar_ws/install/cpp_lidar/lib/cpp_lidar/cpp_lidar
[3.200s] -- Symlinking: /home/ha/Desktop/ADS-Sense/lidar_ws/install/cpp_lidar/share/ament_index/resource_index/package_run_dependencies/cpp_lidar
[3.205s] -- Symlinking: /home/ha/Desktop/ADS-Sense/lidar_ws/install/cpp_lidar/share/ament_index/resource_index/parent_prefix_path/cpp_lidar
[3.210s] -- Symlinking: /home/ha/Desktop/ADS-Sense/lidar_ws/install/cpp_lidar/share/cpp_lidar/environment/ament_prefix_path.sh
[3.215s] -- Symlinking: /home/ha/Desktop/ADS-Sense/lidar_ws/install/cpp_lidar/share/cpp_lidar/environment/ament_prefix_path.dsv
[3.221s] -- Symlinking: /home/ha/Desktop/ADS-Sense/lidar_ws/install/cpp_lidar/share/cpp_lidar/environment/path.sh
[3.226s] -- Symlinking: /home/ha/Desktop/ADS-Sense/lidar_ws/install/cpp_lidar/share/cpp_lidar/environment/path.dsv
[3.231s] -- Symlinking: /home/ha/Desktop/ADS-Sense/lidar_ws/install/cpp_lidar/share/cpp_lidar/local_setup.bash
[3.237s] -- Symlinking: /home/ha/Desktop/ADS-Sense/lidar_ws/install/cpp_lidar/share/cpp_lidar/local_setup.sh
[3.242s] -- Symlinking: /home/ha/Desktop/ADS-Sense/lidar_ws/install/cpp_lidar/share/cpp_lidar/local_setup.zsh
[3.247s] -- Symlinking: /home/ha/Desktop/ADS-Sense/lidar_ws/install/cpp_lidar/share/cpp_lidar/local_setup.dsv
[3.253s] -- Symlinking: /home/ha/Desktop/ADS-Sense/lidar_ws/install/cpp_lidar/share/cpp_lidar/package.dsv
[3.259s] -- Symlinking: /home/ha/Desktop/ADS-Sense/lidar_ws/install/cpp_lidar/share/ament_index/resource_index/packages/cpp_lidar
[3.264s] -- Symlinking: /home/ha/Desktop/ADS-Sense/lidar_ws/install/cpp_lidar/share/cpp_lidar/cmake/cpp_lidarConfig.cmake
[3.270s] -- Symlinking: /home/ha/Desktop/ADS-Sense/lidar_ws/install/cpp_lidar/share/cpp_lidar/cmake/cpp_lidarConfig-version.cmake
[3.277s] -- Symlinking: /home/ha/Desktop/ADS-Sense/lidar_ws/install/cpp_lidar/share/cpp_lidar/package.xml
[3.287s] Invoked command in '/home/ha/Desktop/ADS-Sense/lidar_ws/build/cpp_lidar' returned '0': CMAKE_PREFIX_PATH=${CMAKE_PREFIX_PATH}:/home/ha/Desktop/gcamp_ros2_ws/install/py_topic_pkg:/opt/ros/foxy /usr/bin/cmake --install /home/ha/Desktop/ADS-Sense/lidar_ws/build/cpp_lidar
