[0.692s] Invoking command in '/home/ha/Desktop/ADS-Sense/lidar_ws/build/py_lidar': PYTHONPATH=/home/ha/Desktop/ADS-Sense/lidar_ws/build/py_lidar/prefix_override:/home/ha/Desktop/ADS-Sense/lidar_ws/install/py_lidar/lib/python3.8/site-packages:${PYTHONPATH} /usr/bin/python3 setup.py develop --editable --build-directory /home/ha/Desktop/ADS-Sense/lidar_ws/build/py_lidar/build --no-deps install_data
[0.826s] running develop
[0.909s] running egg_info
[0.909s] creating py_lidar.egg-info
[0.909s] writing py_lidar.egg-info/PKG-INFO
[0.909s] writing dependency_links to py_lidar.egg-info/dependency_links.txt
[0.909s] writing entry points to py_lidar.egg-info/entry_points.txt
[0.909s] writing requirements to py_lidar.egg-info/requires.txt
[0.910s] writing top-level names to py_lidar.egg-info/top_level.txt
[0.911s] writing manifest file 'py_lidar.egg-info/SOURCES.txt'
[0.930s] reading manifest file 'py_lidar.egg-info/SOURCES.txt'
[0.930s] writing manifest file 'py_lidar.egg-info/SOURCES.txt'
[0.951s] running build_ext
[0.951s] Creating /home/ha/Desktop/ADS-Sense/lidar_ws/install/py_lidar/lib/python3.8/site-packages/site.py
[0.952s] Creating /home/ha/Desktop/ADS-Sense/lidar_ws/install/py_lidar/lib/python3.8/site-packages/py-lidar.egg-link (link to .)
[0.953s] Installing py_lidar script to /home/ha/Desktop/ADS-Sense/lidar_ws/install/py_lidar/lib/py_lidar
[0.953s] 
[0.953s] Installed /home/ha/Desktop/ADS-Sense/lidar_ws/build/py_lidar
[0.953s] running install_data
[0.953s] creating /home/ha/Desktop/ADS-Sense/lidar_ws/install/py_lidar/share/ament_index
[0.953s] creating /home/ha/Desktop/ADS-Sense/lidar_ws/install/py_lidar/share/ament_index/resource_index
[0.953s] creating /home/ha/Desktop/ADS-Sense/lidar_ws/install/py_lidar/share/ament_index/resource_index/packages
[0.953s] copying resource/py_lidar -> /home/ha/Desktop/ADS-Sense/lidar_ws/install/py_lidar/share/ament_index/resource_index/packages
[0.953s] copying package.xml -> /home/ha/Desktop/ADS-Sense/lidar_ws/install/py_lidar/share/py_lidar
[0.972s] Invoked command in '/home/ha/Desktop/ADS-Sense/lidar_ws/build/py_lidar' returned '0': PYTHONPATH=/home/ha/Desktop/ADS-Sense/lidar_ws/build/py_lidar/prefix_override:/home/ha/Desktop/ADS-Sense/lidar_ws/install/py_lidar/lib/python3.8/site-packages:${PYTHONPATH} /usr/bin/python3 setup.py develop --editable --build-directory /home/ha/Desktop/ADS-Sense/lidar_ws/build/py_lidar/build --no-deps install_data
