[0.690s] Invoking command in '/home/ha/Desktop/ADS-Perception/lidar_ws/build/py_lidar': PYTHONPATH=/home/ha/Desktop/ADS-Perception/lidar_ws/build/py_lidar/prefix_override:/home/ha/Desktop/ADS-Perception/lidar_ws/install/py_lidar/lib/python3.8/site-packages:${PYTHONPATH} /usr/bin/python3 setup.py develop --editable --build-directory /home/ha/Desktop/ADS-Perception/lidar_ws/build/py_lidar/build --no-deps install_data
[0.826s] running develop
[0.902s] running egg_info
[0.902s] creating py_lidar.egg-info
[0.902s] writing py_lidar.egg-info/PKG-INFO
[0.902s] writing dependency_links to py_lidar.egg-info/dependency_links.txt
[0.902s] writing entry points to py_lidar.egg-info/entry_points.txt
[0.902s] writing requirements to py_lidar.egg-info/requires.txt
[0.902s] writing top-level names to py_lidar.egg-info/top_level.txt
[0.910s] writing manifest file 'py_lidar.egg-info/SOURCES.txt'
[0.928s] reading manifest file 'py_lidar.egg-info/SOURCES.txt'
[0.928s] writing manifest file 'py_lidar.egg-info/SOURCES.txt'
[0.948s] running build_ext
[0.948s] Creating /home/ha/Desktop/ADS-Perception/lidar_ws/install/py_lidar/lib/python3.8/site-packages/site.py
[0.949s] Creating /home/ha/Desktop/ADS-Perception/lidar_ws/install/py_lidar/lib/python3.8/site-packages/py-lidar.egg-link (link to .)
[0.950s] Installing py_lidar script to /home/ha/Desktop/ADS-Perception/lidar_ws/install/py_lidar/lib/py_lidar
[0.950s] 
[0.950s] Installed /home/ha/Desktop/ADS-Perception/lidar_ws/build/py_lidar
[0.950s] running install_data
[0.950s] creating /home/ha/Desktop/ADS-Perception/lidar_ws/install/py_lidar/share/ament_index
[0.950s] creating /home/ha/Desktop/ADS-Perception/lidar_ws/install/py_lidar/share/ament_index/resource_index
[0.950s] creating /home/ha/Desktop/ADS-Perception/lidar_ws/install/py_lidar/share/ament_index/resource_index/packages
[0.950s] copying resource/py_lidar -> /home/ha/Desktop/ADS-Perception/lidar_ws/install/py_lidar/share/ament_index/resource_index/packages
[0.950s] copying package.xml -> /home/ha/Desktop/ADS-Perception/lidar_ws/install/py_lidar/share/py_lidar
[0.969s] Invoked command in '/home/ha/Desktop/ADS-Perception/lidar_ws/build/py_lidar' returned '0': PYTHONPATH=/home/ha/Desktop/ADS-Perception/lidar_ws/build/py_lidar/prefix_override:/home/ha/Desktop/ADS-Perception/lidar_ws/install/py_lidar/lib/python3.8/site-packages:${PYTHONPATH} /usr/bin/python3 setup.py develop --editable --build-directory /home/ha/Desktop/ADS-Perception/lidar_ws/build/py_lidar/build --no-deps install_data
