[1.456s] DEBUG:colcon:Command line arguments: ['/usr/bin/colcon', 'build', '--symlink-install']
[1.456s] DEBUG:colcon:Parsed command line arguments: Namespace(allow_overriding=[], ament_cmake_args=None, base_paths=['.'], build_base='build', catkin_cmake_args=None, catkin_skip_building_tests=False, cmake_args=None, cmake_clean_cache=False, cmake_clean_first=False, cmake_force_configure=False, cmake_target=None, cmake_target_skip_unavailable=False, continue_on_error=False, event_handlers=None, executor='parallel', ignore_user_meta=False, install_base='install', log_base=None, log_level=None, main=<bound method BuildVerb.main of <colcon_core.verb.build.BuildVerb object at 0x7fe77014dd90>>, merge_install=False, metas=['./colcon.meta'], packages_above=None, packages_above_and_dependencies=None, packages_above_depth=None, packages_end=None, packages_ignore=None, packages_ignore_regex=None, packages_select=None, packages_select_build_failed=False, packages_select_by_dep=None, packages_select_regex=None, packages_select_test_failures=False, packages_skip=None, packages_skip_build_finished=False, packages_skip_by_dep=None, packages_skip_regex=None, packages_skip_test_passed=False, packages_skip_up_to=None, packages_start=None, packages_up_to=None, packages_up_to_regex=None, parallel_workers=8, paths=None, symlink_install=True, test_result_base=None, verb_extension=<colcon_core.verb.build.BuildVerb object at 0x7fe77014dd90>, verb_name='build', verb_parser=<colcon_defaults.argument_parser.defaults.DefaultArgumentsDecorator object at 0x7fe77014d640>)
[1.525s] Level 1:colcon.colcon_core.package_discovery:discover_packages(colcon_meta) check parameters
[1.525s] Level 1:colcon.colcon_core.package_discovery:discover_packages(recursive) check parameters
[1.525s] Level 1:colcon.colcon_core.package_discovery:discover_packages(ignore) check parameters
[1.525s] Level 1:colcon.colcon_core.package_discovery:discover_packages(path) check parameters
[1.525s] Level 1:colcon.colcon_core.package_discovery:discover_packages(colcon_meta) discover
[1.525s] Level 1:colcon.colcon_core.package_discovery:discover_packages(recursive) discover
[1.526s] INFO:colcon.colcon_core.package_discovery:Crawling recursively for packages in '/home/ha/Desktop/ADS-Perception/piracer_ws'
[1.526s] Level 1:colcon.colcon_core.package_identification:_identify(.) by extensions ['ignore', 'ignore_ament_install']
[1.526s] Level 1:colcon.colcon_core.package_identification:_identify(.) by extension 'ignore'
[1.526s] Level 1:colcon.colcon_core.package_identification:_identify(.) by extension 'ignore_ament_install'
[1.526s] Level 1:colcon.colcon_core.package_identification:_identify(.) by extensions ['colcon_pkg']
[1.526s] Level 1:colcon.colcon_core.package_identification:_identify(.) by extension 'colcon_pkg'
[1.526s] Level 1:colcon.colcon_core.package_identification:_identify(.) by extensions ['colcon_meta']
[1.526s] Level 1:colcon.colcon_core.package_identification:_identify(.) by extension 'colcon_meta'
[1.526s] Level 1:colcon.colcon_core.package_identification:_identify(.) by extensions ['ros']
[1.526s] Level 1:colcon.colcon_core.package_identification:_identify(.) by extension 'ros'
[1.533s] Level 1:colcon.colcon_core.package_identification:_identify(.) by extensions ['cmake', 'python']
[1.533s] Level 1:colcon.colcon_core.package_identification:_identify(.) by extension 'cmake'
[1.533s] Level 1:colcon.colcon_core.package_identification:_identify(.) by extension 'python'
[1.533s] Level 1:colcon.colcon_core.package_identification:_identify(.) by extensions ['python_setup_py']
[1.533s] Level 1:colcon.colcon_core.package_identification:_identify(.) by extension 'python_setup_py'
[1.533s] Level 1:colcon.colcon_core.package_identification:_identify(build) by extensions ['ignore', 'ignore_ament_install']
[1.533s] Level 1:colcon.colcon_core.package_identification:_identify(build) by extension 'ignore'
[1.534s] Level 1:colcon.colcon_core.package_identification:_identify(build) ignored
[1.534s] Level 1:colcon.colcon_core.package_identification:_identify(install) by extensions ['ignore', 'ignore_ament_install']
[1.534s] Level 1:colcon.colcon_core.package_identification:_identify(install) by extension 'ignore'
[1.534s] Level 1:colcon.colcon_core.package_identification:_identify(install) ignored
[1.534s] Level 1:colcon.colcon_core.package_identification:_identify(log) by extensions ['ignore', 'ignore_ament_install']
[1.534s] Level 1:colcon.colcon_core.package_identification:_identify(log) by extension 'ignore'
[1.534s] Level 1:colcon.colcon_core.package_identification:_identify(log) ignored
[1.534s] Level 1:colcon.colcon_core.package_identification:_identify(src) by extensions ['ignore', 'ignore_ament_install']
[1.534s] Level 1:colcon.colcon_core.package_identification:_identify(src) by extension 'ignore'
[1.534s] Level 1:colcon.colcon_core.package_identification:_identify(src) by extension 'ignore_ament_install'
[1.534s] Level 1:colcon.colcon_core.package_identification:_identify(src) by extensions ['colcon_pkg']
[1.534s] Level 1:colcon.colcon_core.package_identification:_identify(src) by extension 'colcon_pkg'
[1.534s] Level 1:colcon.colcon_core.package_identification:_identify(src) by extensions ['colcon_meta']
[1.534s] Level 1:colcon.colcon_core.package_identification:_identify(src) by extension 'colcon_meta'
[1.534s] Level 1:colcon.colcon_core.package_identification:_identify(src) by extensions ['ros']
[1.534s] Level 1:colcon.colcon_core.package_identification:_identify(src) by extension 'ros'
[1.534s] Level 1:colcon.colcon_core.package_identification:_identify(src) by extensions ['cmake', 'python']
[1.534s] Level 1:colcon.colcon_core.package_identification:_identify(src) by extension 'cmake'
[1.534s] Level 1:colcon.colcon_core.package_identification:_identify(src) by extension 'python'
[1.534s] Level 1:colcon.colcon_core.package_identification:_identify(src) by extensions ['python_setup_py']
[1.534s] Level 1:colcon.colcon_core.package_identification:_identify(src) by extension 'python_setup_py'
[1.534s] Level 1:colcon.colcon_core.package_identification:_identify(src/teleop) by extensions ['ignore', 'ignore_ament_install']
[1.534s] Level 1:colcon.colcon_core.package_identification:_identify(src/teleop) by extension 'ignore'
[1.534s] Level 1:colcon.colcon_core.package_identification:_identify(src/teleop) by extension 'ignore_ament_install'
[1.534s] Level 1:colcon.colcon_core.package_identification:_identify(src/teleop) by extensions ['colcon_pkg']
[1.534s] Level 1:colcon.colcon_core.package_identification:_identify(src/teleop) by extension 'colcon_pkg'
[1.534s] Level 1:colcon.colcon_core.package_identification:_identify(src/teleop) by extensions ['colcon_meta']
[1.534s] Level 1:colcon.colcon_core.package_identification:_identify(src/teleop) by extension 'colcon_meta'
[1.534s] Level 1:colcon.colcon_core.package_identification:_identify(src/teleop) by extensions ['ros']
[1.534s] Level 1:colcon.colcon_core.package_identification:_identify(src/teleop) by extension 'ros'
[1.536s] DEBUG:colcon.colcon_core.package_identification:Package 'src/teleop' with type 'ros.ament_python' and name 'teleop'
[1.536s] Level 1:colcon.colcon_core.package_discovery:discover_packages(recursive) using defaults
[1.536s] Level 1:colcon.colcon_core.package_discovery:discover_packages(ignore) discover
[1.536s] Level 1:colcon.colcon_core.package_discovery:discover_packages(ignore) using defaults
[1.536s] Level 1:colcon.colcon_core.package_discovery:discover_packages(path) discover
[1.536s] Level 1:colcon.colcon_core.package_discovery:discover_packages(path) using defaults
[1.674s] Level 1:colcon.colcon_core.package_discovery:discover_packages(prefix_path) check parameters
[1.674s] Level 1:colcon.colcon_core.package_discovery:discover_packages(prefix_path) discover
[1.725s] DEBUG:colcon.colcon_installed_package_information.package_discovery:Found 1 installed packages in /home/ha/Desktop/ydlidar_ros2_ws/install
[1.751s] DEBUG:colcon.colcon_installed_package_information.package_discovery:Found 4 installed packages in /home/ha/Desktop/gcamp_ros2_ws/install
[1.776s] DEBUG:colcon.colcon_installed_package_information.package_discovery:Found 331 installed packages in /opt/ros/foxy
[1.777s] Level 1:colcon.colcon_core.package_discovery:discover_packages(prefix_path) using defaults
[1.886s] Level 5:colcon.colcon_core.verb:set package 'teleop' build argument 'cmake_args' from command line to 'None'
[1.886s] Level 5:colcon.colcon_core.verb:set package 'teleop' build argument 'cmake_target' from command line to 'None'
[1.886s] Level 5:colcon.colcon_core.verb:set package 'teleop' build argument 'cmake_target_skip_unavailable' from command line to 'False'
[1.886s] Level 5:colcon.colcon_core.verb:set package 'teleop' build argument 'cmake_clean_cache' from command line to 'False'
[1.886s] Level 5:colcon.colcon_core.verb:set package 'teleop' build argument 'cmake_clean_first' from command line to 'False'
[1.886s] Level 5:colcon.colcon_core.verb:set package 'teleop' build argument 'cmake_force_configure' from command line to 'False'
[1.886s] Level 5:colcon.colcon_core.verb:set package 'teleop' build argument 'ament_cmake_args' from command line to 'None'
[1.886s] Level 5:colcon.colcon_core.verb:set package 'teleop' build argument 'catkin_cmake_args' from command line to 'None'
[1.886s] Level 5:colcon.colcon_core.verb:set package 'teleop' build argument 'catkin_skip_building_tests' from command line to 'False'
[1.886s] DEBUG:colcon.colcon_core.verb:Building package 'teleop' with the following arguments: {'ament_cmake_args': None, 'build_base': '/home/ha/Desktop/ADS-Perception/piracer_ws/build/teleop', 'catkin_cmake_args': None, 'catkin_skip_building_tests': False, 'cmake_args': None, 'cmake_clean_cache': False, 'cmake_clean_first': False, 'cmake_force_configure': False, 'cmake_target': None, 'cmake_target_skip_unavailable': False, 'install_base': '/home/ha/Desktop/ADS-Perception/piracer_ws/install/teleop', 'merge_install': False, 'path': '/home/ha/Desktop/ADS-Perception/piracer_ws/src/teleop', 'symlink_install': True, 'test_result_base': None}
[1.910s] INFO:colcon.colcon_core.executor:Executing jobs using 'parallel' executor
[1.935s] DEBUG:colcon.colcon_parallel_executor.executor.parallel:run_until_complete
[1.936s] INFO:colcon.colcon_ros.task.ament_python.build:Building ROS package in '/home/ha/Desktop/ADS-Perception/piracer_ws/src/teleop' with build type 'ament_python'
[1.936s] Level 1:colcon.colcon_core.shell:create_environment_hook('teleop', 'ament_prefix_path')
[1.964s] INFO:colcon.colcon_core.plugin_system:Skipping extension 'colcon_core.shell.bat': Not used on non-Windows systems
[1.964s] INFO:colcon.colcon_core.shell:Creating environment hook '/home/ha/Desktop/ADS-Perception/piracer_ws/install/teleop/share/teleop/hook/ament_prefix_path.ps1'
[1.964s] INFO:colcon.colcon_core.shell:Creating environment descriptor '/home/ha/Desktop/ADS-Perception/piracer_ws/install/teleop/share/teleop/hook/ament_prefix_path.dsv'
[1.964s] INFO:colcon.colcon_core.shell:Creating environment hook '/home/ha/Desktop/ADS-Perception/piracer_ws/install/teleop/share/teleop/hook/ament_prefix_path.sh'
[1.991s] INFO:colcon.colcon_core.shell:Skip shell extension 'powershell' for command environment: Not usable outside of PowerShell
[1.991s] DEBUG:colcon.colcon_core.shell:Skip shell extension 'dsv' for command environment
[2.243s] INFO:colcon.colcon_core.task.python.build:Building Python package in '/home/ha/Desktop/ADS-Perception/piracer_ws/src/teleop'
[2.269s] INFO:colcon.colcon_core.shell:Skip shell extension 'powershell' for command environment: Not usable outside of PowerShell
[2.269s] DEBUG:colcon.colcon_core.shell:Skip shell extension 'dsv' for command environment
[2.625s] DEBUG:colcon.colcon_core.event_handler.log_command:Invoking command in '/home/ha/Desktop/ADS-Perception/piracer_ws/build/teleop': PYTHONPATH=/home/ha/Desktop/ADS-Perception/piracer_ws/build/teleop/prefix_override:/home/ha/Desktop/ADS-Perception/piracer_ws/install/teleop/lib/python3.8/site-packages:${PYTHONPATH} /usr/bin/python3 setup.py develop --editable --build-directory /home/ha/Desktop/ADS-Perception/piracer_ws/build/teleop/build --no-deps install_data
[2.913s] Level 1:colcon.colcon_core.shell:create_environment_hook('teleop', 'pythonpath_develop')
[2.914s] DEBUG:colcon.colcon_core.event_handler.log_command:Invoked command in '/home/ha/Desktop/ADS-Perception/piracer_ws/build/teleop' returned '0': PYTHONPATH=/home/ha/Desktop/ADS-Perception/piracer_ws/build/teleop/prefix_override:/home/ha/Desktop/ADS-Perception/piracer_ws/install/teleop/lib/python3.8/site-packages:${PYTHONPATH} /usr/bin/python3 setup.py develop --editable --build-directory /home/ha/Desktop/ADS-Perception/piracer_ws/build/teleop/build --no-deps install_data
[2.938s] INFO:colcon.colcon_core.shell:Creating environment hook '/home/ha/Desktop/ADS-Perception/piracer_ws/build/teleop/share/teleop/hook/pythonpath_develop.ps1'
[2.939s] INFO:colcon.colcon_core.shell:Creating environment descriptor '/home/ha/Desktop/ADS-Perception/piracer_ws/build/teleop/share/teleop/hook/pythonpath_develop.dsv'
[2.939s] INFO:colcon.colcon_core.shell:Creating environment hook '/home/ha/Desktop/ADS-Perception/piracer_ws/build/teleop/share/teleop/hook/pythonpath_develop.sh'
[2.971s] Level 1:colcon.colcon_core.environment:checking '/home/ha/Desktop/ADS-Perception/piracer_ws/install/teleop' for CMake module files
[2.971s] Level 1:colcon.colcon_core.environment:checking '/home/ha/Desktop/ADS-Perception/piracer_ws/install/teleop' for CMake config files
[2.971s] Level 1:colcon.colcon_core.environment:checking '/home/ha/Desktop/ADS-Perception/piracer_ws/install/teleop/lib'
[2.972s] Level 1:colcon.colcon_core.environment:checking '/home/ha/Desktop/ADS-Perception/piracer_ws/install/teleop/bin'
[2.972s] Level 1:colcon.colcon_core.environment:checking '/home/ha/Desktop/ADS-Perception/piracer_ws/install/teleop/lib/pkgconfig/teleop.pc'
[2.972s] Level 1:colcon.colcon_core.environment:checking '/home/ha/Desktop/ADS-Perception/piracer_ws/install/teleop/lib/python3.8/site-packages'
[2.972s] Level 1:colcon.colcon_core.shell:create_environment_hook('teleop', 'pythonpath')
[3.008s] INFO:colcon.colcon_core.shell:Creating environment hook '/home/ha/Desktop/ADS-Perception/piracer_ws/install/teleop/share/teleop/hook/pythonpath.ps1'
[3.008s] INFO:colcon.colcon_core.shell:Creating environment descriptor '/home/ha/Desktop/ADS-Perception/piracer_ws/install/teleop/share/teleop/hook/pythonpath.dsv'
[3.008s] INFO:colcon.colcon_core.shell:Creating environment hook '/home/ha/Desktop/ADS-Perception/piracer_ws/install/teleop/share/teleop/hook/pythonpath.sh'
[3.009s] Level 1:colcon.colcon_core.environment:checking '/home/ha/Desktop/ADS-Perception/piracer_ws/install/teleop/bin'
[3.009s] Level 1:colcon.colcon_core.environment:create_environment_scripts_only(teleop)
[3.032s] INFO:colcon.colcon_core.shell:Creating package script '/home/ha/Desktop/ADS-Perception/piracer_ws/install/teleop/share/teleop/package.ps1'
[3.033s] INFO:colcon.colcon_core.shell:Creating package descriptor '/home/ha/Desktop/ADS-Perception/piracer_ws/install/teleop/share/teleop/package.dsv'
[3.033s] INFO:colcon.colcon_core.shell:Creating package script '/home/ha/Desktop/ADS-Perception/piracer_ws/install/teleop/share/teleop/package.sh'
[3.034s] INFO:colcon.colcon_core.shell:Creating package script '/home/ha/Desktop/ADS-Perception/piracer_ws/install/teleop/share/teleop/package.bash'
[3.034s] INFO:colcon.colcon_core.shell:Creating package script '/home/ha/Desktop/ADS-Perception/piracer_ws/install/teleop/share/teleop/package.zsh'
[3.034s] Level 1:colcon.colcon_core.environment:create_file_with_runtime_dependencies(/home/ha/Desktop/ADS-Perception/piracer_ws/install/teleop/share/colcon-core/packages/teleop)
[3.035s] DEBUG:colcon.colcon_parallel_executor.executor.parallel:closing loop
[3.035s] DEBUG:colcon.colcon_parallel_executor.executor.parallel:loop closed
[3.035s] DEBUG:colcon.colcon_parallel_executor.executor.parallel:run_until_complete finished with '0'
[3.035s] DEBUG:colcon.colcon_core.event_reactor:joining thread
[3.063s] INFO:colcon.colcon_core.plugin_system:Skipping extension 'colcon_notification.desktop_notification.terminal_notifier': Not used on non-Darwin systems
[3.063s] INFO:colcon.colcon_core.plugin_system:Skipping extension 'colcon_notification.desktop_notification.win32': Not used on non-Windows systems
[3.063s] INFO:colcon.colcon_notification.desktop_notification:Sending desktop notification using 'notify2'
[3.073s] DEBUG:colcon.colcon_core.event_reactor:joined thread
[3.097s] INFO:colcon.colcon_core.shell:Creating prefix script '/home/ha/Desktop/ADS-Perception/piracer_ws/install/local_setup.ps1'
[3.098s] INFO:colcon.colcon_core.shell:Creating prefix util module '/home/ha/Desktop/ADS-Perception/piracer_ws/install/_local_setup_util_ps1.py'
[3.099s] INFO:colcon.colcon_core.shell:Creating prefix chain script '/home/ha/Desktop/ADS-Perception/piracer_ws/install/setup.ps1'
[3.123s] INFO:colcon.colcon_core.shell:Creating prefix script '/home/ha/Desktop/ADS-Perception/piracer_ws/install/local_setup.sh'
[3.124s] INFO:colcon.colcon_core.shell:Creating prefix util module '/home/ha/Desktop/ADS-Perception/piracer_ws/install/_local_setup_util_sh.py'
[3.124s] INFO:colcon.colcon_core.shell:Creating prefix chain script '/home/ha/Desktop/ADS-Perception/piracer_ws/install/setup.sh'
[3.149s] INFO:colcon.colcon_core.shell:Creating prefix script '/home/ha/Desktop/ADS-Perception/piracer_ws/install/local_setup.bash'
[3.150s] INFO:colcon.colcon_core.shell:Creating prefix chain script '/home/ha/Desktop/ADS-Perception/piracer_ws/install/setup.bash'
[3.176s] INFO:colcon.colcon_core.shell:Creating prefix script '/home/ha/Desktop/ADS-Perception/piracer_ws/install/local_setup.zsh'
[3.176s] INFO:colcon.colcon_core.shell:Creating prefix chain script '/home/ha/Desktop/ADS-Perception/piracer_ws/install/setup.zsh'
