[0.170s] Invoking command in '/home/ha/Desktop/ADS-Perception/vehicle_ws/build/ackermann_drive': CMAKE_PREFIX_PATH=/opt/ros/foxy /usr/bin/cmake /home/ha/Desktop/ADS-Perception/vehicle_ws/src/ackermann_drive -DAMENT_CMAKE_SYMLINK_INSTALL=1 -DCMAKE_INSTALL_PREFIX=/home/ha/Desktop/ADS-Perception/vehicle_ws/install/ackermann_drive
[0.286s] -- The C compiler identification is GNU 9.4.0
[0.362s] -- The CXX compiler identification is GNU 9.4.0
[0.367s] -- Check for working C compiler: /usr/bin/cc
[0.411s] -- Check for working C compiler: /usr/bin/cc -- works
[0.411s] -- Detecting C compiler ABI info
[0.454s] -- Detecting C compiler ABI info - done
[0.461s] -- Detecting C compile features
[0.462s] -- Detecting C compile features - done
[0.464s] -- Check for working CXX compiler: /usr/bin/c++
[0.514s] -- Check for working CXX compiler: /usr/bin/c++ -- works
[0.514s] -- Detecting CXX compiler ABI info
[0.564s] -- Detecting CXX compiler ABI info - done
[0.571s] -- Detecting CXX compile features
[0.571s] -- Detecting CXX compile features - done
[0.573s] -- Found ament_cmake: 0.9.12 (/opt/ros/foxy/share/ament_cmake/cmake)
[0.591s] -- Found PythonInterp: /usr/bin/python3 (found suitable version "3.8.10", minimum required is "3") 
[0.591s] -- Using PYTHON_EXECUTABLE: /usr/bin/python3
[0.706s] -- Override CMake install command with custom implementation using symlinks instead of copying resources
[0.821s] -- Configuring done
[0.824s] -- Generating done
[0.825s] -- Build files have been written to: /home/ha/Desktop/ADS-Perception/vehicle_ws/build/ackermann_drive
[0.838s] Invoked command in '/home/ha/Desktop/ADS-Perception/vehicle_ws/build/ackermann_drive' returned '0': CMAKE_PREFIX_PATH=/opt/ros/foxy /usr/bin/cmake /home/ha/Desktop/ADS-Perception/vehicle_ws/src/ackermann_drive -DAMENT_CMAKE_SYMLINK_INSTALL=1 -DCMAKE_INSTALL_PREFIX=/home/ha/Desktop/ADS-Perception/vehicle_ws/install/ackermann_drive
[0.840s] Invoking command in '/home/ha/Desktop/ADS-Perception/vehicle_ws/build/ackermann_drive': CMAKE_PREFIX_PATH=/opt/ros/foxy /usr/bin/cmake --build /home/ha/Desktop/ADS-Perception/vehicle_ws/build/ackermann_drive -- -j8 -l8
[0.864s] Invoked command in '/home/ha/Desktop/ADS-Perception/vehicle_ws/build/ackermann_drive' returned '0': CMAKE_PREFIX_PATH=/opt/ros/foxy /usr/bin/cmake --build /home/ha/Desktop/ADS-Perception/vehicle_ws/build/ackermann_drive -- -j8 -l8
[0.885s] Invoking command in '/home/ha/Desktop/ADS-Perception/vehicle_ws/build/ackermann_drive': CMAKE_PREFIX_PATH=/opt/ros/foxy /usr/bin/cmake --install /home/ha/Desktop/ADS-Perception/vehicle_ws/build/ackermann_drive
[0.890s] -- Install configuration: ""
[0.890s] -- Execute custom install script
[0.891s] -- Symlinking: /home/ha/Desktop/ADS-Perception/vehicle_ws/install/ackermann_drive/share/ackermann_drive/launch/ackermann_drive.launch.py
[0.896s] -- Symlinking: /home/ha/Desktop/ADS-Perception/vehicle_ws/install/ackermann_drive/share/ackermann_drive/worlds/empty_sky.world
[0.902s] -- Symlinking: /home/ha/Desktop/ADS-Perception/vehicle_ws/install/ackermann_drive/share/ackermann_drive/description/ackermannbot.xacro
[0.907s] -- Symlinking: /home/ha/Desktop/ADS-Perception/vehicle_ws/install/ackermann_drive/share/ament_index/resource_index/package_run_dependencies/ackermann_drive
[0.913s] -- Symlinking: /home/ha/Desktop/ADS-Perception/vehicle_ws/install/ackermann_drive/share/ament_index/resource_index/parent_prefix_path/ackermann_drive
[0.918s] -- Symlinking: /home/ha/Desktop/ADS-Perception/vehicle_ws/install/ackermann_drive/share/ackermann_drive/environment/ament_prefix_path.sh
[0.924s] -- Symlinking: /home/ha/Desktop/ADS-Perception/vehicle_ws/install/ackermann_drive/share/ackermann_drive/environment/ament_prefix_path.dsv
[0.929s] -- Symlinking: /home/ha/Desktop/ADS-Perception/vehicle_ws/install/ackermann_drive/share/ackermann_drive/environment/path.sh
[0.935s] -- Symlinking: /home/ha/Desktop/ADS-Perception/vehicle_ws/install/ackermann_drive/share/ackermann_drive/environment/path.dsv
[0.941s] -- Symlinking: /home/ha/Desktop/ADS-Perception/vehicle_ws/install/ackermann_drive/share/ackermann_drive/local_setup.bash
[0.947s] -- Symlinking: /home/ha/Desktop/ADS-Perception/vehicle_ws/install/ackermann_drive/share/ackermann_drive/local_setup.sh
[0.953s] -- Symlinking: /home/ha/Desktop/ADS-Perception/vehicle_ws/install/ackermann_drive/share/ackermann_drive/local_setup.zsh
[0.958s] -- Symlinking: /home/ha/Desktop/ADS-Perception/vehicle_ws/install/ackermann_drive/share/ackermann_drive/local_setup.dsv
[0.964s] -- Symlinking: /home/ha/Desktop/ADS-Perception/vehicle_ws/install/ackermann_drive/share/ackermann_drive/package.dsv
[0.970s] -- Symlinking: /home/ha/Desktop/ADS-Perception/vehicle_ws/install/ackermann_drive/share/ament_index/resource_index/packages/ackermann_drive
[0.976s] -- Symlinking: /home/ha/Desktop/ADS-Perception/vehicle_ws/install/ackermann_drive/share/ackermann_drive/cmake/ackermann_driveConfig.cmake
[0.982s] -- Symlinking: /home/ha/Desktop/ADS-Perception/vehicle_ws/install/ackermann_drive/share/ackermann_drive/cmake/ackermann_driveConfig-version.cmake
[0.987s] -- Symlinking: /home/ha/Desktop/ADS-Perception/vehicle_ws/install/ackermann_drive/share/ackermann_drive/package.xml
[0.995s] Invoked command in '/home/ha/Desktop/ADS-Perception/vehicle_ws/build/ackermann_drive' returned '0': CMAKE_PREFIX_PATH=/opt/ros/foxy /usr/bin/cmake --install /home/ha/Desktop/ADS-Perception/vehicle_ws/build/ackermann_drive
