-- The C compiler identification is GNU 9.4.0
-- The CXX compiler identification is GNU 9.4.0
-- Check for working C compiler: /usr/bin/cc
-- Check for working C compiler: /usr/bin/cc -- works
-- Detecting C compiler ABI info
-- Detecting C compiler ABI info - done
-- Detecting C compile features
-- Detecting C compile features - done
-- Check for working CXX compiler: /usr/bin/c++
-- Check for working CXX compiler: /usr/bin/c++ -- works
-- Detecting CXX compiler ABI info
-- Detecting CXX compiler ABI info - done
-- Detecting CXX compile features
-- Detecting CXX compile features - done
-- Found ament_cmake: 0.9.12 (/opt/ros/foxy/share/ament_cmake/cmake)
-- Found PythonInterp: /usr/bin/python3 (found suitable version "3.8.10", minimum required is "3") 
-- Using PYTHON_EXECUTABLE: /usr/bin/python3
-- Override CMake install command with custom implementation using symlinks instead of copying resources
-- Configuring done
-- Generating done
-- Build files have been written to: /home/ha/Desktop/ADS-Perception/piracer_ws/build/digital_twin
-- Install configuration: ""
-- Execute custom install script
-- Symlinking: /home/ha/Desktop/ADS-Perception/piracer_ws/install/digital_twin/share/digital_twin/launch/digital_twin.launch.py
-- Symlinking: /home/ha/Desktop/ADS-Perception/piracer_ws/install/digital_twin/share/digital_twin/worlds/empty_sky.world
-- Symlinking: /home/ha/Desktop/ADS-Perception/piracer_ws/install/digital_twin/share/digital_twin/description/piracer.xacro
-- Symlinking: /home/ha/Desktop/ADS-Perception/piracer_ws/install/digital_twin/share/digital_twin/meshes/chassis.stl
-- Symlinking: /home/ha/Desktop/ADS-Perception/piracer_ws/install/digital_twin/share/ament_index/resource_index/package_run_dependencies/digital_twin
-- Symlinking: /home/ha/Desktop/ADS-Perception/piracer_ws/install/digital_twin/share/ament_index/resource_index/parent_prefix_path/digital_twin
-- Symlinking: /home/ha/Desktop/ADS-Perception/piracer_ws/install/digital_twin/share/digital_twin/environment/ament_prefix_path.sh
-- Symlinking: /home/ha/Desktop/ADS-Perception/piracer_ws/install/digital_twin/share/digital_twin/environment/ament_prefix_path.dsv
-- Symlinking: /home/ha/Desktop/ADS-Perception/piracer_ws/install/digital_twin/share/digital_twin/environment/path.sh
-- Symlinking: /home/ha/Desktop/ADS-Perception/piracer_ws/install/digital_twin/share/digital_twin/environment/path.dsv
-- Symlinking: /home/ha/Desktop/ADS-Perception/piracer_ws/install/digital_twin/share/digital_twin/local_setup.bash
-- Symlinking: /home/ha/Desktop/ADS-Perception/piracer_ws/install/digital_twin/share/digital_twin/local_setup.sh
-- Symlinking: /home/ha/Desktop/ADS-Perception/piracer_ws/install/digital_twin/share/digital_twin/local_setup.zsh
-- Symlinking: /home/ha/Desktop/ADS-Perception/piracer_ws/install/digital_twin/share/digital_twin/local_setup.dsv
-- Symlinking: /home/ha/Desktop/ADS-Perception/piracer_ws/install/digital_twin/share/digital_twin/package.dsv
-- Symlinking: /home/ha/Desktop/ADS-Perception/piracer_ws/install/digital_twin/share/ament_index/resource_index/packages/digital_twin
-- Symlinking: /home/ha/Desktop/ADS-Perception/piracer_ws/install/digital_twin/share/digital_twin/cmake/digital_twinConfig.cmake
-- Symlinking: /home/ha/Desktop/ADS-Perception/piracer_ws/install/digital_twin/share/digital_twin/cmake/digital_twinConfig-version.cmake
-- Symlinking: /home/ha/Desktop/ADS-Perception/piracer_ws/install/digital_twin/share/digital_twin/package.xml
