[0.109s] Invoking command in '/home/ha/Desktop/ADS-Perception/piracer_ws/build/digital_twin': CMAKE_PREFIX_PATH=${CMAKE_PREFIX_PATH}:/opt/ros/foxy /usr/bin/cmake /home/ha/Desktop/ADS-Perception/piracer_ws/src/digital_twin -DAMENT_CMAKE_SYMLINK_INSTALL=1 -DCMAKE_INSTALL_PREFIX=/home/ha/Desktop/ADS-Perception/piracer_ws/install/digital_twin
[0.145s] -- The C compiler identification is GNU 9.4.0
[0.178s] -- The CXX compiler identification is GNU 9.4.0
[0.181s] -- Check for working C compiler: /usr/bin/cc
[0.226s] -- Check for working C compiler: /usr/bin/cc -- works
[0.227s] -- Detecting C compiler ABI info
[0.275s] -- Detecting C compiler ABI info - done
[0.283s] -- Detecting C compile features
[0.284s] -- Detecting C compile features - done
[0.285s] -- Check for working CXX compiler: /usr/bin/c++
[0.336s] -- Check for working CXX compiler: /usr/bin/c++ -- works
[0.336s] -- Detecting CXX compiler ABI info
[0.389s] -- Detecting CXX compiler ABI info - done
[0.397s] -- Detecting CXX compile features
[0.397s] -- Detecting CXX compile features - done
[0.398s] -- Found ament_cmake: 0.9.12 (/opt/ros/foxy/share/ament_cmake/cmake)
[0.417s] -- Found PythonInterp: /usr/bin/python3 (found suitable version "3.8.10", minimum required is "3") 
[0.417s] -- Using PYTHON_EXECUTABLE: /usr/bin/python3
[0.531s] -- Override CMake install command with custom implementation using symlinks instead of copying resources
[0.584s] -- Configuring done
[0.585s] -- Generating done
[0.586s] -- Build files have been written to: /home/ha/Desktop/ADS-Perception/piracer_ws/build/digital_twin
[0.590s] Invoked command in '/home/ha/Desktop/ADS-Perception/piracer_ws/build/digital_twin' returned '0': CMAKE_PREFIX_PATH=${CMAKE_PREFIX_PATH}:/opt/ros/foxy /usr/bin/cmake /home/ha/Desktop/ADS-Perception/piracer_ws/src/digital_twin -DAMENT_CMAKE_SYMLINK_INSTALL=1 -DCMAKE_INSTALL_PREFIX=/home/ha/Desktop/ADS-Perception/piracer_ws/install/digital_twin
[0.591s] Invoking command in '/home/ha/Desktop/ADS-Perception/piracer_ws/build/digital_twin': CMAKE_PREFIX_PATH=${CMAKE_PREFIX_PATH}:/opt/ros/foxy /usr/bin/cmake --build /home/ha/Desktop/ADS-Perception/piracer_ws/build/digital_twin -- -j8 -l8
[0.615s] Invoked command in '/home/ha/Desktop/ADS-Perception/piracer_ws/build/digital_twin' returned '0': CMAKE_PREFIX_PATH=${CMAKE_PREFIX_PATH}:/opt/ros/foxy /usr/bin/cmake --build /home/ha/Desktop/ADS-Perception/piracer_ws/build/digital_twin -- -j8 -l8
[0.638s] Invoking command in '/home/ha/Desktop/ADS-Perception/piracer_ws/build/digital_twin': CMAKE_PREFIX_PATH=${CMAKE_PREFIX_PATH}:/opt/ros/foxy /usr/bin/cmake --install /home/ha/Desktop/ADS-Perception/piracer_ws/build/digital_twin
[0.647s] -- Install configuration: ""
[0.648s] -- Execute custom install script
[0.648s] -- Symlinking: /home/ha/Desktop/ADS-Perception/piracer_ws/install/digital_twin/share/digital_twin/launch/digital_twin.launch.py
[0.656s] -- Symlinking: /home/ha/Desktop/ADS-Perception/piracer_ws/install/digital_twin/share/digital_twin/worlds/empty_sky.world
[0.666s] -- Symlinking: /home/ha/Desktop/ADS-Perception/piracer_ws/install/digital_twin/share/digital_twin/description/piracer.xacro
[0.675s] -- Symlinking: /home/ha/Desktop/ADS-Perception/piracer_ws/install/digital_twin/share/digital_twin/meshes/chassis.stl
[0.682s] -- Symlinking: /home/ha/Desktop/ADS-Perception/piracer_ws/install/digital_twin/share/ament_index/resource_index/package_run_dependencies/digital_twin
[0.687s] -- Symlinking: /home/ha/Desktop/ADS-Perception/piracer_ws/install/digital_twin/share/ament_index/resource_index/parent_prefix_path/digital_twin
[0.692s] -- Symlinking: /home/ha/Desktop/ADS-Perception/piracer_ws/install/digital_twin/share/digital_twin/environment/ament_prefix_path.sh
[0.698s] -- Symlinking: /home/ha/Desktop/ADS-Perception/piracer_ws/install/digital_twin/share/digital_twin/environment/ament_prefix_path.dsv
[0.703s] -- Symlinking: /home/ha/Desktop/ADS-Perception/piracer_ws/install/digital_twin/share/digital_twin/environment/path.sh
[0.708s] -- Symlinking: /home/ha/Desktop/ADS-Perception/piracer_ws/install/digital_twin/share/digital_twin/environment/path.dsv
[0.714s] -- Symlinking: /home/ha/Desktop/ADS-Perception/piracer_ws/install/digital_twin/share/digital_twin/local_setup.bash
[0.719s] -- Symlinking: /home/ha/Desktop/ADS-Perception/piracer_ws/install/digital_twin/share/digital_twin/local_setup.sh
[0.725s] -- Symlinking: /home/ha/Desktop/ADS-Perception/piracer_ws/install/digital_twin/share/digital_twin/local_setup.zsh
[0.730s] -- Symlinking: /home/ha/Desktop/ADS-Perception/piracer_ws/install/digital_twin/share/digital_twin/local_setup.dsv
[0.736s] -- Symlinking: /home/ha/Desktop/ADS-Perception/piracer_ws/install/digital_twin/share/digital_twin/package.dsv
[0.741s] -- Symlinking: /home/ha/Desktop/ADS-Perception/piracer_ws/install/digital_twin/share/ament_index/resource_index/packages/digital_twin
[0.747s] -- Symlinking: /home/ha/Desktop/ADS-Perception/piracer_ws/install/digital_twin/share/digital_twin/cmake/digital_twinConfig.cmake
[0.752s] -- Symlinking: /home/ha/Desktop/ADS-Perception/piracer_ws/install/digital_twin/share/digital_twin/cmake/digital_twinConfig-version.cmake
[0.758s] -- Symlinking: /home/ha/Desktop/ADS-Perception/piracer_ws/install/digital_twin/share/digital_twin/package.xml
[0.765s] Invoked command in '/home/ha/Desktop/ADS-Perception/piracer_ws/build/digital_twin' returned '0': CMAKE_PREFIX_PATH=${CMAKE_PREFIX_PATH}:/opt/ros/foxy /usr/bin/cmake --install /home/ha/Desktop/ADS-Perception/piracer_ws/build/digital_twin
