[0.177s] Invoking command in '/home/ha/Desktop/ADS-Perception/vehicle_ws/build/ackermann_drive': CMAKE_PREFIX_PATH=/opt/ros/foxy /usr/bin/cmake /home/ha/Desktop/ADS-Perception/vehicle_ws/src/ackermann_drive -DAMENT_CMAKE_SYMLINK_INSTALL=1 -DCMAKE_INSTALL_PREFIX=/home/ha/Desktop/ADS-Perception/vehicle_ws/install/ackermann_drive
[0.210s] -- The C compiler identification is GNU 9.4.0
[0.245s] -- The CXX compiler identification is GNU 9.4.0
[0.247s] -- Check for working C compiler: /usr/bin/cc
[0.291s] -- Check for working C compiler: /usr/bin/cc -- works
[0.291s] -- Detecting C compiler ABI info
[0.337s] -- Detecting C compiler ABI info - done
[0.344s] -- Detecting C compile features
[0.345s] -- Detecting C compile features - done
[0.346s] -- Check for working CXX compiler: /usr/bin/c++
[0.396s] -- Check for working CXX compiler: /usr/bin/c++ -- works
[0.397s] -- Detecting CXX compiler ABI info
[0.450s] -- Detecting CXX compiler ABI info - done
[0.456s] -- Detecting CXX compile features
[0.457s] -- Detecting CXX compile features - done
[0.458s] -- Found ament_cmake: 0.9.12 (/opt/ros/foxy/share/ament_cmake/cmake)
[0.474s] -- Found PythonInterp: /usr/bin/python3 (found suitable version "3.8.10", minimum required is "3") 
[0.474s] -- Using PYTHON_EXECUTABLE: /usr/bin/python3
[0.587s] -- Override CMake install command with custom implementation using symlinks instead of copying resources
[0.637s] -- Configuring done
[0.638s] -- Generating done
[0.639s] -- Build files have been written to: /home/ha/Desktop/ADS-Perception/vehicle_ws/build/ackermann_drive
[0.642s] Invoked command in '/home/ha/Desktop/ADS-Perception/vehicle_ws/build/ackermann_drive' returned '0': CMAKE_PREFIX_PATH=/opt/ros/foxy /usr/bin/cmake /home/ha/Desktop/ADS-Perception/vehicle_ws/src/ackermann_drive -DAMENT_CMAKE_SYMLINK_INSTALL=1 -DCMAKE_INSTALL_PREFIX=/home/ha/Desktop/ADS-Perception/vehicle_ws/install/ackermann_drive
[0.643s] Invoking command in '/home/ha/Desktop/ADS-Perception/vehicle_ws/build/ackermann_drive': CMAKE_PREFIX_PATH=/opt/ros/foxy /usr/bin/cmake --build /home/ha/Desktop/ADS-Perception/vehicle_ws/build/ackermann_drive -- -j8 -l8
[0.667s] Invoked command in '/home/ha/Desktop/ADS-Perception/vehicle_ws/build/ackermann_drive' returned '0': CMAKE_PREFIX_PATH=/opt/ros/foxy /usr/bin/cmake --build /home/ha/Desktop/ADS-Perception/vehicle_ws/build/ackermann_drive -- -j8 -l8
[0.683s] Invoking command in '/home/ha/Desktop/ADS-Perception/vehicle_ws/build/ackermann_drive': CMAKE_PREFIX_PATH=/opt/ros/foxy /usr/bin/cmake --install /home/ha/Desktop/ADS-Perception/vehicle_ws/build/ackermann_drive
[0.688s] -- Install configuration: ""
[0.688s] -- Execute custom install script
[0.689s] -- Symlinking: /home/ha/Desktop/ADS-Perception/vehicle_ws/install/ackermann_drive/share/ackermann_drive/launch/ackermann_drive.launch.py
[0.695s] -- Symlinking: /home/ha/Desktop/ADS-Perception/vehicle_ws/install/ackermann_drive/share/ackermann_drive/worlds/empty_sky.world
[0.701s] -- Symlinking: /home/ha/Desktop/ADS-Perception/vehicle_ws/install/ackermann_drive/share/ackermann_drive/description/ackermannbot.xacro
[0.707s] -- Symlinking: /home/ha/Desktop/ADS-Perception/vehicle_ws/install/ackermann_drive/share/ament_index/resource_index/package_run_dependencies/ackermann_drive
[0.712s] -- Symlinking: /home/ha/Desktop/ADS-Perception/vehicle_ws/install/ackermann_drive/share/ament_index/resource_index/parent_prefix_path/ackermann_drive
[0.718s] -- Symlinking: /home/ha/Desktop/ADS-Perception/vehicle_ws/install/ackermann_drive/share/ackermann_drive/environment/ament_prefix_path.sh
[0.723s] -- Symlinking: /home/ha/Desktop/ADS-Perception/vehicle_ws/install/ackermann_drive/share/ackermann_drive/environment/ament_prefix_path.dsv
[0.729s] -- Symlinking: /home/ha/Desktop/ADS-Perception/vehicle_ws/install/ackermann_drive/share/ackermann_drive/environment/path.sh
[0.735s] -- Symlinking: /home/ha/Desktop/ADS-Perception/vehicle_ws/install/ackermann_drive/share/ackermann_drive/environment/path.dsv
[0.741s] -- Symlinking: /home/ha/Desktop/ADS-Perception/vehicle_ws/install/ackermann_drive/share/ackermann_drive/local_setup.bash
[0.747s] -- Symlinking: /home/ha/Desktop/ADS-Perception/vehicle_ws/install/ackermann_drive/share/ackermann_drive/local_setup.sh
[0.753s] -- Symlinking: /home/ha/Desktop/ADS-Perception/vehicle_ws/install/ackermann_drive/share/ackermann_drive/local_setup.zsh
[0.758s] -- Symlinking: /home/ha/Desktop/ADS-Perception/vehicle_ws/install/ackermann_drive/share/ackermann_drive/local_setup.dsv
[0.764s] -- Symlinking: /home/ha/Desktop/ADS-Perception/vehicle_ws/install/ackermann_drive/share/ackermann_drive/package.dsv
[0.770s] -- Symlinking: /home/ha/Desktop/ADS-Perception/vehicle_ws/install/ackermann_drive/share/ament_index/resource_index/packages/ackermann_drive
[0.776s] -- Symlinking: /home/ha/Desktop/ADS-Perception/vehicle_ws/install/ackermann_drive/share/ackermann_drive/cmake/ackermann_driveConfig.cmake
[0.782s] -- Symlinking: /home/ha/Desktop/ADS-Perception/vehicle_ws/install/ackermann_drive/share/ackermann_drive/cmake/ackermann_driveConfig-version.cmake
[0.788s] -- Symlinking: /home/ha/Desktop/ADS-Perception/vehicle_ws/install/ackermann_drive/share/ackermann_drive/package.xml
[0.795s] Invoked command in '/home/ha/Desktop/ADS-Perception/vehicle_ws/build/ackermann_drive' returned '0': CMAKE_PREFIX_PATH=/opt/ros/foxy /usr/bin/cmake --install /home/ha/Desktop/ADS-Perception/vehicle_ws/build/ackermann_drive
