[0.304s] Invoking command in '/home/ha/Desktop/ADS-Perception/lidar_ws/build/cpp_lidar': CMAKE_PREFIX_PATH=${CMAKE_PREFIX_PATH}:/home/ha/Desktop/gcamp_ros2_ws/install/py_topic_pkg:/opt/ros/foxy /usr/bin/cmake --build /home/ha/Desktop/ADS-Perception/lidar_ws/build/cpp_lidar -- -j8 -l8
[0.332s] [35m[1mScanning dependencies of target cpp_lidar[0m
[0.348s] [ 50%] [32mBuilding CXX object CMakeFiles/cpp_lidar.dir/src/cpp_lidar.cpp.o[0m
[2.564s] [100%] [32m[1mLinking CXX executable cpp_lidar[0m
[2.701s] [100%] Built target cpp_lidar
[2.708s] Invoked command in '/home/ha/Desktop/ADS-Perception/lidar_ws/build/cpp_lidar' returned '0': CMAKE_PREFIX_PATH=${CMAKE_PREFIX_PATH}:/home/ha/Desktop/gcamp_ros2_ws/install/py_topic_pkg:/opt/ros/foxy /usr/bin/cmake --build /home/ha/Desktop/ADS-Perception/lidar_ws/build/cpp_lidar -- -j8 -l8
[2.732s] Invoking command in '/home/ha/Desktop/ADS-Perception/lidar_ws/build/cpp_lidar': CMAKE_PREFIX_PATH=${CMAKE_PREFIX_PATH}:/home/ha/Desktop/gcamp_ros2_ws/install/py_topic_pkg:/opt/ros/foxy /usr/bin/cmake --install /home/ha/Desktop/ADS-Perception/lidar_ws/build/cpp_lidar
[2.738s] -- Install configuration: ""
[2.739s] -- Execute custom install script
[2.739s] -- Up-to-date symlink: /home/ha/Desktop/ADS-Perception/lidar_ws/install/cpp_lidar/lib/cpp_lidar/cpp_lidar
[2.739s] -- Up-to-date symlink: /home/ha/Desktop/ADS-Perception/lidar_ws/install/cpp_lidar/share/ament_index/resource_index/package_run_dependencies/cpp_lidar
[2.740s] -- Up-to-date symlink: /home/ha/Desktop/ADS-Perception/lidar_ws/install/cpp_lidar/share/ament_index/resource_index/parent_prefix_path/cpp_lidar
[2.740s] -- Up-to-date symlink: /home/ha/Desktop/ADS-Perception/lidar_ws/install/cpp_lidar/share/cpp_lidar/environment/ament_prefix_path.sh
[2.740s] -- Up-to-date symlink: /home/ha/Desktop/ADS-Perception/lidar_ws/install/cpp_lidar/share/cpp_lidar/environment/ament_prefix_path.dsv
[2.740s] -- Up-to-date symlink: /home/ha/Desktop/ADS-Perception/lidar_ws/install/cpp_lidar/share/cpp_lidar/environment/path.sh
[2.740s] -- Up-to-date symlink: /home/ha/Desktop/ADS-Perception/lidar_ws/install/cpp_lidar/share/cpp_lidar/environment/path.dsv
[2.741s] -- Up-to-date symlink: /home/ha/Desktop/ADS-Perception/lidar_ws/install/cpp_lidar/share/cpp_lidar/local_setup.bash
[2.741s] -- Up-to-date symlink: /home/ha/Desktop/ADS-Perception/lidar_ws/install/cpp_lidar/share/cpp_lidar/local_setup.sh
[2.741s] -- Up-to-date symlink: /home/ha/Desktop/ADS-Perception/lidar_ws/install/cpp_lidar/share/cpp_lidar/local_setup.zsh
[2.741s] -- Up-to-date symlink: /home/ha/Desktop/ADS-Perception/lidar_ws/install/cpp_lidar/share/cpp_lidar/local_setup.dsv
[2.741s] -- Symlinking: /home/ha/Desktop/ADS-Perception/lidar_ws/install/cpp_lidar/share/cpp_lidar/package.dsv
[2.748s] -- Up-to-date symlink: /home/ha/Desktop/ADS-Perception/lidar_ws/install/cpp_lidar/share/ament_index/resource_index/packages/cpp_lidar
[2.748s] -- Up-to-date symlink: /home/ha/Desktop/ADS-Perception/lidar_ws/install/cpp_lidar/share/cpp_lidar/cmake/cpp_lidarConfig.cmake
[2.748s] -- Up-to-date symlink: /home/ha/Desktop/ADS-Perception/lidar_ws/install/cpp_lidar/share/cpp_lidar/cmake/cpp_lidarConfig-version.cmake
[2.748s] -- Up-to-date symlink: /home/ha/Desktop/ADS-Perception/lidar_ws/install/cpp_lidar/share/cpp_lidar/package.xml
[2.750s] Invoked command in '/home/ha/Desktop/ADS-Perception/lidar_ws/build/cpp_lidar' returned '0': CMAKE_PREFIX_PATH=${CMAKE_PREFIX_PATH}:/home/ha/Desktop/gcamp_ros2_ws/install/py_topic_pkg:/opt/ros/foxy /usr/bin/cmake --install /home/ha/Desktop/ADS-Perception/lidar_ws/build/cpp_lidar
