-- Install configuration: ""
-- Execute custom install script
-- Up-to-date symlink: /home/ha/Desktop/ADS-Perception/slam_ws/install/gazebo_slam/share/gazebo_slam/launch/gazebo_slam.launch.py
-- Up-to-date symlink: /home/ha/Desktop/ADS-Perception/slam_ws/install/gazebo_slam/share/gazebo_slam/worlds/empty_sky.world
-- Up-to-date symlink: /home/ha/Desktop/ADS-Perception/slam_ws/install/gazebo_slam/share/gazebo_slam/description/slambot.xacro
-- Up-to-date symlink: /home/ha/Desktop/ADS-Perception/slam_ws/install/gazebo_slam/share/ament_index/resource_index/package_run_dependencies/gazebo_slam
-- Up-to-date symlink: /home/ha/Desktop/ADS-Perception/slam_ws/install/gazebo_slam/share/ament_index/resource_index/parent_prefix_path/gazebo_slam
-- Up-to-date symlink: /home/ha/Desktop/ADS-Perception/slam_ws/install/gazebo_slam/share/gazebo_slam/environment/ament_prefix_path.sh
-- Up-to-date symlink: /home/ha/Desktop/ADS-Perception/slam_ws/install/gazebo_slam/share/gazebo_slam/environment/ament_prefix_path.dsv
-- Up-to-date symlink: /home/ha/Desktop/ADS-Perception/slam_ws/install/gazebo_slam/share/gazebo_slam/environment/path.sh
-- Up-to-date symlink: /home/ha/Desktop/ADS-Perception/slam_ws/install/gazebo_slam/share/gazebo_slam/environment/path.dsv
-- Up-to-date symlink: /home/ha/Desktop/ADS-Perception/slam_ws/install/gazebo_slam/share/gazebo_slam/local_setup.bash
-- Up-to-date symlink: /home/ha/Desktop/ADS-Perception/slam_ws/install/gazebo_slam/share/gazebo_slam/local_setup.sh
-- Up-to-date symlink: /home/ha/Desktop/ADS-Perception/slam_ws/install/gazebo_slam/share/gazebo_slam/local_setup.zsh
-- Up-to-date symlink: /home/ha/Desktop/ADS-Perception/slam_ws/install/gazebo_slam/share/gazebo_slam/local_setup.dsv
-- Symlinking: /home/ha/Desktop/ADS-Perception/slam_ws/install/gazebo_slam/share/gazebo_slam/package.dsv
-- Up-to-date symlink: /home/ha/Desktop/ADS-Perception/slam_ws/install/gazebo_slam/share/ament_index/resource_index/packages/gazebo_slam
-- Up-to-date symlink: /home/ha/Desktop/ADS-Perception/slam_ws/install/gazebo_slam/share/gazebo_slam/cmake/gazebo_slamConfig.cmake
-- Up-to-date symlink: /home/ha/Desktop/ADS-Perception/slam_ws/install/gazebo_slam/share/gazebo_slam/cmake/gazebo_slamConfig-version.cmake
-- Up-to-date symlink: /home/ha/Desktop/ADS-Perception/slam_ws/install/gazebo_slam/share/gazebo_slam/package.xml
