[0.084s] Invoking command in '/home/ha/Desktop/ADS-Perception/slam_ws/build/gazebo_slam': CMAKE_PREFIX_PATH=/opt/ros/foxy /usr/bin/cmake --build /home/ha/Desktop/ADS-Perception/slam_ws/build/gazebo_slam -- -j8 -l8
[0.123s] Invoked command in '/home/ha/Desktop/ADS-Perception/slam_ws/build/gazebo_slam' returned '0': CMAKE_PREFIX_PATH=/opt/ros/foxy /usr/bin/cmake --build /home/ha/Desktop/ADS-Perception/slam_ws/build/gazebo_slam -- -j8 -l8
[0.145s] Invoking command in '/home/ha/Desktop/ADS-Perception/slam_ws/build/gazebo_slam': CMAKE_PREFIX_PATH=/opt/ros/foxy /usr/bin/cmake --install /home/ha/Desktop/ADS-Perception/slam_ws/build/gazebo_slam
[0.151s] -- Install configuration: ""
[0.152s] -- Execute custom install script
[0.152s] -- Up-to-date symlink: /home/ha/Desktop/ADS-Perception/slam_ws/install/gazebo_slam/share/gazebo_slam/launch/gazebo_slam.launch.py
[0.152s] -- Up-to-date symlink: /home/ha/Desktop/ADS-Perception/slam_ws/install/gazebo_slam/share/gazebo_slam/worlds/empty_sky.world
[0.153s] -- Up-to-date symlink: /home/ha/Desktop/ADS-Perception/slam_ws/install/gazebo_slam/share/gazebo_slam/description/slambot.xacro
[0.153s] -- Up-to-date symlink: /home/ha/Desktop/ADS-Perception/slam_ws/install/gazebo_slam/share/ament_index/resource_index/package_run_dependencies/gazebo_slam
[0.153s] -- Up-to-date symlink: /home/ha/Desktop/ADS-Perception/slam_ws/install/gazebo_slam/share/ament_index/resource_index/parent_prefix_path/gazebo_slam
[0.153s] -- Up-to-date symlink: /home/ha/Desktop/ADS-Perception/slam_ws/install/gazebo_slam/share/gazebo_slam/environment/ament_prefix_path.sh
[0.154s] -- Up-to-date symlink: /home/ha/Desktop/ADS-Perception/slam_ws/install/gazebo_slam/share/gazebo_slam/environment/ament_prefix_path.dsv
[0.154s] -- Up-to-date symlink: /home/ha/Desktop/ADS-Perception/slam_ws/install/gazebo_slam/share/gazebo_slam/environment/path.sh
[0.154s] -- Up-to-date symlink: /home/ha/Desktop/ADS-Perception/slam_ws/install/gazebo_slam/share/gazebo_slam/environment/path.dsv
[0.154s] -- Up-to-date symlink: /home/ha/Desktop/ADS-Perception/slam_ws/install/gazebo_slam/share/gazebo_slam/local_setup.bash
[0.155s] -- Up-to-date symlink: /home/ha/Desktop/ADS-Perception/slam_ws/install/gazebo_slam/share/gazebo_slam/local_setup.sh
[0.155s] -- Up-to-date symlink: /home/ha/Desktop/ADS-Perception/slam_ws/install/gazebo_slam/share/gazebo_slam/local_setup.zsh
[0.155s] -- Up-to-date symlink: /home/ha/Desktop/ADS-Perception/slam_ws/install/gazebo_slam/share/gazebo_slam/local_setup.dsv
[0.155s] -- Symlinking: /home/ha/Desktop/ADS-Perception/slam_ws/install/gazebo_slam/share/gazebo_slam/package.dsv
[0.161s] -- Up-to-date symlink: /home/ha/Desktop/ADS-Perception/slam_ws/install/gazebo_slam/share/ament_index/resource_index/packages/gazebo_slam
[0.161s] -- Up-to-date symlink: /home/ha/Desktop/ADS-Perception/slam_ws/install/gazebo_slam/share/gazebo_slam/cmake/gazebo_slamConfig.cmake
[0.161s] -- Up-to-date symlink: /home/ha/Desktop/ADS-Perception/slam_ws/install/gazebo_slam/share/gazebo_slam/cmake/gazebo_slamConfig-version.cmake
[0.161s] -- Up-to-date symlink: /home/ha/Desktop/ADS-Perception/slam_ws/install/gazebo_slam/share/gazebo_slam/package.xml
[0.162s] Invoked command in '/home/ha/Desktop/ADS-Perception/slam_ws/build/gazebo_slam' returned '0': CMAKE_PREFIX_PATH=/opt/ros/foxy /usr/bin/cmake --install /home/ha/Desktop/ADS-Perception/slam_ws/build/gazebo_slam
