[0.150s] Invoking command in '/home/ha/Desktop/ADS-Perception/lidar_ws/build/cpp_lidar': CMAKE_PREFIX_PATH=${CMAKE_PREFIX_PATH}:/home/ha/Desktop/ADS-Perception/lidar_ws/install/py_lidar:/home/ha/Desktop/gcamp_ros2_ws/install/py_topic_pkg:/opt/ros/foxy /usr/bin/cmake --build /home/ha/Desktop/ADS-Perception/lidar_ws/build/cpp_lidar -- -j8 -l8
[0.168s] -- Found ament_cmake: 0.9.12 (/opt/ros/foxy/share/ament_cmake/cmake)
[0.185s] -- Using PYTHON_EXECUTABLE: /usr/bin/python3
[0.295s] -- Override CMake install command with custom implementation using symlinks instead of copying resources
[0.299s] -- Found rclcpp: 2.4.3 (/opt/ros/foxy/share/rclcpp/cmake)
[0.321s] -- Using all available rosidl_typesupport_c: rosidl_typesupport_fastrtps_c;rosidl_typesupport_introspection_c
[0.323s] -- Found rosidl_adapter: 1.3.1 (/opt/ros/foxy/share/rosidl_adapter/cmake)
[0.398s] -- Using all available rosidl_typesupport_cpp: rosidl_typesupport_fastrtps_cpp;rosidl_typesupport_introspection_cpp
[0.428s] -- Found rmw_implementation_cmake: 1.0.4 (/opt/ros/foxy/share/rmw_implementation_cmake/cmake)
[0.429s] -- Using RMW implementation 'rmw_fastrtps_cpp' as default
[0.517s] -- Found sensor_msgs: 2.0.5 (/opt/ros/foxy/share/sensor_msgs/cmake)
[0.657s] -- Configuring done
[0.662s] -- Generating done
[0.663s] -- Build files have been written to: /home/ha/Desktop/ADS-Perception/lidar_ws/build/cpp_lidar
[0.694s] [ 50%] [32m[1mLinking CXX executable cpp_lidar[0m
[0.792s] /usr/bin/ld: CMakeFiles/cpp_lidar.dir/src/cpp_lidar.cpp.o: in function `LidarPublisher::LidarPublisher()':
[0.792s] cpp_lidar.cpp:(.text._ZN14LidarPublisherC2Ev[_ZN14LidarPublisherC5Ev]+0x146): undefined reference to `CYdLidar::CYdLidar()'
[0.792s] /usr/bin/ld: cpp_lidar.cpp:(.text._ZN14LidarPublisherC2Ev[_ZN14LidarPublisherC5Ev]+0x38c): undefined reference to `CYdLidar::setlidaropt(int, void const*, int)'
[0.792s] /usr/bin/ld: cpp_lidar.cpp:(.text._ZN14LidarPublisherC2Ev[_ZN14LidarPublisherC5Ev]+0x3ca): undefined reference to `CYdLidar::setlidaropt(int, void const*, int)'
[0.792s] /usr/bin/ld: cpp_lidar.cpp:(.text._ZN14LidarPublisherC2Ev[_ZN14LidarPublisherC5Ev]+0x408): undefined reference to `CYdLidar::setlidaropt(int, void const*, int)'
[0.792s] /usr/bin/ld: cpp_lidar.cpp:(.text._ZN14LidarPublisherC2Ev[_ZN14LidarPublisherC5Ev]+0x446): undefined reference to `CYdLidar::setlidaropt(int, void const*, int)'
[0.792s] /usr/bin/ld: cpp_lidar.cpp:(.text._ZN14LidarPublisherC2Ev[_ZN14LidarPublisherC5Ev]+0x48a): undefined reference to `CYdLidar::setlidaropt(int, void const*, int)'
[0.792s] /usr/bin/ld: CMakeFiles/cpp_lidar.dir/src/cpp_lidar.cpp.o:cpp_lidar.cpp:(.text._ZN14LidarPublisherC2Ev[_ZN14LidarPublisherC5Ev]+0x4c8): more undefined references to `CYdLidar::setlidaropt(int, void const*, int)' follow
[0.792s] /usr/bin/ld: CMakeFiles/cpp_lidar.dir/src/cpp_lidar.cpp.o: in function `LidarPublisher::LidarPublisher()':
[0.793s] cpp_lidar.cpp:(.text._ZN14LidarPublisherC2Ev[_ZN14LidarPublisherC5Ev]+0x663): undefined reference to `CYdLidar::initialize()'
[0.793s] /usr/bin/ld: cpp_lidar.cpp:(.text._ZN14LidarPublisherC2Ev[_ZN14LidarPublisherC5Ev]+0x678): undefined reference to `CYdLidar::turnOn()'
[0.793s] /usr/bin/ld: cpp_lidar.cpp:(.text._ZN14LidarPublisherC2Ev[_ZN14LidarPublisherC5Ev]+0x69e): undefined reference to `CYdLidar::doProcessSimple(LaserScan&)'
[0.793s] /usr/bin/ld: cpp_lidar.cpp:(.text._ZN14LidarPublisherC2Ev[_ZN14LidarPublisherC5Ev]+0x850): undefined reference to `CYdLidar::~CYdLidar()'
[0.793s] /usr/bin/ld: CMakeFiles/cpp_lidar.dir/src/cpp_lidar.cpp.o: in function `LidarPublisher::~LidarPublisher()':
[0.793s] cpp_lidar.cpp:(.text._ZN14LidarPublisherD2Ev[_ZN14LidarPublisherD5Ev]+0x2c): undefined reference to `CYdLidar::turnOff()'
[0.793s] /usr/bin/ld: cpp_lidar.cpp:(.text._ZN14LidarPublisherD2Ev[_ZN14LidarPublisherD5Ev]+0x3e): undefined reference to `CYdLidar::disconnecting()'
[0.793s] /usr/bin/ld: cpp_lidar.cpp:(.text._ZN14LidarPublisherD2Ev[_ZN14LidarPublisherD5Ev]+0x74): undefined reference to `CYdLidar::~CYdLidar()'
[0.793s] /usr/bin/ld: CMakeFiles/cpp_lidar.dir/src/cpp_lidar.cpp.o: in function `LidarPublisher::callback()':
[0.793s] cpp_lidar.cpp:(.text._ZN14LidarPublisher8callbackEv[_ZN14LidarPublisher8callbackEv]+0x4a): undefined reference to `CYdLidar::doProcessSimple(LaserScan&)'
[0.795s] collect2: error: ld returned 1 exit status
[0.797s] make[2]: *** [CMakeFiles/cpp_lidar.dir/build.make:141: cpp_lidar] 오류 1
[0.797s] make[1]: *** [CMakeFiles/Makefile2:78: CMakeFiles/cpp_lidar.dir/all] 오류 2
[0.797s] make: *** [Makefile:141: all] 오류 2
[0.798s] Invoked command in '/home/ha/Desktop/ADS-Perception/lidar_ws/build/cpp_lidar' returned '2': CMAKE_PREFIX_PATH=${CMAKE_PREFIX_PATH}:/home/ha/Desktop/ADS-Perception/lidar_ws/install/py_lidar:/home/ha/Desktop/gcamp_ros2_ws/install/py_topic_pkg:/opt/ros/foxy /usr/bin/cmake --build /home/ha/Desktop/ADS-Perception/lidar_ws/build/cpp_lidar -- -j8 -l8
