[0.147s] Invoking command in '/home/ha/Desktop/ADS-Perception/lidar_ws/build/cpp_lidar': CMAKE_PREFIX_PATH=${CMAKE_PREFIX_PATH}:/home/ha/Desktop/ADS-Perception/lidar_ws/install/py_lidar:/home/ha/Desktop/gcamp_ros2_ws/install/py_topic_pkg:/opt/ros/foxy /usr/bin/cmake --build /home/ha/Desktop/ADS-Perception/lidar_ws/build/cpp_lidar -- -j8 -l8
[0.165s] -- Found ament_cmake: 0.9.12 (/opt/ros/foxy/share/ament_cmake/cmake)
[0.181s] -- Using PYTHON_EXECUTABLE: /usr/bin/python3
[0.292s] -- Override CMake install command with custom implementation using symlinks instead of copying resources
[0.296s] -- Found rclcpp: 2.4.3 (/opt/ros/foxy/share/rclcpp/cmake)
[0.318s] -- Using all available rosidl_typesupport_c: rosidl_typesupport_fastrtps_c;rosidl_typesupport_introspection_c
[0.320s] -- Found rosidl_adapter: 1.3.1 (/opt/ros/foxy/share/rosidl_adapter/cmake)
[0.396s] -- Using all available rosidl_typesupport_cpp: rosidl_typesupport_fastrtps_cpp;rosidl_typesupport_introspection_cpp
[0.426s] -- Found rmw_implementation_cmake: 1.0.4 (/opt/ros/foxy/share/rmw_implementation_cmake/cmake)
[0.427s] -- Using RMW implementation 'rmw_fastrtps_cpp' as default
[0.516s] -- Found sensor_msgs: 2.0.5 (/opt/ros/foxy/share/sensor_msgs/cmake)
[0.588s] CMake Error at /opt/ros/foxy/share/ament_cmake_target_dependencies/cmake/ament_target_dependencies.cmake:77 (message):
[0.588s]   ament_target_dependencies() the passed package name 'sensor_msgs,' was not
[0.588s]   found before
[0.588s] Call Stack (most recent call first):
[0.588s]   CMakeLists.txt:19 (ament_target_dependencies)
[0.588s] 
[0.588s] 
[0.588s] -- Configuring incomplete, errors occurred!
[0.588s] See also "/home/ha/Desktop/ADS-Perception/lidar_ws/build/cpp_lidar/CMakeFiles/CMakeOutput.log".
[0.588s] See also "/home/ha/Desktop/ADS-Perception/lidar_ws/build/cpp_lidar/CMakeFiles/CMakeError.log".
[0.593s] make: *** [Makefile:266: cmake_check_build_system] 오류 1
[0.595s] Invoked command in '/home/ha/Desktop/ADS-Perception/lidar_ws/build/cpp_lidar' returned '2': CMAKE_PREFIX_PATH=${CMAKE_PREFIX_PATH}:/home/ha/Desktop/ADS-Perception/lidar_ws/install/py_lidar:/home/ha/Desktop/gcamp_ros2_ws/install/py_topic_pkg:/opt/ros/foxy /usr/bin/cmake --build /home/ha/Desktop/ADS-Perception/lidar_ws/build/cpp_lidar -- -j8 -l8
