[0.342s] Invoking command in '/home/ha/Desktop/ADS-Perception/lidar_ws/build/cpp_lidar': CMAKE_PREFIX_PATH=${CMAKE_PREFIX_PATH}:/home/ha/Desktop/gcamp_ros2_ws/install/py_topic_pkg:/opt/ros/foxy /usr/bin/cmake /home/ha/Desktop/ADS-Perception/lidar_ws/src/cpp_lidar -DAMENT_CMAKE_SYMLINK_INSTALL=1 -DCMAKE_INSTALL_PREFIX=/home/ha/Desktop/ADS-Perception/lidar_ws/install/cpp_lidar
[0.375s] -- The C compiler identification is GNU 9.4.0
[0.408s] -- The CXX compiler identification is GNU 9.4.0
[0.411s] -- Check for working C compiler: /usr/bin/cc
[0.454s] -- Check for working C compiler: /usr/bin/cc -- works
[0.454s] -- Detecting C compiler ABI info
[0.498s] -- Detecting C compiler ABI info - done
[0.505s] -- Detecting C compile features
[0.505s] -- Detecting C compile features - done
[0.507s] -- Check for working CXX compiler: /usr/bin/c++
[0.556s] -- Check for working CXX compiler: /usr/bin/c++ -- works
[0.556s] -- Detecting CXX compiler ABI info
[0.608s] -- Detecting CXX compiler ABI info - done
[0.623s] -- Detecting CXX compile features
[0.623s] -- Detecting CXX compile features - done
[0.626s] -- Found ament_cmake: 0.9.12 (/opt/ros/foxy/share/ament_cmake/cmake)
[0.647s] -- Found PythonInterp: /usr/bin/python3 (found suitable version "3.8.10", minimum required is "3") 
[0.648s] -- Using PYTHON_EXECUTABLE: /usr/bin/python3
[0.763s] -- Override CMake install command with custom implementation using symlinks instead of copying resources
[0.779s] -- Found rclcpp: 2.4.3 (/opt/ros/foxy/share/rclcpp/cmake)
[0.808s] -- Using all available rosidl_typesupport_c: rosidl_typesupport_fastrtps_c;rosidl_typesupport_introspection_c
[0.813s] -- Found rosidl_adapter: 1.3.1 (/opt/ros/foxy/share/rosidl_adapter/cmake)
[0.862s] -- Found OpenSSL: /usr/lib/x86_64-linux-gnu/libcrypto.so (found version "1.1.1f")  
[0.881s] -- Found FastRTPS: /opt/ros/foxy/include  
[0.933s] -- Using all available rosidl_typesupport_cpp: rosidl_typesupport_fastrtps_cpp;rosidl_typesupport_introspection_cpp
[0.972s] -- Found rmw_implementation_cmake: 1.0.4 (/opt/ros/foxy/share/rmw_implementation_cmake/cmake)
[0.972s] -- Using RMW implementation 'rmw_fastrtps_cpp' as default
[0.973s] -- Looking for pthread.h
[1.020s] -- Looking for pthread.h - found
[1.020s] -- Performing Test CMAKE_HAVE_LIBC_PTHREAD
[1.069s] -- Performing Test CMAKE_HAVE_LIBC_PTHREAD - Failed
[1.070s] -- Looking for pthread_create in pthreads
[1.108s] -- Looking for pthread_create in pthreads - not found
[1.108s] -- Looking for pthread_create in pthread
[1.154s] -- Looking for pthread_create in pthread - found
[1.155s] -- Found Threads: TRUE  
[1.264s] -- Found sensor_msgs: 2.0.5 (/opt/ros/foxy/share/sensor_msgs/cmake)
[1.393s] -- Configuring done
[1.398s] -- Generating done
[1.399s] -- Build files have been written to: /home/ha/Desktop/ADS-Perception/lidar_ws/build/cpp_lidar
[1.406s] Invoked command in '/home/ha/Desktop/ADS-Perception/lidar_ws/build/cpp_lidar' returned '0': CMAKE_PREFIX_PATH=${CMAKE_PREFIX_PATH}:/home/ha/Desktop/gcamp_ros2_ws/install/py_topic_pkg:/opt/ros/foxy /usr/bin/cmake /home/ha/Desktop/ADS-Perception/lidar_ws/src/cpp_lidar -DAMENT_CMAKE_SYMLINK_INSTALL=1 -DCMAKE_INSTALL_PREFIX=/home/ha/Desktop/ADS-Perception/lidar_ws/install/cpp_lidar
[1.407s] Invoking command in '/home/ha/Desktop/ADS-Perception/lidar_ws/build/cpp_lidar': CMAKE_PREFIX_PATH=${CMAKE_PREFIX_PATH}:/home/ha/Desktop/gcamp_ros2_ws/install/py_topic_pkg:/opt/ros/foxy /usr/bin/cmake --build /home/ha/Desktop/ADS-Perception/lidar_ws/build/cpp_lidar -- -j8 -l8
[1.432s] [35m[1mScanning dependencies of target cpp_lidar[0m
[1.454s] [ 50%] [32mBuilding CXX object CMakeFiles/cpp_lidar.dir/src/cpp_lidar.cpp.o[0m
[3.347s] [100%] [32m[1mLinking CXX executable cpp_lidar[0m
[3.481s] [100%] Built target cpp_lidar
[3.489s] Invoked command in '/home/ha/Desktop/ADS-Perception/lidar_ws/build/cpp_lidar' returned '0': CMAKE_PREFIX_PATH=${CMAKE_PREFIX_PATH}:/home/ha/Desktop/gcamp_ros2_ws/install/py_topic_pkg:/opt/ros/foxy /usr/bin/cmake --build /home/ha/Desktop/ADS-Perception/lidar_ws/build/cpp_lidar -- -j8 -l8
[3.511s] Invoking command in '/home/ha/Desktop/ADS-Perception/lidar_ws/build/cpp_lidar': CMAKE_PREFIX_PATH=${CMAKE_PREFIX_PATH}:/home/ha/Desktop/gcamp_ros2_ws/install/py_topic_pkg:/opt/ros/foxy /usr/bin/cmake --install /home/ha/Desktop/ADS-Perception/lidar_ws/build/cpp_lidar
[3.517s] -- Install configuration: ""
[3.517s] -- Execute custom install script
[3.518s] -- Symlinking: /home/ha/Desktop/ADS-Perception/lidar_ws/install/cpp_lidar/lib/cpp_lidar/cpp_lidar
[3.526s] -- Symlinking: /home/ha/Desktop/ADS-Perception/lidar_ws/install/cpp_lidar/share/ament_index/resource_index/package_run_dependencies/cpp_lidar
[3.533s] -- Symlinking: /home/ha/Desktop/ADS-Perception/lidar_ws/install/cpp_lidar/share/ament_index/resource_index/parent_prefix_path/cpp_lidar
[3.539s] -- Symlinking: /home/ha/Desktop/ADS-Perception/lidar_ws/install/cpp_lidar/share/cpp_lidar/environment/ament_prefix_path.sh
[3.545s] -- Symlinking: /home/ha/Desktop/ADS-Perception/lidar_ws/install/cpp_lidar/share/cpp_lidar/environment/ament_prefix_path.dsv
[3.551s] -- Symlinking: /home/ha/Desktop/ADS-Perception/lidar_ws/install/cpp_lidar/share/cpp_lidar/environment/path.sh
[3.557s] -- Symlinking: /home/ha/Desktop/ADS-Perception/lidar_ws/install/cpp_lidar/share/cpp_lidar/environment/path.dsv
[3.562s] -- Symlinking: /home/ha/Desktop/ADS-Perception/lidar_ws/install/cpp_lidar/share/cpp_lidar/local_setup.bash
[3.567s] -- Symlinking: /home/ha/Desktop/ADS-Perception/lidar_ws/install/cpp_lidar/share/cpp_lidar/local_setup.sh
[3.573s] -- Symlinking: /home/ha/Desktop/ADS-Perception/lidar_ws/install/cpp_lidar/share/cpp_lidar/local_setup.zsh
[3.579s] -- Symlinking: /home/ha/Desktop/ADS-Perception/lidar_ws/install/cpp_lidar/share/cpp_lidar/local_setup.dsv
[3.585s] -- Symlinking: /home/ha/Desktop/ADS-Perception/lidar_ws/install/cpp_lidar/share/cpp_lidar/package.dsv
[3.591s] -- Symlinking: /home/ha/Desktop/ADS-Perception/lidar_ws/install/cpp_lidar/share/ament_index/resource_index/packages/cpp_lidar
[3.597s] -- Symlinking: /home/ha/Desktop/ADS-Perception/lidar_ws/install/cpp_lidar/share/cpp_lidar/cmake/cpp_lidarConfig.cmake
[3.603s] -- Symlinking: /home/ha/Desktop/ADS-Perception/lidar_ws/install/cpp_lidar/share/cpp_lidar/cmake/cpp_lidarConfig-version.cmake
[3.609s] -- Symlinking: /home/ha/Desktop/ADS-Perception/lidar_ws/install/cpp_lidar/share/cpp_lidar/package.xml
[3.616s] Invoked command in '/home/ha/Desktop/ADS-Perception/lidar_ws/build/cpp_lidar' returned '0': CMAKE_PREFIX_PATH=${CMAKE_PREFIX_PATH}:/home/ha/Desktop/gcamp_ros2_ws/install/py_topic_pkg:/opt/ros/foxy /usr/bin/cmake --install /home/ha/Desktop/ADS-Perception/lidar_ws/build/cpp_lidar
