-- Install configuration: ""
-- Execute custom install script
-- Up-to-date symlink: /home/ha/Desktop/ADS-Perception/piracer_ws/install/digital_twin/share/digital_twin/launch/digital_twin.launch.py
-- Up-to-date symlink: /home/ha/Desktop/ADS-Perception/piracer_ws/install/digital_twin/share/digital_twin/worlds/empty_sky.world
-- Up-to-date symlink: /home/ha/Desktop/ADS-Perception/piracer_ws/install/digital_twin/share/digital_twin/description/piracer.xacro
-- Up-to-date symlink: /home/ha/Desktop/ADS-Perception/piracer_ws/install/digital_twin/share/digital_twin/meshes/board.stl
-- Up-to-date symlink: /home/ha/Desktop/ADS-Perception/piracer_ws/install/digital_twin/share/digital_twin/meshes/chassis.stl
-- Symlinking: /home/ha/Desktop/ADS-Perception/piracer_ws/install/digital_twin/share/digital_twin/meshes/rpi.stl
-- Up-to-date symlink: /home/ha/Desktop/ADS-Perception/piracer_ws/install/digital_twin/share/ament_index/resource_index/package_run_dependencies/digital_twin
-- Up-to-date symlink: /home/ha/Desktop/ADS-Perception/piracer_ws/install/digital_twin/share/ament_index/resource_index/parent_prefix_path/digital_twin
-- Up-to-date symlink: /home/ha/Desktop/ADS-Perception/piracer_ws/install/digital_twin/share/digital_twin/environment/ament_prefix_path.sh
-- Up-to-date symlink: /home/ha/Desktop/ADS-Perception/piracer_ws/install/digital_twin/share/digital_twin/environment/ament_prefix_path.dsv
-- Up-to-date symlink: /home/ha/Desktop/ADS-Perception/piracer_ws/install/digital_twin/share/digital_twin/environment/path.sh
-- Up-to-date symlink: /home/ha/Desktop/ADS-Perception/piracer_ws/install/digital_twin/share/digital_twin/environment/path.dsv
-- Up-to-date symlink: /home/ha/Desktop/ADS-Perception/piracer_ws/install/digital_twin/share/digital_twin/local_setup.bash
-- Up-to-date symlink: /home/ha/Desktop/ADS-Perception/piracer_ws/install/digital_twin/share/digital_twin/local_setup.sh
-- Up-to-date symlink: /home/ha/Desktop/ADS-Perception/piracer_ws/install/digital_twin/share/digital_twin/local_setup.zsh
-- Up-to-date symlink: /home/ha/Desktop/ADS-Perception/piracer_ws/install/digital_twin/share/digital_twin/local_setup.dsv
-- Symlinking: /home/ha/Desktop/ADS-Perception/piracer_ws/install/digital_twin/share/digital_twin/package.dsv
-- Up-to-date symlink: /home/ha/Desktop/ADS-Perception/piracer_ws/install/digital_twin/share/ament_index/resource_index/packages/digital_twin
-- Up-to-date symlink: /home/ha/Desktop/ADS-Perception/piracer_ws/install/digital_twin/share/digital_twin/cmake/digital_twinConfig.cmake
-- Up-to-date symlink: /home/ha/Desktop/ADS-Perception/piracer_ws/install/digital_twin/share/digital_twin/cmake/digital_twinConfig-version.cmake
-- Up-to-date symlink: /home/ha/Desktop/ADS-Perception/piracer_ws/install/digital_twin/share/digital_twin/package.xml
