[0.083s] Invoking command in '/home/ha/Desktop/ADS-Perception/piracer_ws/build/digital_twin': CMAKE_PREFIX_PATH=/opt/ros/foxy /usr/bin/cmake --build /home/ha/Desktop/ADS-Perception/piracer_ws/build/digital_twin -- -j8 -l8
[0.109s] Invoked command in '/home/ha/Desktop/ADS-Perception/piracer_ws/build/digital_twin' returned '0': CMAKE_PREFIX_PATH=/opt/ros/foxy /usr/bin/cmake --build /home/ha/Desktop/ADS-Perception/piracer_ws/build/digital_twin -- -j8 -l8
[0.132s] Invoking command in '/home/ha/Desktop/ADS-Perception/piracer_ws/build/digital_twin': CMAKE_PREFIX_PATH=/opt/ros/foxy /usr/bin/cmake --install /home/ha/Desktop/ADS-Perception/piracer_ws/build/digital_twin
[0.138s] -- Install configuration: ""
[0.138s] -- Execute custom install script
[0.138s] -- Up-to-date symlink: /home/ha/Desktop/ADS-Perception/piracer_ws/install/digital_twin/share/digital_twin/launch/digital_twin.launch.py
[0.139s] -- Up-to-date symlink: /home/ha/Desktop/ADS-Perception/piracer_ws/install/digital_twin/share/digital_twin/worlds/empty_sky.world
[0.139s] -- Up-to-date symlink: /home/ha/Desktop/ADS-Perception/piracer_ws/install/digital_twin/share/digital_twin/description/piracer.xacro
[0.139s] -- Up-to-date symlink: /home/ha/Desktop/ADS-Perception/piracer_ws/install/digital_twin/share/digital_twin/meshes/board.stl
[0.139s] -- Up-to-date symlink: /home/ha/Desktop/ADS-Perception/piracer_ws/install/digital_twin/share/digital_twin/meshes/chassis.stl
[0.139s] -- Symlinking: /home/ha/Desktop/ADS-Perception/piracer_ws/install/digital_twin/share/digital_twin/meshes/motor.stl
[0.145s] -- Up-to-date symlink: /home/ha/Desktop/ADS-Perception/piracer_ws/install/digital_twin/share/digital_twin/meshes/rpi.stl
[0.145s] -- Up-to-date symlink: /home/ha/Desktop/ADS-Perception/piracer_ws/install/digital_twin/share/ament_index/resource_index/package_run_dependencies/digital_twin
[0.145s] -- Up-to-date symlink: /home/ha/Desktop/ADS-Perception/piracer_ws/install/digital_twin/share/ament_index/resource_index/parent_prefix_path/digital_twin
[0.145s] -- Up-to-date symlink: /home/ha/Desktop/ADS-Perception/piracer_ws/install/digital_twin/share/digital_twin/environment/ament_prefix_path.sh
[0.145s] -- Up-to-date symlink: /home/ha/Desktop/ADS-Perception/piracer_ws/install/digital_twin/share/digital_twin/environment/ament_prefix_path.dsv
[0.146s] -- Up-to-date symlink: /home/ha/Desktop/ADS-Perception/piracer_ws/install/digital_twin/share/digital_twin/environment/path.sh
[0.146s] -- Up-to-date symlink: /home/ha/Desktop/ADS-Perception/piracer_ws/install/digital_twin/share/digital_twin/environment/path.dsv
[0.146s] -- Up-to-date symlink: /home/ha/Desktop/ADS-Perception/piracer_ws/install/digital_twin/share/digital_twin/local_setup.bash
[0.146s] -- Up-to-date symlink: /home/ha/Desktop/ADS-Perception/piracer_ws/install/digital_twin/share/digital_twin/local_setup.sh
[0.146s] -- Up-to-date symlink: /home/ha/Desktop/ADS-Perception/piracer_ws/install/digital_twin/share/digital_twin/local_setup.zsh
[0.146s] -- Up-to-date symlink: /home/ha/Desktop/ADS-Perception/piracer_ws/install/digital_twin/share/digital_twin/local_setup.dsv
[0.146s] -- Symlinking: /home/ha/Desktop/ADS-Perception/piracer_ws/install/digital_twin/share/digital_twin/package.dsv
[0.152s] -- Up-to-date symlink: /home/ha/Desktop/ADS-Perception/piracer_ws/install/digital_twin/share/ament_index/resource_index/packages/digital_twin
[0.152s] -- Up-to-date symlink: /home/ha/Desktop/ADS-Perception/piracer_ws/install/digital_twin/share/digital_twin/cmake/digital_twinConfig.cmake
[0.152s] -- Up-to-date symlink: /home/ha/Desktop/ADS-Perception/piracer_ws/install/digital_twin/share/digital_twin/cmake/digital_twinConfig-version.cmake
[0.152s] -- Up-to-date symlink: /home/ha/Desktop/ADS-Perception/piracer_ws/install/digital_twin/share/digital_twin/package.xml
[0.154s] Invoked command in '/home/ha/Desktop/ADS-Perception/piracer_ws/build/digital_twin' returned '0': CMAKE_PREFIX_PATH=/opt/ros/foxy /usr/bin/cmake --install /home/ha/Desktop/ADS-Perception/piracer_ws/build/digital_twin
