[0.083s] Invoking command in '/home/ha/Desktop/ADS-Perception/vehicle_ws/build/diff_drive': CMAKE_PREFIX_PATH=/opt/ros/foxy /usr/bin/cmake --build /home/ha/Desktop/ADS-Perception/vehicle_ws/build/diff_drive -- -j8 -l8
[0.109s] Invoked command in '/home/ha/Desktop/ADS-Perception/vehicle_ws/build/diff_drive' returned '0': CMAKE_PREFIX_PATH=/opt/ros/foxy /usr/bin/cmake --build /home/ha/Desktop/ADS-Perception/vehicle_ws/build/diff_drive -- -j8 -l8
[0.135s] Invoking command in '/home/ha/Desktop/ADS-Perception/vehicle_ws/build/diff_drive': CMAKE_PREFIX_PATH=/opt/ros/foxy /usr/bin/cmake --install /home/ha/Desktop/ADS-Perception/vehicle_ws/build/diff_drive
[0.141s] -- Install configuration: ""
[0.141s] -- Execute custom install script
[0.142s] -- Up-to-date symlink: /home/ha/Desktop/ADS-Perception/vehicle_ws/install/diff_drive/share/diff_drive/launch/diff_drive.launch.py
[0.142s] -- Up-to-date symlink: /home/ha/Desktop/ADS-Perception/vehicle_ws/install/diff_drive/share/diff_drive/worlds/empty_sky.world
[0.142s] -- Up-to-date symlink: /home/ha/Desktop/ADS-Perception/vehicle_ws/install/diff_drive/share/diff_drive/description/diffbot.xacro
[0.142s] -- Up-to-date symlink: /home/ha/Desktop/ADS-Perception/vehicle_ws/install/diff_drive/share/ament_index/resource_index/package_run_dependencies/diff_drive
[0.142s] -- Up-to-date symlink: /home/ha/Desktop/ADS-Perception/vehicle_ws/install/diff_drive/share/ament_index/resource_index/parent_prefix_path/diff_drive
[0.142s] -- Up-to-date symlink: /home/ha/Desktop/ADS-Perception/vehicle_ws/install/diff_drive/share/diff_drive/environment/ament_prefix_path.sh
[0.143s] -- Up-to-date symlink: /home/ha/Desktop/ADS-Perception/vehicle_ws/install/diff_drive/share/diff_drive/environment/ament_prefix_path.dsv
[0.143s] -- Up-to-date symlink: /home/ha/Desktop/ADS-Perception/vehicle_ws/install/diff_drive/share/diff_drive/environment/path.sh
[0.143s] -- Up-to-date symlink: /home/ha/Desktop/ADS-Perception/vehicle_ws/install/diff_drive/share/diff_drive/environment/path.dsv
[0.143s] -- Up-to-date symlink: /home/ha/Desktop/ADS-Perception/vehicle_ws/install/diff_drive/share/diff_drive/local_setup.bash
[0.143s] -- Up-to-date symlink: /home/ha/Desktop/ADS-Perception/vehicle_ws/install/diff_drive/share/diff_drive/local_setup.sh
[0.143s] -- Up-to-date symlink: /home/ha/Desktop/ADS-Perception/vehicle_ws/install/diff_drive/share/diff_drive/local_setup.zsh
[0.143s] -- Up-to-date symlink: /home/ha/Desktop/ADS-Perception/vehicle_ws/install/diff_drive/share/diff_drive/local_setup.dsv
[0.144s] -- Symlinking: /home/ha/Desktop/ADS-Perception/vehicle_ws/install/diff_drive/share/diff_drive/package.dsv
[0.149s] -- Up-to-date symlink: /home/ha/Desktop/ADS-Perception/vehicle_ws/install/diff_drive/share/ament_index/resource_index/packages/diff_drive
[0.149s] -- Up-to-date symlink: /home/ha/Desktop/ADS-Perception/vehicle_ws/install/diff_drive/share/diff_drive/cmake/diff_driveConfig.cmake
[0.150s] -- Up-to-date symlink: /home/ha/Desktop/ADS-Perception/vehicle_ws/install/diff_drive/share/diff_drive/cmake/diff_driveConfig-version.cmake
[0.150s] -- Up-to-date symlink: /home/ha/Desktop/ADS-Perception/vehicle_ws/install/diff_drive/share/diff_drive/package.xml
[0.151s] Invoked command in '/home/ha/Desktop/ADS-Perception/vehicle_ws/build/diff_drive' returned '0': CMAKE_PREFIX_PATH=/opt/ros/foxy /usr/bin/cmake --install /home/ha/Desktop/ADS-Perception/vehicle_ws/build/diff_drive
