[1.381s] DEBUG:colcon:Command line arguments: ['/usr/bin/colcon', 'build', '--symlink-install']
[1.381s] DEBUG:colcon:Parsed command line arguments: Namespace(allow_overriding=[], ament_cmake_args=None, base_paths=['.'], build_base='build', catkin_cmake_args=None, catkin_skip_building_tests=False, cmake_args=None, cmake_clean_cache=False, cmake_clean_first=False, cmake_force_configure=False, cmake_target=None, cmake_target_skip_unavailable=False, continue_on_error=False, event_handlers=None, executor='parallel', ignore_user_meta=False, install_base='install', log_base=None, log_level=None, main=<bound method BuildVerb.main of <colcon_core.verb.build.BuildVerb object at 0x7fc09e57df40>>, merge_install=False, metas=['./colcon.meta'], packages_above=None, packages_above_and_dependencies=None, packages_above_depth=None, packages_end=None, packages_ignore=None, packages_ignore_regex=None, packages_select=None, packages_select_build_failed=False, packages_select_by_dep=None, packages_select_regex=None, packages_select_test_failures=False, packages_skip=None, packages_skip_build_finished=False, packages_skip_by_dep=None, packages_skip_regex=None, packages_skip_test_passed=False, packages_skip_up_to=None, packages_start=None, packages_up_to=None, packages_up_to_regex=None, parallel_workers=8, paths=None, symlink_install=True, test_result_base=None, verb_extension=<colcon_core.verb.build.BuildVerb object at 0x7fc09e57df40>, verb_name='build', verb_parser=<colcon_defaults.argument_parser.defaults.DefaultArgumentsDecorator object at 0x7fc09e589310>)
[1.446s] Level 1:colcon.colcon_core.package_discovery:discover_packages(colcon_meta) check parameters
[1.446s] Level 1:colcon.colcon_core.package_discovery:discover_packages(recursive) check parameters
[1.446s] Level 1:colcon.colcon_core.package_discovery:discover_packages(ignore) check parameters
[1.446s] Level 1:colcon.colcon_core.package_discovery:discover_packages(path) check parameters
[1.446s] Level 1:colcon.colcon_core.package_discovery:discover_packages(colcon_meta) discover
[1.446s] Level 1:colcon.colcon_core.package_discovery:discover_packages(recursive) discover
[1.446s] INFO:colcon.colcon_core.package_discovery:Crawling recursively for packages in '/home/ha/Desktop/ADS-Perception/slam_ws'
[1.446s] Level 1:colcon.colcon_core.package_identification:_identify(.) by extensions ['ignore', 'ignore_ament_install']
[1.446s] Level 1:colcon.colcon_core.package_identification:_identify(.) by extension 'ignore'
[1.446s] Level 1:colcon.colcon_core.package_identification:_identify(.) by extension 'ignore_ament_install'
[1.447s] Level 1:colcon.colcon_core.package_identification:_identify(.) by extensions ['colcon_pkg']
[1.447s] Level 1:colcon.colcon_core.package_identification:_identify(.) by extension 'colcon_pkg'
[1.447s] Level 1:colcon.colcon_core.package_identification:_identify(.) by extensions ['colcon_meta']
[1.447s] Level 1:colcon.colcon_core.package_identification:_identify(.) by extension 'colcon_meta'
[1.447s] Level 1:colcon.colcon_core.package_identification:_identify(.) by extensions ['ros']
[1.447s] Level 1:colcon.colcon_core.package_identification:_identify(.) by extension 'ros'
[1.453s] Level 1:colcon.colcon_core.package_identification:_identify(.) by extensions ['cmake', 'python']
[1.453s] Level 1:colcon.colcon_core.package_identification:_identify(.) by extension 'cmake'
[1.453s] Level 1:colcon.colcon_core.package_identification:_identify(.) by extension 'python'
[1.453s] Level 1:colcon.colcon_core.package_identification:_identify(.) by extensions ['python_setup_py']
[1.453s] Level 1:colcon.colcon_core.package_identification:_identify(.) by extension 'python_setup_py'
[1.453s] Level 1:colcon.colcon_core.package_identification:_identify(build) by extensions ['ignore', 'ignore_ament_install']
[1.453s] Level 1:colcon.colcon_core.package_identification:_identify(build) by extension 'ignore'
[1.454s] Level 1:colcon.colcon_core.package_identification:_identify(build) ignored
[1.454s] Level 1:colcon.colcon_core.package_identification:_identify(install) by extensions ['ignore', 'ignore_ament_install']
[1.454s] Level 1:colcon.colcon_core.package_identification:_identify(install) by extension 'ignore'
[1.454s] Level 1:colcon.colcon_core.package_identification:_identify(install) ignored
[1.454s] Level 1:colcon.colcon_core.package_identification:_identify(log) by extensions ['ignore', 'ignore_ament_install']
[1.454s] Level 1:colcon.colcon_core.package_identification:_identify(log) by extension 'ignore'
[1.454s] Level 1:colcon.colcon_core.package_identification:_identify(log) ignored
[1.454s] Level 1:colcon.colcon_core.package_identification:_identify(src) by extensions ['ignore', 'ignore_ament_install']
[1.454s] Level 1:colcon.colcon_core.package_identification:_identify(src) by extension 'ignore'
[1.454s] Level 1:colcon.colcon_core.package_identification:_identify(src) by extension 'ignore_ament_install'
[1.454s] Level 1:colcon.colcon_core.package_identification:_identify(src) by extensions ['colcon_pkg']
[1.454s] Level 1:colcon.colcon_core.package_identification:_identify(src) by extension 'colcon_pkg'
[1.454s] Level 1:colcon.colcon_core.package_identification:_identify(src) by extensions ['colcon_meta']
[1.454s] Level 1:colcon.colcon_core.package_identification:_identify(src) by extension 'colcon_meta'
[1.454s] Level 1:colcon.colcon_core.package_identification:_identify(src) by extensions ['ros']
[1.454s] Level 1:colcon.colcon_core.package_identification:_identify(src) by extension 'ros'
[1.454s] Level 1:colcon.colcon_core.package_identification:_identify(src) by extensions ['cmake', 'python']
[1.454s] Level 1:colcon.colcon_core.package_identification:_identify(src) by extension 'cmake'
[1.454s] Level 1:colcon.colcon_core.package_identification:_identify(src) by extension 'python'
[1.454s] Level 1:colcon.colcon_core.package_identification:_identify(src) by extensions ['python_setup_py']
[1.454s] Level 1:colcon.colcon_core.package_identification:_identify(src) by extension 'python_setup_py'
[1.454s] Level 1:colcon.colcon_core.package_identification:_identify(src/gazebo_slam) by extensions ['ignore', 'ignore_ament_install']
[1.454s] Level 1:colcon.colcon_core.package_identification:_identify(src/gazebo_slam) by extension 'ignore'
[1.454s] Level 1:colcon.colcon_core.package_identification:_identify(src/gazebo_slam) by extension 'ignore_ament_install'
[1.454s] Level 1:colcon.colcon_core.package_identification:_identify(src/gazebo_slam) by extensions ['colcon_pkg']
[1.454s] Level 1:colcon.colcon_core.package_identification:_identify(src/gazebo_slam) by extension 'colcon_pkg'
[1.454s] Level 1:colcon.colcon_core.package_identification:_identify(src/gazebo_slam) by extensions ['colcon_meta']
[1.454s] Level 1:colcon.colcon_core.package_identification:_identify(src/gazebo_slam) by extension 'colcon_meta'
[1.454s] Level 1:colcon.colcon_core.package_identification:_identify(src/gazebo_slam) by extensions ['ros']
[1.454s] Level 1:colcon.colcon_core.package_identification:_identify(src/gazebo_slam) by extension 'ros'
[1.456s] DEBUG:colcon.colcon_core.package_identification:Package 'src/gazebo_slam' with type 'ros.ament_cmake' and name 'gazebo_slam'
[1.456s] Level 1:colcon.colcon_core.package_discovery:discover_packages(recursive) using defaults
[1.456s] Level 1:colcon.colcon_core.package_discovery:discover_packages(ignore) discover
[1.456s] Level 1:colcon.colcon_core.package_discovery:discover_packages(ignore) using defaults
[1.456s] Level 1:colcon.colcon_core.package_discovery:discover_packages(path) discover
[1.456s] Level 1:colcon.colcon_core.package_discovery:discover_packages(path) using defaults
[1.587s] Level 1:colcon.colcon_core.package_discovery:discover_packages(prefix_path) check parameters
[1.587s] Level 1:colcon.colcon_core.package_discovery:discover_packages(prefix_path) discover
[1.635s] DEBUG:colcon.colcon_installed_package_information.package_discovery:Found 331 installed packages in /opt/ros/foxy
[1.636s] Level 1:colcon.colcon_core.package_discovery:discover_packages(prefix_path) using defaults
[1.737s] Level 5:colcon.colcon_core.verb:set package 'gazebo_slam' build argument 'cmake_args' from command line to 'None'
[1.737s] Level 5:colcon.colcon_core.verb:set package 'gazebo_slam' build argument 'cmake_target' from command line to 'None'
[1.737s] Level 5:colcon.colcon_core.verb:set package 'gazebo_slam' build argument 'cmake_target_skip_unavailable' from command line to 'False'
[1.737s] Level 5:colcon.colcon_core.verb:set package 'gazebo_slam' build argument 'cmake_clean_cache' from command line to 'False'
[1.737s] Level 5:colcon.colcon_core.verb:set package 'gazebo_slam' build argument 'cmake_clean_first' from command line to 'False'
[1.737s] Level 5:colcon.colcon_core.verb:set package 'gazebo_slam' build argument 'cmake_force_configure' from command line to 'False'
[1.737s] Level 5:colcon.colcon_core.verb:set package 'gazebo_slam' build argument 'ament_cmake_args' from command line to 'None'
[1.737s] Level 5:colcon.colcon_core.verb:set package 'gazebo_slam' build argument 'catkin_cmake_args' from command line to 'None'
[1.737s] Level 5:colcon.colcon_core.verb:set package 'gazebo_slam' build argument 'catkin_skip_building_tests' from command line to 'False'
[1.737s] DEBUG:colcon.colcon_core.verb:Building package 'gazebo_slam' with the following arguments: {'ament_cmake_args': None, 'build_base': '/home/ha/Desktop/ADS-Perception/slam_ws/build/gazebo_slam', 'catkin_cmake_args': None, 'catkin_skip_building_tests': False, 'cmake_args': None, 'cmake_clean_cache': False, 'cmake_clean_first': False, 'cmake_force_configure': False, 'cmake_target': None, 'cmake_target_skip_unavailable': False, 'install_base': '/home/ha/Desktop/ADS-Perception/slam_ws/install/gazebo_slam', 'merge_install': False, 'path': '/home/ha/Desktop/ADS-Perception/slam_ws/src/gazebo_slam', 'symlink_install': True, 'test_result_base': None}
[1.761s] INFO:colcon.colcon_core.executor:Executing jobs using 'parallel' executor
[1.786s] DEBUG:colcon.colcon_parallel_executor.executor.parallel:run_until_complete
[1.786s] INFO:colcon.colcon_ros.task.ament_cmake.build:Building ROS package in '/home/ha/Desktop/ADS-Perception/slam_ws/src/gazebo_slam' with build type 'ament_cmake'
[1.786s] INFO:colcon.colcon_cmake.task.cmake.build:Building CMake package in '/home/ha/Desktop/ADS-Perception/slam_ws/src/gazebo_slam'
[1.812s] INFO:colcon.colcon_core.plugin_system:Skipping extension 'colcon_core.shell.bat': Not used on non-Windows systems
[1.812s] INFO:colcon.colcon_core.shell:Skip shell extension 'powershell' for command environment: Not usable outside of PowerShell
[1.812s] DEBUG:colcon.colcon_core.shell:Skip shell extension 'dsv' for command environment
[1.867s] DEBUG:colcon.colcon_core.event_handler.log_command:Invoking command in '/home/ha/Desktop/ADS-Perception/slam_ws/build/gazebo_slam': CMAKE_PREFIX_PATH=/opt/ros/foxy /usr/bin/cmake /home/ha/Desktop/ADS-Perception/slam_ws/src/gazebo_slam -DAMENT_CMAKE_SYMLINK_INSTALL=1 -DCMAKE_INSTALL_PREFIX=/home/ha/Desktop/ADS-Perception/slam_ws/install/gazebo_slam
[2.342s] DEBUG:colcon.colcon_core.event_handler.log_command:Invoked command in '/home/ha/Desktop/ADS-Perception/slam_ws/build/gazebo_slam' returned '0': CMAKE_PREFIX_PATH=/opt/ros/foxy /usr/bin/cmake /home/ha/Desktop/ADS-Perception/slam_ws/src/gazebo_slam -DAMENT_CMAKE_SYMLINK_INSTALL=1 -DCMAKE_INSTALL_PREFIX=/home/ha/Desktop/ADS-Perception/slam_ws/install/gazebo_slam
[2.343s] DEBUG:colcon.colcon_core.event_handler.log_command:Invoking command in '/home/ha/Desktop/ADS-Perception/slam_ws/build/gazebo_slam': CMAKE_PREFIX_PATH=/opt/ros/foxy /usr/bin/cmake --build /home/ha/Desktop/ADS-Perception/slam_ws/build/gazebo_slam -- -j8 -l8
[2.375s] DEBUG:colcon.colcon_core.event_handler.log_command:Invoked command in '/home/ha/Desktop/ADS-Perception/slam_ws/build/gazebo_slam' returned '0': CMAKE_PREFIX_PATH=/opt/ros/foxy /usr/bin/cmake --build /home/ha/Desktop/ADS-Perception/slam_ws/build/gazebo_slam -- -j8 -l8
[2.404s] DEBUG:colcon.colcon_core.event_handler.log_command:Invoking command in '/home/ha/Desktop/ADS-Perception/slam_ws/build/gazebo_slam': CMAKE_PREFIX_PATH=/opt/ros/foxy /usr/bin/cmake --install /home/ha/Desktop/ADS-Perception/slam_ws/build/gazebo_slam
[2.507s] Level 1:colcon.colcon_core.environment:create_environment_scripts_only(gazebo_slam)
[2.508s] DEBUG:colcon.colcon_core.event_handler.log_command:Invoked command in '/home/ha/Desktop/ADS-Perception/slam_ws/build/gazebo_slam' returned '0': CMAKE_PREFIX_PATH=/opt/ros/foxy /usr/bin/cmake --install /home/ha/Desktop/ADS-Perception/slam_ws/build/gazebo_slam
[2.535s] Level 1:colcon.colcon_core.environment:checking '/home/ha/Desktop/ADS-Perception/slam_ws/install/gazebo_slam' for CMake module files
[2.535s] Level 1:colcon.colcon_core.environment:checking '/home/ha/Desktop/ADS-Perception/slam_ws/install/gazebo_slam' for CMake config files
[2.535s] Level 1:colcon.colcon_core.shell:create_environment_hook('gazebo_slam', 'cmake_prefix_path')
[2.560s] INFO:colcon.colcon_core.shell:Creating environment hook '/home/ha/Desktop/ADS-Perception/slam_ws/install/gazebo_slam/share/gazebo_slam/hook/cmake_prefix_path.ps1'
[2.560s] INFO:colcon.colcon_core.shell:Creating environment descriptor '/home/ha/Desktop/ADS-Perception/slam_ws/install/gazebo_slam/share/gazebo_slam/hook/cmake_prefix_path.dsv'
[2.560s] INFO:colcon.colcon_core.shell:Creating environment hook '/home/ha/Desktop/ADS-Perception/slam_ws/install/gazebo_slam/share/gazebo_slam/hook/cmake_prefix_path.sh'
[2.561s] Level 1:colcon.colcon_core.environment:checking '/home/ha/Desktop/ADS-Perception/slam_ws/install/gazebo_slam/bin'
[2.561s] Level 1:colcon.colcon_core.environment:checking '/home/ha/Desktop/ADS-Perception/slam_ws/install/gazebo_slam/lib/pkgconfig/gazebo_slam.pc'
[2.561s] Level 1:colcon.colcon_core.environment:checking '/home/ha/Desktop/ADS-Perception/slam_ws/install/gazebo_slam/lib/python3.8/site-packages'
[2.561s] Level 1:colcon.colcon_core.environment:checking '/home/ha/Desktop/ADS-Perception/slam_ws/install/gazebo_slam/bin'
[2.585s] INFO:colcon.colcon_core.shell:Creating package script '/home/ha/Desktop/ADS-Perception/slam_ws/install/gazebo_slam/share/gazebo_slam/package.ps1'
[2.586s] INFO:colcon.colcon_core.shell:Creating package descriptor '/home/ha/Desktop/ADS-Perception/slam_ws/install/gazebo_slam/share/gazebo_slam/package.dsv'
[2.586s] INFO:colcon.colcon_core.shell:Creating package script '/home/ha/Desktop/ADS-Perception/slam_ws/install/gazebo_slam/share/gazebo_slam/package.sh'
[2.586s] INFO:colcon.colcon_core.shell:Creating package script '/home/ha/Desktop/ADS-Perception/slam_ws/install/gazebo_slam/share/gazebo_slam/package.bash'
[2.587s] INFO:colcon.colcon_core.shell:Creating package script '/home/ha/Desktop/ADS-Perception/slam_ws/install/gazebo_slam/share/gazebo_slam/package.zsh'
[2.587s] Level 1:colcon.colcon_core.environment:create_file_with_runtime_dependencies(/home/ha/Desktop/ADS-Perception/slam_ws/install/gazebo_slam/share/colcon-core/packages/gazebo_slam)
[2.635s] Level 1:colcon.colcon_core.environment:create_environment_scripts_only(gazebo_slam)
[2.659s] Level 1:colcon.colcon_core.environment:checking '/home/ha/Desktop/ADS-Perception/slam_ws/install/gazebo_slam' for CMake module files
[2.660s] Level 1:colcon.colcon_core.environment:checking '/home/ha/Desktop/ADS-Perception/slam_ws/install/gazebo_slam' for CMake config files
[2.660s] Level 1:colcon.colcon_core.shell:create_environment_hook('gazebo_slam', 'cmake_prefix_path')
[2.684s] INFO:colcon.colcon_core.shell:Creating environment hook '/home/ha/Desktop/ADS-Perception/slam_ws/install/gazebo_slam/share/gazebo_slam/hook/cmake_prefix_path.ps1'
[2.684s] INFO:colcon.colcon_core.shell:Creating environment descriptor '/home/ha/Desktop/ADS-Perception/slam_ws/install/gazebo_slam/share/gazebo_slam/hook/cmake_prefix_path.dsv'
[2.684s] INFO:colcon.colcon_core.shell:Creating environment hook '/home/ha/Desktop/ADS-Perception/slam_ws/install/gazebo_slam/share/gazebo_slam/hook/cmake_prefix_path.sh'
[2.685s] Level 1:colcon.colcon_core.environment:checking '/home/ha/Desktop/ADS-Perception/slam_ws/install/gazebo_slam/bin'
[2.685s] Level 1:colcon.colcon_core.environment:checking '/home/ha/Desktop/ADS-Perception/slam_ws/install/gazebo_slam/lib/pkgconfig/gazebo_slam.pc'
[2.685s] Level 1:colcon.colcon_core.environment:checking '/home/ha/Desktop/ADS-Perception/slam_ws/install/gazebo_slam/lib/python3.8/site-packages'
[2.685s] Level 1:colcon.colcon_core.environment:checking '/home/ha/Desktop/ADS-Perception/slam_ws/install/gazebo_slam/bin'
[2.709s] INFO:colcon.colcon_core.shell:Creating package script '/home/ha/Desktop/ADS-Perception/slam_ws/install/gazebo_slam/share/gazebo_slam/package.ps1'
[2.710s] INFO:colcon.colcon_core.shell:Creating package descriptor '/home/ha/Desktop/ADS-Perception/slam_ws/install/gazebo_slam/share/gazebo_slam/package.dsv'
[2.710s] INFO:colcon.colcon_core.shell:Creating package script '/home/ha/Desktop/ADS-Perception/slam_ws/install/gazebo_slam/share/gazebo_slam/package.sh'
[2.710s] INFO:colcon.colcon_core.shell:Creating package script '/home/ha/Desktop/ADS-Perception/slam_ws/install/gazebo_slam/share/gazebo_slam/package.bash'
[2.710s] INFO:colcon.colcon_core.shell:Creating package script '/home/ha/Desktop/ADS-Perception/slam_ws/install/gazebo_slam/share/gazebo_slam/package.zsh'
[2.711s] Level 1:colcon.colcon_core.environment:create_file_with_runtime_dependencies(/home/ha/Desktop/ADS-Perception/slam_ws/install/gazebo_slam/share/colcon-core/packages/gazebo_slam)
[2.711s] DEBUG:colcon.colcon_parallel_executor.executor.parallel:closing loop
[2.711s] DEBUG:colcon.colcon_parallel_executor.executor.parallel:loop closed
[2.711s] DEBUG:colcon.colcon_parallel_executor.executor.parallel:run_until_complete finished with '0'
[2.711s] DEBUG:colcon.colcon_core.event_reactor:joining thread
[2.742s] INFO:colcon.colcon_core.plugin_system:Skipping extension 'colcon_notification.desktop_notification.terminal_notifier': Not used on non-Darwin systems
[2.742s] INFO:colcon.colcon_core.plugin_system:Skipping extension 'colcon_notification.desktop_notification.win32': Not used on non-Windows systems
[2.742s] INFO:colcon.colcon_notification.desktop_notification:Sending desktop notification using 'notify2'
[2.751s] DEBUG:colcon.colcon_core.event_reactor:joined thread
[2.777s] INFO:colcon.colcon_core.shell:Creating prefix script '/home/ha/Desktop/ADS-Perception/slam_ws/install/local_setup.ps1'
[2.777s] INFO:colcon.colcon_core.shell:Creating prefix util module '/home/ha/Desktop/ADS-Perception/slam_ws/install/_local_setup_util_ps1.py'
[2.778s] INFO:colcon.colcon_core.shell:Creating prefix chain script '/home/ha/Desktop/ADS-Perception/slam_ws/install/setup.ps1'
[2.803s] INFO:colcon.colcon_core.shell:Creating prefix script '/home/ha/Desktop/ADS-Perception/slam_ws/install/local_setup.sh'
[2.803s] INFO:colcon.colcon_core.shell:Creating prefix util module '/home/ha/Desktop/ADS-Perception/slam_ws/install/_local_setup_util_sh.py'
[2.803s] INFO:colcon.colcon_core.shell:Creating prefix chain script '/home/ha/Desktop/ADS-Perception/slam_ws/install/setup.sh'
[2.828s] INFO:colcon.colcon_core.shell:Creating prefix script '/home/ha/Desktop/ADS-Perception/slam_ws/install/local_setup.bash'
[2.828s] INFO:colcon.colcon_core.shell:Creating prefix chain script '/home/ha/Desktop/ADS-Perception/slam_ws/install/setup.bash'
[2.853s] INFO:colcon.colcon_core.shell:Creating prefix script '/home/ha/Desktop/ADS-Perception/slam_ws/install/local_setup.zsh'
[2.853s] INFO:colcon.colcon_core.shell:Creating prefix chain script '/home/ha/Desktop/ADS-Perception/slam_ws/install/setup.zsh'
