[1.328s] DEBUG:colcon:Command line arguments: ['/usr/bin/colcon', 'build', '--symlink-install']
[1.328s] DEBUG:colcon:Parsed command line arguments: Namespace(allow_overriding=[], ament_cmake_args=None, base_paths=['.'], build_base='build', catkin_cmake_args=None, catkin_skip_building_tests=False, cmake_args=None, cmake_clean_cache=False, cmake_clean_first=False, cmake_force_configure=False, cmake_target=None, cmake_target_skip_unavailable=False, continue_on_error=False, event_handlers=None, executor='parallel', ignore_user_meta=False, install_base='install', log_base=None, log_level=None, main=<bound method BuildVerb.main of <colcon_core.verb.build.BuildVerb object at 0x7fe2b6fa1e20>>, merge_install=False, metas=['./colcon.meta'], packages_above=None, packages_above_and_dependencies=None, packages_above_depth=None, packages_end=None, packages_ignore=None, packages_ignore_regex=None, packages_select=None, packages_select_build_failed=False, packages_select_by_dep=None, packages_select_regex=None, packages_select_test_failures=False, packages_skip=None, packages_skip_build_finished=False, packages_skip_by_dep=None, packages_skip_regex=None, packages_skip_test_passed=False, packages_skip_up_to=None, packages_start=None, packages_up_to=None, packages_up_to_regex=None, parallel_workers=8, paths=None, symlink_install=True, test_result_base=None, verb_extension=<colcon_core.verb.build.BuildVerb object at 0x7fe2b6fa1e20>, verb_name='build', verb_parser=<colcon_defaults.argument_parser.defaults.DefaultArgumentsDecorator object at 0x7fe2b6fa1a30>)
[1.391s] Level 1:colcon.colcon_core.package_discovery:discover_packages(colcon_meta) check parameters
[1.391s] Level 1:colcon.colcon_core.package_discovery:discover_packages(recursive) check parameters
[1.391s] Level 1:colcon.colcon_core.package_discovery:discover_packages(ignore) check parameters
[1.391s] Level 1:colcon.colcon_core.package_discovery:discover_packages(path) check parameters
[1.391s] Level 1:colcon.colcon_core.package_discovery:discover_packages(colcon_meta) discover
[1.391s] Level 1:colcon.colcon_core.package_discovery:discover_packages(recursive) discover
[1.391s] INFO:colcon.colcon_core.package_discovery:Crawling recursively for packages in '/home/ha/Desktop/ADS-Sense/lidar_ws'
[1.391s] Level 1:colcon.colcon_core.package_identification:_identify(.) by extensions ['ignore', 'ignore_ament_install']
[1.391s] Level 1:colcon.colcon_core.package_identification:_identify(.) by extension 'ignore'
[1.391s] Level 1:colcon.colcon_core.package_identification:_identify(.) by extension 'ignore_ament_install'
[1.391s] Level 1:colcon.colcon_core.package_identification:_identify(.) by extensions ['colcon_pkg']
[1.391s] Level 1:colcon.colcon_core.package_identification:_identify(.) by extension 'colcon_pkg'
[1.391s] Level 1:colcon.colcon_core.package_identification:_identify(.) by extensions ['colcon_meta']
[1.391s] Level 1:colcon.colcon_core.package_identification:_identify(.) by extension 'colcon_meta'
[1.391s] Level 1:colcon.colcon_core.package_identification:_identify(.) by extensions ['ros']
[1.392s] Level 1:colcon.colcon_core.package_identification:_identify(.) by extension 'ros'
[1.398s] Level 1:colcon.colcon_core.package_identification:_identify(.) by extensions ['cmake', 'python']
[1.398s] Level 1:colcon.colcon_core.package_identification:_identify(.) by extension 'cmake'
[1.398s] Level 1:colcon.colcon_core.package_identification:_identify(.) by extension 'python'
[1.398s] Level 1:colcon.colcon_core.package_identification:_identify(.) by extensions ['python_setup_py']
[1.398s] Level 1:colcon.colcon_core.package_identification:_identify(.) by extension 'python_setup_py'
[1.398s] Level 1:colcon.colcon_core.package_identification:_identify(build) by extensions ['ignore', 'ignore_ament_install']
[1.399s] Level 1:colcon.colcon_core.package_identification:_identify(build) by extension 'ignore'
[1.399s] Level 1:colcon.colcon_core.package_identification:_identify(build) ignored
[1.399s] Level 1:colcon.colcon_core.package_identification:_identify(install) by extensions ['ignore', 'ignore_ament_install']
[1.399s] Level 1:colcon.colcon_core.package_identification:_identify(install) by extension 'ignore'
[1.399s] Level 1:colcon.colcon_core.package_identification:_identify(install) ignored
[1.399s] Level 1:colcon.colcon_core.package_identification:_identify(log) by extensions ['ignore', 'ignore_ament_install']
[1.399s] Level 1:colcon.colcon_core.package_identification:_identify(log) by extension 'ignore'
[1.399s] Level 1:colcon.colcon_core.package_identification:_identify(log) ignored
[1.399s] Level 1:colcon.colcon_core.package_identification:_identify(src) by extensions ['ignore', 'ignore_ament_install']
[1.399s] Level 1:colcon.colcon_core.package_identification:_identify(src) by extension 'ignore'
[1.399s] Level 1:colcon.colcon_core.package_identification:_identify(src) by extension 'ignore_ament_install'
[1.399s] Level 1:colcon.colcon_core.package_identification:_identify(src) by extensions ['colcon_pkg']
[1.399s] Level 1:colcon.colcon_core.package_identification:_identify(src) by extension 'colcon_pkg'
[1.399s] Level 1:colcon.colcon_core.package_identification:_identify(src) by extensions ['colcon_meta']
[1.399s] Level 1:colcon.colcon_core.package_identification:_identify(src) by extension 'colcon_meta'
[1.399s] Level 1:colcon.colcon_core.package_identification:_identify(src) by extensions ['ros']
[1.399s] Level 1:colcon.colcon_core.package_identification:_identify(src) by extension 'ros'
[1.399s] Level 1:colcon.colcon_core.package_identification:_identify(src) by extensions ['cmake', 'python']
[1.399s] Level 1:colcon.colcon_core.package_identification:_identify(src) by extension 'cmake'
[1.399s] Level 1:colcon.colcon_core.package_identification:_identify(src) by extension 'python'
[1.399s] Level 1:colcon.colcon_core.package_identification:_identify(src) by extensions ['python_setup_py']
[1.399s] Level 1:colcon.colcon_core.package_identification:_identify(src) by extension 'python_setup_py'
[1.399s] Level 1:colcon.colcon_core.package_identification:_identify(src/cpp_lidar) by extensions ['ignore', 'ignore_ament_install']
[1.399s] Level 1:colcon.colcon_core.package_identification:_identify(src/cpp_lidar) by extension 'ignore'
[1.399s] Level 1:colcon.colcon_core.package_identification:_identify(src/cpp_lidar) by extension 'ignore_ament_install'
[1.399s] Level 1:colcon.colcon_core.package_identification:_identify(src/cpp_lidar) by extensions ['colcon_pkg']
[1.399s] Level 1:colcon.colcon_core.package_identification:_identify(src/cpp_lidar) by extension 'colcon_pkg'
[1.399s] Level 1:colcon.colcon_core.package_identification:_identify(src/cpp_lidar) by extensions ['colcon_meta']
[1.399s] Level 1:colcon.colcon_core.package_identification:_identify(src/cpp_lidar) by extension 'colcon_meta'
[1.399s] Level 1:colcon.colcon_core.package_identification:_identify(src/cpp_lidar) by extensions ['ros']
[1.399s] Level 1:colcon.colcon_core.package_identification:_identify(src/cpp_lidar) by extension 'ros'
[1.401s] DEBUG:colcon.colcon_core.package_identification:Package 'src/cpp_lidar' with type 'ros.ament_cmake' and name 'cpp_lidar'
[1.401s] Level 1:colcon.colcon_core.package_identification:_identify(src/py_lidar) by extensions ['ignore', 'ignore_ament_install']
[1.401s] Level 1:colcon.colcon_core.package_identification:_identify(src/py_lidar) by extension 'ignore'
[1.401s] Level 1:colcon.colcon_core.package_identification:_identify(src/py_lidar) by extension 'ignore_ament_install'
[1.401s] Level 1:colcon.colcon_core.package_identification:_identify(src/py_lidar) by extensions ['colcon_pkg']
[1.401s] Level 1:colcon.colcon_core.package_identification:_identify(src/py_lidar) by extension 'colcon_pkg'
[1.401s] Level 1:colcon.colcon_core.package_identification:_identify(src/py_lidar) by extensions ['colcon_meta']
[1.401s] Level 1:colcon.colcon_core.package_identification:_identify(src/py_lidar) by extension 'colcon_meta'
[1.401s] Level 1:colcon.colcon_core.package_identification:_identify(src/py_lidar) by extensions ['ros']
[1.401s] Level 1:colcon.colcon_core.package_identification:_identify(src/py_lidar) by extension 'ros'
[1.401s] DEBUG:colcon.colcon_core.package_identification:Package 'src/py_lidar' with type 'ros.ament_python' and name 'py_lidar'
[1.401s] Level 1:colcon.colcon_core.package_discovery:discover_packages(recursive) using defaults
[1.401s] Level 1:colcon.colcon_core.package_discovery:discover_packages(ignore) discover
[1.402s] Level 1:colcon.colcon_core.package_discovery:discover_packages(ignore) using defaults
[1.402s] Level 1:colcon.colcon_core.package_discovery:discover_packages(path) discover
[1.402s] Level 1:colcon.colcon_core.package_discovery:discover_packages(path) using defaults
[1.523s] Level 1:colcon.colcon_core.package_discovery:discover_packages(prefix_path) check parameters
[1.523s] Level 1:colcon.colcon_core.package_discovery:discover_packages(prefix_path) discover
[1.568s] DEBUG:colcon.colcon_installed_package_information.package_discovery:Found 1 installed packages in /home/ha/Desktop/ydlidar_ros2_ws/install
[1.591s] DEBUG:colcon.colcon_installed_package_information.package_discovery:Found 4 installed packages in /home/ha/Desktop/gcamp_ros2_ws/install
[1.614s] DEBUG:colcon.colcon_installed_package_information.package_discovery:Found 331 installed packages in /opt/ros/foxy
[1.615s] Level 1:colcon.colcon_core.package_discovery:discover_packages(prefix_path) using defaults
[1.713s] Level 5:colcon.colcon_core.verb:set package 'cpp_lidar' build argument 'cmake_args' from command line to 'None'
[1.713s] Level 5:colcon.colcon_core.verb:set package 'cpp_lidar' build argument 'cmake_target' from command line to 'None'
[1.713s] Level 5:colcon.colcon_core.verb:set package 'cpp_lidar' build argument 'cmake_target_skip_unavailable' from command line to 'False'
[1.713s] Level 5:colcon.colcon_core.verb:set package 'cpp_lidar' build argument 'cmake_clean_cache' from command line to 'False'
[1.713s] Level 5:colcon.colcon_core.verb:set package 'cpp_lidar' build argument 'cmake_clean_first' from command line to 'False'
[1.713s] Level 5:colcon.colcon_core.verb:set package 'cpp_lidar' build argument 'cmake_force_configure' from command line to 'False'
[1.713s] Level 5:colcon.colcon_core.verb:set package 'cpp_lidar' build argument 'ament_cmake_args' from command line to 'None'
[1.713s] Level 5:colcon.colcon_core.verb:set package 'cpp_lidar' build argument 'catkin_cmake_args' from command line to 'None'
[1.713s] Level 5:colcon.colcon_core.verb:set package 'cpp_lidar' build argument 'catkin_skip_building_tests' from command line to 'False'
[1.713s] DEBUG:colcon.colcon_core.verb:Building package 'cpp_lidar' with the following arguments: {'ament_cmake_args': None, 'build_base': '/home/ha/Desktop/ADS-Sense/lidar_ws/build/cpp_lidar', 'catkin_cmake_args': None, 'catkin_skip_building_tests': False, 'cmake_args': None, 'cmake_clean_cache': False, 'cmake_clean_first': False, 'cmake_force_configure': False, 'cmake_target': None, 'cmake_target_skip_unavailable': False, 'install_base': '/home/ha/Desktop/ADS-Sense/lidar_ws/install/cpp_lidar', 'merge_install': False, 'path': '/home/ha/Desktop/ADS-Sense/lidar_ws/src/cpp_lidar', 'symlink_install': True, 'test_result_base': None}
[1.735s] Level 5:colcon.colcon_core.verb:set package 'py_lidar' build argument 'cmake_args' from command line to 'None'
[1.736s] Level 5:colcon.colcon_core.verb:set package 'py_lidar' build argument 'cmake_target' from command line to 'None'
[1.736s] Level 5:colcon.colcon_core.verb:set package 'py_lidar' build argument 'cmake_target_skip_unavailable' from command line to 'False'
[1.736s] Level 5:colcon.colcon_core.verb:set package 'py_lidar' build argument 'cmake_clean_cache' from command line to 'False'
[1.736s] Level 5:colcon.colcon_core.verb:set package 'py_lidar' build argument 'cmake_clean_first' from command line to 'False'
[1.736s] Level 5:colcon.colcon_core.verb:set package 'py_lidar' build argument 'cmake_force_configure' from command line to 'False'
[1.736s] Level 5:colcon.colcon_core.verb:set package 'py_lidar' build argument 'ament_cmake_args' from command line to 'None'
[1.736s] Level 5:colcon.colcon_core.verb:set package 'py_lidar' build argument 'catkin_cmake_args' from command line to 'None'
[1.736s] Level 5:colcon.colcon_core.verb:set package 'py_lidar' build argument 'catkin_skip_building_tests' from command line to 'False'
[1.736s] DEBUG:colcon.colcon_core.verb:Building package 'py_lidar' with the following arguments: {'ament_cmake_args': None, 'build_base': '/home/ha/Desktop/ADS-Sense/lidar_ws/build/py_lidar', 'catkin_cmake_args': None, 'catkin_skip_building_tests': False, 'cmake_args': None, 'cmake_clean_cache': False, 'cmake_clean_first': False, 'cmake_force_configure': False, 'cmake_target': None, 'cmake_target_skip_unavailable': False, 'install_base': '/home/ha/Desktop/ADS-Sense/lidar_ws/install/py_lidar', 'merge_install': False, 'path': '/home/ha/Desktop/ADS-Sense/lidar_ws/src/py_lidar', 'symlink_install': True, 'test_result_base': None}
[1.758s] INFO:colcon.colcon_core.executor:Executing jobs using 'parallel' executor
[1.781s] DEBUG:colcon.colcon_parallel_executor.executor.parallel:run_until_complete
[1.781s] INFO:colcon.colcon_ros.task.ament_cmake.build:Building ROS package in '/home/ha/Desktop/ADS-Sense/lidar_ws/src/cpp_lidar' with build type 'ament_cmake'
[1.781s] INFO:colcon.colcon_cmake.task.cmake.build:Building CMake package in '/home/ha/Desktop/ADS-Sense/lidar_ws/src/cpp_lidar'
[1.805s] INFO:colcon.colcon_core.plugin_system:Skipping extension 'colcon_core.shell.bat': Not used on non-Windows systems
[1.805s] INFO:colcon.colcon_core.shell:Skip shell extension 'powershell' for command environment: Not usable outside of PowerShell
[1.805s] DEBUG:colcon.colcon_core.shell:Skip shell extension 'dsv' for command environment
[1.900s] INFO:colcon.colcon_ros.task.ament_python.build:Building ROS package in '/home/ha/Desktop/ADS-Sense/lidar_ws/src/py_lidar' with build type 'ament_python'
[1.900s] Level 1:colcon.colcon_core.shell:create_environment_hook('py_lidar', 'ament_prefix_path')
[1.925s] INFO:colcon.colcon_core.shell:Creating environment hook '/home/ha/Desktop/ADS-Sense/lidar_ws/install/py_lidar/share/py_lidar/hook/ament_prefix_path.ps1'
[1.925s] INFO:colcon.colcon_core.shell:Creating environment descriptor '/home/ha/Desktop/ADS-Sense/lidar_ws/install/py_lidar/share/py_lidar/hook/ament_prefix_path.dsv'
[1.925s] INFO:colcon.colcon_core.shell:Creating environment hook '/home/ha/Desktop/ADS-Sense/lidar_ws/install/py_lidar/share/py_lidar/hook/ament_prefix_path.sh'
[1.949s] INFO:colcon.colcon_core.shell:Skip shell extension 'powershell' for command environment: Not usable outside of PowerShell
[1.949s] DEBUG:colcon.colcon_core.shell:Skip shell extension 'dsv' for command environment
[2.048s] DEBUG:colcon.colcon_core.event_handler.log_command:Invoking command in '/home/ha/Desktop/ADS-Sense/lidar_ws/build/cpp_lidar': CMAKE_PREFIX_PATH=${CMAKE_PREFIX_PATH}:/home/ha/Desktop/gcamp_ros2_ws/install/py_topic_pkg:/opt/ros/foxy /usr/bin/cmake --build /home/ha/Desktop/ADS-Sense/lidar_ws/build/cpp_lidar -- -j8 -l8
[2.197s] INFO:colcon.colcon_core.task.python.build:Building Python package in '/home/ha/Desktop/ADS-Sense/lidar_ws/src/py_lidar'
[2.222s] INFO:colcon.colcon_core.shell:Skip shell extension 'powershell' for command environment: Not usable outside of PowerShell
[2.222s] DEBUG:colcon.colcon_core.shell:Skip shell extension 'dsv' for command environment
[2.562s] DEBUG:colcon.colcon_core.event_handler.log_command:Invoking command in '/home/ha/Desktop/ADS-Sense/lidar_ws/build/py_lidar': PYTHONPATH=/home/ha/Desktop/ADS-Sense/lidar_ws/build/py_lidar/prefix_override:/home/ha/Desktop/ADS-Sense/lidar_ws/install/py_lidar/lib/python3.8/site-packages:${PYTHONPATH} /usr/bin/python3 setup.py develop --editable --build-directory /home/ha/Desktop/ADS-Sense/lidar_ws/build/py_lidar/build --no-deps install_data
[2.850s] Level 1:colcon.colcon_core.shell:create_environment_hook('py_lidar', 'pythonpath_develop')
[2.851s] DEBUG:colcon.colcon_core.event_handler.log_command:Invoked command in '/home/ha/Desktop/ADS-Sense/lidar_ws/build/py_lidar' returned '0': PYTHONPATH=/home/ha/Desktop/ADS-Sense/lidar_ws/build/py_lidar/prefix_override:/home/ha/Desktop/ADS-Sense/lidar_ws/install/py_lidar/lib/python3.8/site-packages:${PYTHONPATH} /usr/bin/python3 setup.py develop --editable --build-directory /home/ha/Desktop/ADS-Sense/lidar_ws/build/py_lidar/build --no-deps install_data
[2.883s] INFO:colcon.colcon_core.shell:Creating environment hook '/home/ha/Desktop/ADS-Sense/lidar_ws/build/py_lidar/share/py_lidar/hook/pythonpath_develop.ps1'
[2.884s] INFO:colcon.colcon_core.shell:Creating environment descriptor '/home/ha/Desktop/ADS-Sense/lidar_ws/build/py_lidar/share/py_lidar/hook/pythonpath_develop.dsv'
[2.884s] INFO:colcon.colcon_core.shell:Creating environment hook '/home/ha/Desktop/ADS-Sense/lidar_ws/build/py_lidar/share/py_lidar/hook/pythonpath_develop.sh'
[2.909s] Level 1:colcon.colcon_core.environment:checking '/home/ha/Desktop/ADS-Sense/lidar_ws/install/py_lidar' for CMake module files
[2.909s] Level 1:colcon.colcon_core.environment:checking '/home/ha/Desktop/ADS-Sense/lidar_ws/install/py_lidar' for CMake config files
[2.910s] Level 1:colcon.colcon_core.environment:checking '/home/ha/Desktop/ADS-Sense/lidar_ws/install/py_lidar/lib'
[2.910s] Level 1:colcon.colcon_core.environment:checking '/home/ha/Desktop/ADS-Sense/lidar_ws/install/py_lidar/bin'
[2.910s] Level 1:colcon.colcon_core.environment:checking '/home/ha/Desktop/ADS-Sense/lidar_ws/install/py_lidar/lib/pkgconfig/py_lidar.pc'
[2.910s] Level 1:colcon.colcon_core.environment:checking '/home/ha/Desktop/ADS-Sense/lidar_ws/install/py_lidar/lib/python3.8/site-packages'
[2.910s] Level 1:colcon.colcon_core.shell:create_environment_hook('py_lidar', 'pythonpath')
[2.945s] INFO:colcon.colcon_core.shell:Creating environment hook '/home/ha/Desktop/ADS-Sense/lidar_ws/install/py_lidar/share/py_lidar/hook/pythonpath.ps1'
[2.946s] INFO:colcon.colcon_core.shell:Creating environment descriptor '/home/ha/Desktop/ADS-Sense/lidar_ws/install/py_lidar/share/py_lidar/hook/pythonpath.dsv'
[2.946s] INFO:colcon.colcon_core.shell:Creating environment hook '/home/ha/Desktop/ADS-Sense/lidar_ws/install/py_lidar/share/py_lidar/hook/pythonpath.sh'
[2.946s] Level 1:colcon.colcon_core.environment:checking '/home/ha/Desktop/ADS-Sense/lidar_ws/install/py_lidar/bin'
[2.946s] Level 1:colcon.colcon_core.environment:create_environment_scripts_only(py_lidar)
[2.970s] INFO:colcon.colcon_core.shell:Creating package script '/home/ha/Desktop/ADS-Sense/lidar_ws/install/py_lidar/share/py_lidar/package.ps1'
[2.970s] INFO:colcon.colcon_core.shell:Creating package descriptor '/home/ha/Desktop/ADS-Sense/lidar_ws/install/py_lidar/share/py_lidar/package.dsv'
[2.971s] INFO:colcon.colcon_core.shell:Creating package script '/home/ha/Desktop/ADS-Sense/lidar_ws/install/py_lidar/share/py_lidar/package.sh'
[2.971s] INFO:colcon.colcon_core.shell:Creating package script '/home/ha/Desktop/ADS-Sense/lidar_ws/install/py_lidar/share/py_lidar/package.bash'
[2.971s] INFO:colcon.colcon_core.shell:Creating package script '/home/ha/Desktop/ADS-Sense/lidar_ws/install/py_lidar/share/py_lidar/package.zsh'
[2.972s] Level 1:colcon.colcon_core.environment:create_file_with_runtime_dependencies(/home/ha/Desktop/ADS-Sense/lidar_ws/install/py_lidar/share/colcon-core/packages/py_lidar)
[3.943s] DEBUG:colcon.colcon_core.event_handler.log_command:Invoked command in '/home/ha/Desktop/ADS-Sense/lidar_ws/build/cpp_lidar' returned '2': CMAKE_PREFIX_PATH=${CMAKE_PREFIX_PATH}:/home/ha/Desktop/gcamp_ros2_ws/install/py_topic_pkg:/opt/ros/foxy /usr/bin/cmake --build /home/ha/Desktop/ADS-Sense/lidar_ws/build/cpp_lidar -- -j8 -l8
[3.981s] Level 1:colcon.colcon_core.environment:create_environment_scripts_only(cpp_lidar)
[4.004s] Level 1:colcon.colcon_core.environment:checking '/home/ha/Desktop/ADS-Sense/lidar_ws/install/cpp_lidar' for CMake module files
[4.004s] Level 1:colcon.colcon_core.environment:checking '/home/ha/Desktop/ADS-Sense/lidar_ws/install/cpp_lidar' for CMake config files
[4.005s] Level 1:colcon.colcon_core.shell:create_environment_hook('cpp_lidar', 'cmake_prefix_path')
[4.028s] INFO:colcon.colcon_core.shell:Creating environment hook '/home/ha/Desktop/ADS-Sense/lidar_ws/install/cpp_lidar/share/cpp_lidar/hook/cmake_prefix_path.ps1'
[4.028s] INFO:colcon.colcon_core.shell:Creating environment descriptor '/home/ha/Desktop/ADS-Sense/lidar_ws/install/cpp_lidar/share/cpp_lidar/hook/cmake_prefix_path.dsv'
[4.028s] INFO:colcon.colcon_core.shell:Creating environment hook '/home/ha/Desktop/ADS-Sense/lidar_ws/install/cpp_lidar/share/cpp_lidar/hook/cmake_prefix_path.sh'
[4.029s] Level 1:colcon.colcon_core.environment:checking '/home/ha/Desktop/ADS-Sense/lidar_ws/install/cpp_lidar/lib'
[4.029s] Level 1:colcon.colcon_core.environment:checking '/home/ha/Desktop/ADS-Sense/lidar_ws/install/cpp_lidar/bin'
[4.029s] Level 1:colcon.colcon_core.environment:checking '/home/ha/Desktop/ADS-Sense/lidar_ws/install/cpp_lidar/lib/pkgconfig/cpp_lidar.pc'
[4.029s] Level 1:colcon.colcon_core.environment:checking '/home/ha/Desktop/ADS-Sense/lidar_ws/install/cpp_lidar/lib/python3.8/site-packages'
[4.029s] Level 1:colcon.colcon_core.environment:checking '/home/ha/Desktop/ADS-Sense/lidar_ws/install/cpp_lidar/bin'
[4.052s] INFO:colcon.colcon_core.shell:Creating package script '/home/ha/Desktop/ADS-Sense/lidar_ws/install/cpp_lidar/share/cpp_lidar/package.ps1'
[4.052s] INFO:colcon.colcon_core.shell:Creating package descriptor '/home/ha/Desktop/ADS-Sense/lidar_ws/install/cpp_lidar/share/cpp_lidar/package.dsv'
[4.052s] INFO:colcon.colcon_core.shell:Creating package script '/home/ha/Desktop/ADS-Sense/lidar_ws/install/cpp_lidar/share/cpp_lidar/package.sh'
[4.053s] INFO:colcon.colcon_core.shell:Creating package script '/home/ha/Desktop/ADS-Sense/lidar_ws/install/cpp_lidar/share/cpp_lidar/package.bash'
[4.053s] INFO:colcon.colcon_core.shell:Creating package script '/home/ha/Desktop/ADS-Sense/lidar_ws/install/cpp_lidar/share/cpp_lidar/package.zsh'
[4.053s] Level 1:colcon.colcon_core.environment:create_file_with_runtime_dependencies(/home/ha/Desktop/ADS-Sense/lidar_ws/install/cpp_lidar/share/colcon-core/packages/cpp_lidar)
[4.063s] DEBUG:colcon.colcon_parallel_executor.executor.parallel:closing loop
[4.064s] DEBUG:colcon.colcon_parallel_executor.executor.parallel:loop closed
[4.064s] DEBUG:colcon.colcon_parallel_executor.executor.parallel:run_until_complete finished with '2'
[4.064s] DEBUG:colcon.colcon_core.event_reactor:joining thread
[4.093s] INFO:colcon.colcon_core.plugin_system:Skipping extension 'colcon_notification.desktop_notification.terminal_notifier': Not used on non-Darwin systems
[4.093s] INFO:colcon.colcon_core.plugin_system:Skipping extension 'colcon_notification.desktop_notification.win32': Not used on non-Windows systems
[4.093s] INFO:colcon.colcon_notification.desktop_notification:Sending desktop notification using 'notify2'
[4.103s] DEBUG:colcon.colcon_core.event_reactor:joined thread
[4.130s] INFO:colcon.colcon_core.shell:Creating prefix script '/home/ha/Desktop/ADS-Sense/lidar_ws/install/local_setup.ps1'
[4.131s] INFO:colcon.colcon_core.shell:Creating prefix util module '/home/ha/Desktop/ADS-Sense/lidar_ws/install/_local_setup_util_ps1.py'
[4.132s] INFO:colcon.colcon_core.shell:Creating prefix chain script '/home/ha/Desktop/ADS-Sense/lidar_ws/install/setup.ps1'
[4.158s] INFO:colcon.colcon_core.shell:Creating prefix script '/home/ha/Desktop/ADS-Sense/lidar_ws/install/local_setup.sh'
[4.158s] INFO:colcon.colcon_core.shell:Creating prefix util module '/home/ha/Desktop/ADS-Sense/lidar_ws/install/_local_setup_util_sh.py'
[4.158s] INFO:colcon.colcon_core.shell:Creating prefix chain script '/home/ha/Desktop/ADS-Sense/lidar_ws/install/setup.sh'
[4.183s] INFO:colcon.colcon_core.shell:Creating prefix script '/home/ha/Desktop/ADS-Sense/lidar_ws/install/local_setup.bash'
[4.183s] INFO:colcon.colcon_core.shell:Creating prefix chain script '/home/ha/Desktop/ADS-Sense/lidar_ws/install/setup.bash'
[4.210s] INFO:colcon.colcon_core.shell:Creating prefix script '/home/ha/Desktop/ADS-Sense/lidar_ws/install/local_setup.zsh'
[4.210s] INFO:colcon.colcon_core.shell:Creating prefix chain script '/home/ha/Desktop/ADS-Sense/lidar_ws/install/setup.zsh'
