-- The C compiler identification is GNU 9.4.0
-- The CXX compiler identification is GNU 9.4.0
-- Check for working C compiler: /usr/bin/cc
-- Check for working C compiler: /usr/bin/cc -- works
-- Detecting C compiler ABI info
-- Detecting C compiler ABI info - done
-- Detecting C compile features
-- Detecting C compile features - done
-- Check for working CXX compiler: /usr/bin/c++
-- Check for working CXX compiler: /usr/bin/c++ -- works
-- Detecting CXX compiler ABI info
-- Detecting CXX compiler ABI info - done
-- Detecting CXX compile features
-- Detecting CXX compile features - done
-- Found ament_cmake: 0.9.12 (/opt/ros/foxy/share/ament_cmake/cmake)
-- Found PythonInterp: /usr/bin/python3 (found suitable version "3.8.10", minimum required is "3") 
-- Using PYTHON_EXECUTABLE: /usr/bin/python3
-- Override CMake install command with custom implementation using symlinks instead of copying resources
-- Configuring done
-- Generating done
-- Build files have been written to: /home/ha/Desktop/ADS-Perception/slam_ws/build/gazebo_slam
-- Install configuration: ""
-- Execute custom install script
-- Symlinking: /home/ha/Desktop/ADS-Perception/slam_ws/install/gazebo_slam/share/gazebo_slam/launch/gazebo_slam.launch.py
-- Symlinking: /home/ha/Desktop/ADS-Perception/slam_ws/install/gazebo_slam/share/gazebo_slam/worlds/empty_sky.world
-- Symlinking: /home/ha/Desktop/ADS-Perception/slam_ws/install/gazebo_slam/share/gazebo_slam/description/slambot.xacro
-- Symlinking: /home/ha/Desktop/ADS-Perception/slam_ws/install/gazebo_slam/share/ament_index/resource_index/package_run_dependencies/gazebo_slam
-- Symlinking: /home/ha/Desktop/ADS-Perception/slam_ws/install/gazebo_slam/share/ament_index/resource_index/parent_prefix_path/gazebo_slam
-- Symlinking: /home/ha/Desktop/ADS-Perception/slam_ws/install/gazebo_slam/share/gazebo_slam/environment/ament_prefix_path.sh
-- Symlinking: /home/ha/Desktop/ADS-Perception/slam_ws/install/gazebo_slam/share/gazebo_slam/environment/ament_prefix_path.dsv
-- Symlinking: /home/ha/Desktop/ADS-Perception/slam_ws/install/gazebo_slam/share/gazebo_slam/environment/path.sh
-- Symlinking: /home/ha/Desktop/ADS-Perception/slam_ws/install/gazebo_slam/share/gazebo_slam/environment/path.dsv
-- Symlinking: /home/ha/Desktop/ADS-Perception/slam_ws/install/gazebo_slam/share/gazebo_slam/local_setup.bash
-- Symlinking: /home/ha/Desktop/ADS-Perception/slam_ws/install/gazebo_slam/share/gazebo_slam/local_setup.sh
-- Symlinking: /home/ha/Desktop/ADS-Perception/slam_ws/install/gazebo_slam/share/gazebo_slam/local_setup.zsh
-- Symlinking: /home/ha/Desktop/ADS-Perception/slam_ws/install/gazebo_slam/share/gazebo_slam/local_setup.dsv
-- Symlinking: /home/ha/Desktop/ADS-Perception/slam_ws/install/gazebo_slam/share/gazebo_slam/package.dsv
-- Symlinking: /home/ha/Desktop/ADS-Perception/slam_ws/install/gazebo_slam/share/ament_index/resource_index/packages/gazebo_slam
-- Symlinking: /home/ha/Desktop/ADS-Perception/slam_ws/install/gazebo_slam/share/gazebo_slam/cmake/gazebo_slamConfig.cmake
-- Symlinking: /home/ha/Desktop/ADS-Perception/slam_ws/install/gazebo_slam/share/gazebo_slam/cmake/gazebo_slamConfig-version.cmake
-- Symlinking: /home/ha/Desktop/ADS-Perception/slam_ws/install/gazebo_slam/share/gazebo_slam/package.xml
