[0.080s] Invoking command in '/home/ha/Desktop/ADS-Perception/slam_ws/build/gazebo_slam': CMAKE_PREFIX_PATH=/opt/ros/foxy /usr/bin/cmake /home/ha/Desktop/ADS-Perception/slam_ws/src/gazebo_slam -DAMENT_CMAKE_SYMLINK_INSTALL=1 -DCMAKE_INSTALL_PREFIX=/home/ha/Desktop/ADS-Perception/slam_ws/install/gazebo_slam
[0.115s] -- The C compiler identification is GNU 9.4.0
[0.154s] -- The CXX compiler identification is GNU 9.4.0
[0.156s] -- Check for working C compiler: /usr/bin/cc
[0.201s] -- Check for working C compiler: /usr/bin/cc -- works
[0.201s] -- Detecting C compiler ABI info
[0.247s] -- Detecting C compiler ABI info - done
[0.254s] -- Detecting C compile features
[0.254s] -- Detecting C compile features - done
[0.256s] -- Check for working CXX compiler: /usr/bin/c++
[0.308s] -- Check for working CXX compiler: /usr/bin/c++ -- works
[0.308s] -- Detecting CXX compiler ABI info
[0.368s] -- Detecting CXX compiler ABI info - done
[0.375s] -- Detecting CXX compile features
[0.375s] -- Detecting CXX compile features - done
[0.377s] -- Found ament_cmake: 0.9.12 (/opt/ros/foxy/share/ament_cmake/cmake)
[0.392s] -- Found PythonInterp: /usr/bin/python3 (found suitable version "3.8.10", minimum required is "3") 
[0.392s] -- Using PYTHON_EXECUTABLE: /usr/bin/python3
[0.501s] -- Override CMake install command with custom implementation using symlinks instead of copying resources
[0.550s] -- Configuring done
[0.551s] -- Generating done
[0.552s] -- Build files have been written to: /home/ha/Desktop/ADS-Perception/slam_ws/build/gazebo_slam
[0.556s] Invoked command in '/home/ha/Desktop/ADS-Perception/slam_ws/build/gazebo_slam' returned '0': CMAKE_PREFIX_PATH=/opt/ros/foxy /usr/bin/cmake /home/ha/Desktop/ADS-Perception/slam_ws/src/gazebo_slam -DAMENT_CMAKE_SYMLINK_INSTALL=1 -DCMAKE_INSTALL_PREFIX=/home/ha/Desktop/ADS-Perception/slam_ws/install/gazebo_slam
[0.557s] Invoking command in '/home/ha/Desktop/ADS-Perception/slam_ws/build/gazebo_slam': CMAKE_PREFIX_PATH=/opt/ros/foxy /usr/bin/cmake --build /home/ha/Desktop/ADS-Perception/slam_ws/build/gazebo_slam -- -j8 -l8
[0.589s] Invoked command in '/home/ha/Desktop/ADS-Perception/slam_ws/build/gazebo_slam' returned '0': CMAKE_PREFIX_PATH=/opt/ros/foxy /usr/bin/cmake --build /home/ha/Desktop/ADS-Perception/slam_ws/build/gazebo_slam -- -j8 -l8
[0.618s] Invoking command in '/home/ha/Desktop/ADS-Perception/slam_ws/build/gazebo_slam': CMAKE_PREFIX_PATH=/opt/ros/foxy /usr/bin/cmake --install /home/ha/Desktop/ADS-Perception/slam_ws/build/gazebo_slam
[0.623s] -- Install configuration: ""
[0.623s] -- Execute custom install script
[0.624s] -- Symlinking: /home/ha/Desktop/ADS-Perception/slam_ws/install/gazebo_slam/share/gazebo_slam/launch/gazebo_slam.launch.py
[0.630s] -- Symlinking: /home/ha/Desktop/ADS-Perception/slam_ws/install/gazebo_slam/share/gazebo_slam/worlds/empty_sky.world
[0.635s] -- Symlinking: /home/ha/Desktop/ADS-Perception/slam_ws/install/gazebo_slam/share/gazebo_slam/description/slambot.xacro
[0.640s] -- Symlinking: /home/ha/Desktop/ADS-Perception/slam_ws/install/gazebo_slam/share/ament_index/resource_index/package_run_dependencies/gazebo_slam
[0.646s] -- Symlinking: /home/ha/Desktop/ADS-Perception/slam_ws/install/gazebo_slam/share/ament_index/resource_index/parent_prefix_path/gazebo_slam
[0.651s] -- Symlinking: /home/ha/Desktop/ADS-Perception/slam_ws/install/gazebo_slam/share/gazebo_slam/environment/ament_prefix_path.sh
[0.656s] -- Symlinking: /home/ha/Desktop/ADS-Perception/slam_ws/install/gazebo_slam/share/gazebo_slam/environment/ament_prefix_path.dsv
[0.661s] -- Symlinking: /home/ha/Desktop/ADS-Perception/slam_ws/install/gazebo_slam/share/gazebo_slam/environment/path.sh
[0.667s] -- Symlinking: /home/ha/Desktop/ADS-Perception/slam_ws/install/gazebo_slam/share/gazebo_slam/environment/path.dsv
[0.672s] -- Symlinking: /home/ha/Desktop/ADS-Perception/slam_ws/install/gazebo_slam/share/gazebo_slam/local_setup.bash
[0.677s] -- Symlinking: /home/ha/Desktop/ADS-Perception/slam_ws/install/gazebo_slam/share/gazebo_slam/local_setup.sh
[0.683s] -- Symlinking: /home/ha/Desktop/ADS-Perception/slam_ws/install/gazebo_slam/share/gazebo_slam/local_setup.zsh
[0.688s] -- Symlinking: /home/ha/Desktop/ADS-Perception/slam_ws/install/gazebo_slam/share/gazebo_slam/local_setup.dsv
[0.694s] -- Symlinking: /home/ha/Desktop/ADS-Perception/slam_ws/install/gazebo_slam/share/gazebo_slam/package.dsv
[0.699s] -- Symlinking: /home/ha/Desktop/ADS-Perception/slam_ws/install/gazebo_slam/share/ament_index/resource_index/packages/gazebo_slam
[0.705s] -- Symlinking: /home/ha/Desktop/ADS-Perception/slam_ws/install/gazebo_slam/share/gazebo_slam/cmake/gazebo_slamConfig.cmake
[0.710s] -- Symlinking: /home/ha/Desktop/ADS-Perception/slam_ws/install/gazebo_slam/share/gazebo_slam/cmake/gazebo_slamConfig-version.cmake
[0.715s] -- Symlinking: /home/ha/Desktop/ADS-Perception/slam_ws/install/gazebo_slam/share/gazebo_slam/package.xml
[0.722s] Invoked command in '/home/ha/Desktop/ADS-Perception/slam_ws/build/gazebo_slam' returned '0': CMAKE_PREFIX_PATH=/opt/ros/foxy /usr/bin/cmake --install /home/ha/Desktop/ADS-Perception/slam_ws/build/gazebo_slam
