running develop
running egg_info
creating py_lidar.egg-info
writing py_lidar.egg-info/PKG-INFO
writing dependency_links to py_lidar.egg-info/dependency_links.txt
writing entry points to py_lidar.egg-info/entry_points.txt
writing requirements to py_lidar.egg-info/requires.txt
writing top-level names to py_lidar.egg-info/top_level.txt
writing manifest file 'py_lidar.egg-info/SOURCES.txt'
reading manifest file 'py_lidar.egg-info/SOURCES.txt'
writing manifest file 'py_lidar.egg-info/SOURCES.txt'
running build_ext
Creating /home/ha/Desktop/ADS-Perception/lidar_ws/install/py_lidar/lib/python3.8/site-packages/site.py
Creating /home/ha/Desktop/ADS-Perception/lidar_ws/install/py_lidar/lib/python3.8/site-packages/py-lidar.egg-link (link to .)
Installing py_lidar script to /home/ha/Desktop/ADS-Perception/lidar_ws/install/py_lidar/lib/py_lidar

Installed /home/ha/Desktop/ADS-Perception/lidar_ws/build/py_lidar
running install_data
creating /home/ha/Desktop/ADS-Perception/lidar_ws/install/py_lidar/share/ament_index
creating /home/ha/Desktop/ADS-Perception/lidar_ws/install/py_lidar/share/ament_index/resource_index
creating /home/ha/Desktop/ADS-Perception/lidar_ws/install/py_lidar/share/ament_index/resource_index/packages
copying resource/py_lidar -> /home/ha/Desktop/ADS-Perception/lidar_ws/install/py_lidar/share/ament_index/resource_index/packages
copying package.xml -> /home/ha/Desktop/ADS-Perception/lidar_ws/install/py_lidar/share/py_lidar
