[0.790s] Invoking command in '/home/ha/Desktop/ADS-Perception/lidar_ws/build/py_lidar': PYTHONPATH=/home/ha/Desktop/ADS-Perception/lidar_ws/build/py_lidar/prefix_override:/home/ha/Desktop/ADS-Perception/lidar_ws/install/py_lidar/lib/python3.8/site-packages:${PYTHONPATH} /usr/bin/python3 setup.py develop --editable --build-directory /home/ha/Desktop/ADS-Perception/lidar_ws/build/py_lidar/build --no-deps install_data
[0.941s] running develop
[1.027s] running egg_info
[1.027s] creating py_lidar.egg-info
[1.027s] writing py_lidar.egg-info/PKG-INFO
[1.027s] writing dependency_links to py_lidar.egg-info/dependency_links.txt
[1.027s] writing entry points to py_lidar.egg-info/entry_points.txt
[1.027s] writing requirements to py_lidar.egg-info/requires.txt
[1.027s] writing top-level names to py_lidar.egg-info/top_level.txt
[1.029s] writing manifest file 'py_lidar.egg-info/SOURCES.txt'
[1.051s] reading manifest file 'py_lidar.egg-info/SOURCES.txt'
[1.051s] writing manifest file 'py_lidar.egg-info/SOURCES.txt'
[1.075s] running build_ext
[1.075s] Creating /home/ha/Desktop/ADS-Perception/lidar_ws/install/py_lidar/lib/python3.8/site-packages/site.py
[1.077s] Creating /home/ha/Desktop/ADS-Perception/lidar_ws/install/py_lidar/lib/python3.8/site-packages/py-lidar.egg-link (link to .)
[1.078s] Installing py_lidar script to /home/ha/Desktop/ADS-Perception/lidar_ws/install/py_lidar/lib/py_lidar
[1.078s] 
[1.078s] Installed /home/ha/Desktop/ADS-Perception/lidar_ws/build/py_lidar
[1.078s] running install_data
[1.078s] creating /home/ha/Desktop/ADS-Perception/lidar_ws/install/py_lidar/share/ament_index
[1.078s] creating /home/ha/Desktop/ADS-Perception/lidar_ws/install/py_lidar/share/ament_index/resource_index
[1.078s] creating /home/ha/Desktop/ADS-Perception/lidar_ws/install/py_lidar/share/ament_index/resource_index/packages
[1.078s] copying resource/py_lidar -> /home/ha/Desktop/ADS-Perception/lidar_ws/install/py_lidar/share/ament_index/resource_index/packages
[1.078s] copying package.xml -> /home/ha/Desktop/ADS-Perception/lidar_ws/install/py_lidar/share/py_lidar
[1.098s] Invoked command in '/home/ha/Desktop/ADS-Perception/lidar_ws/build/py_lidar' returned '0': PYTHONPATH=/home/ha/Desktop/ADS-Perception/lidar_ws/build/py_lidar/prefix_override:/home/ha/Desktop/ADS-Perception/lidar_ws/install/py_lidar/lib/python3.8/site-packages:${PYTHONPATH} /usr/bin/python3 setup.py develop --editable --build-directory /home/ha/Desktop/ADS-Perception/lidar_ws/build/py_lidar/build --no-deps install_data
