[0.082s] Invoking command in '/home/ha/Desktop/ADS-Perception/vehicle_ws/build/diff_drive': CMAKE_PREFIX_PATH=/opt/ros/foxy /usr/bin/cmake /home/ha/Desktop/ADS-Perception/vehicle_ws/src/diff_drive -DAMENT_CMAKE_SYMLINK_INSTALL=1 -DCMAKE_INSTALL_PREFIX=/home/ha/Desktop/ADS-Perception/vehicle_ws/install/diff_drive
[0.147s] -- The C compiler identification is GNU 9.4.0
[0.217s] -- The CXX compiler identification is GNU 9.4.0
[0.220s] -- Check for working C compiler: /usr/bin/cc
[0.262s] -- Check for working C compiler: /usr/bin/cc -- works
[0.263s] -- Detecting C compiler ABI info
[0.322s] -- Detecting C compiler ABI info - done
[0.331s] -- Detecting C compile features
[0.332s] -- Detecting C compile features - done
[0.334s] -- Check for working CXX compiler: /usr/bin/c++
[0.385s] -- Check for working CXX compiler: /usr/bin/c++ -- works
[0.385s] -- Detecting CXX compiler ABI info
[0.455s] -- Detecting CXX compiler ABI info - done
[0.462s] -- Detecting CXX compile features
[0.463s] -- Detecting CXX compile features - done
[0.465s] -- Found ament_cmake: 0.9.12 (/opt/ros/foxy/share/ament_cmake/cmake)
[0.479s] -- Found PythonInterp: /usr/bin/python3 (found suitable version "3.8.10", minimum required is "3") 
[0.479s] -- Using PYTHON_EXECUTABLE: /usr/bin/python3
[0.588s] -- Override CMake install command with custom implementation using symlinks instead of copying resources
[0.638s] -- Configuring done
[0.639s] -- Generating done
[0.640s] -- Build files have been written to: /home/ha/Desktop/ADS-Perception/vehicle_ws/build/diff_drive
[0.642s] Invoked command in '/home/ha/Desktop/ADS-Perception/vehicle_ws/build/diff_drive' returned '0': CMAKE_PREFIX_PATH=/opt/ros/foxy /usr/bin/cmake /home/ha/Desktop/ADS-Perception/vehicle_ws/src/diff_drive -DAMENT_CMAKE_SYMLINK_INSTALL=1 -DCMAKE_INSTALL_PREFIX=/home/ha/Desktop/ADS-Perception/vehicle_ws/install/diff_drive
[0.644s] Invoking command in '/home/ha/Desktop/ADS-Perception/vehicle_ws/build/diff_drive': CMAKE_PREFIX_PATH=/opt/ros/foxy /usr/bin/cmake --build /home/ha/Desktop/ADS-Perception/vehicle_ws/build/diff_drive -- -j8 -l8
[0.669s] Invoked command in '/home/ha/Desktop/ADS-Perception/vehicle_ws/build/diff_drive' returned '0': CMAKE_PREFIX_PATH=/opt/ros/foxy /usr/bin/cmake --build /home/ha/Desktop/ADS-Perception/vehicle_ws/build/diff_drive -- -j8 -l8
[0.694s] Invoking command in '/home/ha/Desktop/ADS-Perception/vehicle_ws/build/diff_drive': CMAKE_PREFIX_PATH=/opt/ros/foxy /usr/bin/cmake --install /home/ha/Desktop/ADS-Perception/vehicle_ws/build/diff_drive
[0.701s] -- Install configuration: ""
[0.701s] -- Execute custom install script
[0.701s] -- Symlinking: /home/ha/Desktop/ADS-Perception/vehicle_ws/install/diff_drive/share/diff_drive/launch/diff_drive.launch.py
[0.709s] -- Symlinking: /home/ha/Desktop/ADS-Perception/vehicle_ws/install/diff_drive/share/diff_drive/worlds/empty_sky.world
[0.716s] -- Symlinking: /home/ha/Desktop/ADS-Perception/vehicle_ws/install/diff_drive/share/diff_drive/description/diffbot.xacro
[0.721s] -- Symlinking: /home/ha/Desktop/ADS-Perception/vehicle_ws/install/diff_drive/share/ament_index/resource_index/package_run_dependencies/diff_drive
[0.727s] -- Symlinking: /home/ha/Desktop/ADS-Perception/vehicle_ws/install/diff_drive/share/ament_index/resource_index/parent_prefix_path/diff_drive
[0.732s] -- Symlinking: /home/ha/Desktop/ADS-Perception/vehicle_ws/install/diff_drive/share/diff_drive/environment/ament_prefix_path.sh
[0.738s] -- Symlinking: /home/ha/Desktop/ADS-Perception/vehicle_ws/install/diff_drive/share/diff_drive/environment/ament_prefix_path.dsv
[0.743s] -- Symlinking: /home/ha/Desktop/ADS-Perception/vehicle_ws/install/diff_drive/share/diff_drive/environment/path.sh
[0.749s] -- Symlinking: /home/ha/Desktop/ADS-Perception/vehicle_ws/install/diff_drive/share/diff_drive/environment/path.dsv
[0.754s] -- Symlinking: /home/ha/Desktop/ADS-Perception/vehicle_ws/install/diff_drive/share/diff_drive/local_setup.bash
[0.760s] -- Symlinking: /home/ha/Desktop/ADS-Perception/vehicle_ws/install/diff_drive/share/diff_drive/local_setup.sh
[0.765s] -- Symlinking: /home/ha/Desktop/ADS-Perception/vehicle_ws/install/diff_drive/share/diff_drive/local_setup.zsh
[0.771s] -- Symlinking: /home/ha/Desktop/ADS-Perception/vehicle_ws/install/diff_drive/share/diff_drive/local_setup.dsv
[0.776s] -- Symlinking: /home/ha/Desktop/ADS-Perception/vehicle_ws/install/diff_drive/share/diff_drive/package.dsv
[0.781s] -- Symlinking: /home/ha/Desktop/ADS-Perception/vehicle_ws/install/diff_drive/share/ament_index/resource_index/packages/diff_drive
[0.787s] -- Symlinking: /home/ha/Desktop/ADS-Perception/vehicle_ws/install/diff_drive/share/diff_drive/cmake/diff_driveConfig.cmake
[0.792s] -- Symlinking: /home/ha/Desktop/ADS-Perception/vehicle_ws/install/diff_drive/share/diff_drive/cmake/diff_driveConfig-version.cmake
[0.797s] -- Symlinking: /home/ha/Desktop/ADS-Perception/vehicle_ws/install/diff_drive/share/diff_drive/package.xml
[0.804s] Invoked command in '/home/ha/Desktop/ADS-Perception/vehicle_ws/build/diff_drive' returned '0': CMAKE_PREFIX_PATH=/opt/ros/foxy /usr/bin/cmake --install /home/ha/Desktop/ADS-Perception/vehicle_ws/build/diff_drive
