[0.110s] Invoking command in '/home/ha/Desktop/ADS-Perception/vehicle_ws/build/diff_drive': CMAKE_PREFIX_PATH=${CMAKE_PREFIX_PATH}:/opt/ros/foxy /usr/bin/cmake /home/ha/Desktop/ADS-Perception/vehicle_ws/src/diff_drive -DAMENT_CMAKE_SYMLINK_INSTALL=1 -DCMAKE_INSTALL_PREFIX=/home/ha/Desktop/ADS-Perception/vehicle_ws/install/diff_drive
[0.144s] -- The C compiler identification is GNU 9.4.0
[0.184s] -- The CXX compiler identification is GNU 9.4.0
[0.187s] -- Check for working C compiler: /usr/bin/cc
[0.231s] -- Check for working C compiler: /usr/bin/cc -- works
[0.232s] -- Detecting C compiler ABI info
[0.285s] -- Detecting C compiler ABI info - done
[0.293s] -- Detecting C compile features
[0.293s] -- Detecting C compile features - done
[0.295s] -- Check for working CXX compiler: /usr/bin/c++
[0.351s] -- Check for working CXX compiler: /usr/bin/c++ -- works
[0.352s] -- Detecting CXX compiler ABI info
[0.416s] -- Detecting CXX compiler ABI info - done
[0.424s] -- Detecting CXX compile features
[0.425s] -- Detecting CXX compile features - done
[0.426s] -- Found ament_cmake: 0.9.12 (/opt/ros/foxy/share/ament_cmake/cmake)
[0.443s] -- Found PythonInterp: /usr/bin/python3 (found suitable version "3.8.10", minimum required is "3") 
[0.443s] -- Using PYTHON_EXECUTABLE: /usr/bin/python3
[0.553s] -- Override CMake install command with custom implementation using symlinks instead of copying resources
[0.606s] -- Configuring done
[0.607s] -- Generating done
[0.608s] -- Build files have been written to: /home/ha/Desktop/ADS-Perception/vehicle_ws/build/diff_drive
[0.610s] Invoked command in '/home/ha/Desktop/ADS-Perception/vehicle_ws/build/diff_drive' returned '0': CMAKE_PREFIX_PATH=${CMAKE_PREFIX_PATH}:/opt/ros/foxy /usr/bin/cmake /home/ha/Desktop/ADS-Perception/vehicle_ws/src/diff_drive -DAMENT_CMAKE_SYMLINK_INSTALL=1 -DCMAKE_INSTALL_PREFIX=/home/ha/Desktop/ADS-Perception/vehicle_ws/install/diff_drive
[0.612s] Invoking command in '/home/ha/Desktop/ADS-Perception/vehicle_ws/build/diff_drive': CMAKE_PREFIX_PATH=${CMAKE_PREFIX_PATH}:/opt/ros/foxy /usr/bin/cmake --build /home/ha/Desktop/ADS-Perception/vehicle_ws/build/diff_drive -- -j8 -l8
[0.637s] Invoked command in '/home/ha/Desktop/ADS-Perception/vehicle_ws/build/diff_drive' returned '0': CMAKE_PREFIX_PATH=${CMAKE_PREFIX_PATH}:/opt/ros/foxy /usr/bin/cmake --build /home/ha/Desktop/ADS-Perception/vehicle_ws/build/diff_drive -- -j8 -l8
[0.661s] Invoking command in '/home/ha/Desktop/ADS-Perception/vehicle_ws/build/diff_drive': CMAKE_PREFIX_PATH=${CMAKE_PREFIX_PATH}:/opt/ros/foxy /usr/bin/cmake --install /home/ha/Desktop/ADS-Perception/vehicle_ws/build/diff_drive
[0.666s] -- Install configuration: ""
[0.667s] -- Execute custom install script
[0.667s] -- Symlinking: /home/ha/Desktop/ADS-Perception/vehicle_ws/install/diff_drive/share/diff_drive/launch/diff_drive.launch.py
[0.673s] -- Symlinking: /home/ha/Desktop/ADS-Perception/vehicle_ws/install/diff_drive/share/diff_drive/worlds/empty_sky.world
[0.679s] -- Symlinking: /home/ha/Desktop/ADS-Perception/vehicle_ws/install/diff_drive/share/diff_drive/description/diffbot.xacro
[0.686s] -- Symlinking: /home/ha/Desktop/ADS-Perception/vehicle_ws/install/diff_drive/share/ament_index/resource_index/package_run_dependencies/diff_drive
[0.693s] -- Symlinking: /home/ha/Desktop/ADS-Perception/vehicle_ws/install/diff_drive/share/ament_index/resource_index/parent_prefix_path/diff_drive
[0.701s] -- Symlinking: /home/ha/Desktop/ADS-Perception/vehicle_ws/install/diff_drive/share/diff_drive/environment/ament_prefix_path.sh
[0.708s] -- Symlinking: /home/ha/Desktop/ADS-Perception/vehicle_ws/install/diff_drive/share/diff_drive/environment/ament_prefix_path.dsv
[0.715s] -- Symlinking: /home/ha/Desktop/ADS-Perception/vehicle_ws/install/diff_drive/share/diff_drive/environment/path.sh
[0.724s] -- Symlinking: /home/ha/Desktop/ADS-Perception/vehicle_ws/install/diff_drive/share/diff_drive/environment/path.dsv
[0.730s] -- Symlinking: /home/ha/Desktop/ADS-Perception/vehicle_ws/install/diff_drive/share/diff_drive/local_setup.bash
[0.737s] -- Symlinking: /home/ha/Desktop/ADS-Perception/vehicle_ws/install/diff_drive/share/diff_drive/local_setup.sh
[0.743s] -- Symlinking: /home/ha/Desktop/ADS-Perception/vehicle_ws/install/diff_drive/share/diff_drive/local_setup.zsh
[0.750s] -- Symlinking: /home/ha/Desktop/ADS-Perception/vehicle_ws/install/diff_drive/share/diff_drive/local_setup.dsv
[0.759s] -- Symlinking: /home/ha/Desktop/ADS-Perception/vehicle_ws/install/diff_drive/share/diff_drive/package.dsv
[0.766s] -- Symlinking: /home/ha/Desktop/ADS-Perception/vehicle_ws/install/diff_drive/share/ament_index/resource_index/packages/diff_drive
[0.774s] -- Symlinking: /home/ha/Desktop/ADS-Perception/vehicle_ws/install/diff_drive/share/diff_drive/cmake/diff_driveConfig.cmake
[0.781s] -- Symlinking: /home/ha/Desktop/ADS-Perception/vehicle_ws/install/diff_drive/share/diff_drive/cmake/diff_driveConfig-version.cmake
[0.789s] -- Symlinking: /home/ha/Desktop/ADS-Perception/vehicle_ws/install/diff_drive/share/diff_drive/package.xml
[0.797s] Invoked command in '/home/ha/Desktop/ADS-Perception/vehicle_ws/build/diff_drive' returned '0': CMAKE_PREFIX_PATH=${CMAKE_PREFIX_PATH}:/opt/ros/foxy /usr/bin/cmake --install /home/ha/Desktop/ADS-Perception/vehicle_ws/build/diff_drive
