-- Found ament_cmake: 0.9.12 (/opt/ros/foxy/share/ament_cmake/cmake)
-- Using PYTHON_EXECUTABLE: /usr/bin/python3
-- Override CMake install command with custom implementation using symlinks instead of copying resources
-- Found rclcpp: 2.4.3 (/opt/ros/foxy/share/rclcpp/cmake)
-- Using all available rosidl_typesupport_c: rosidl_typesupport_fastrtps_c;rosidl_typesupport_introspection_c
-- Found rosidl_adapter: 1.3.1 (/opt/ros/foxy/share/rosidl_adapter/cmake)
-- Using all available rosidl_typesupport_cpp: rosidl_typesupport_fastrtps_cpp;rosidl_typesupport_introspection_cpp
-- Found rmw_implementation_cmake: 1.0.4 (/opt/ros/foxy/share/rmw_implementation_cmake/cmake)
-- Using RMW implementation 'rmw_fastrtps_cpp' as default
-- Configuring done
-- Generating done
-- Build files have been written to: /home/ha/Desktop/ADS-Sense/lidar_ws/build/cpp_lidar
[35m[1mScanning dependencies of target cpp_lidar[0m
[ 50%] [32mBuilding CXX object CMakeFiles/cpp_lidar.dir/src/cpp_lidar.cpp.o[0m
[01m[K/home/ha/Desktop/ADS-Sense/lidar_ws/src/cpp_lidar/src/cpp_lidar.cpp:93:5:[m[K [01;31m[Kerror: [m[Kredefinition of ‘[01m[Kint main(int, char**)[m[K’
   93 | int [01;31m[Kmain[m[K(int argc, char * argv[])
      |     [01;31m[K^~~~[m[K
[01m[K/home/ha/Desktop/ADS-Sense/lidar_ws/src/cpp_lidar/src/cpp_lidar.cpp:30:5:[m[K [01;36m[Knote: [m[K‘[01m[Kint main(int, char**)[m[K’ previously defined here
   30 | int [01;36m[Kmain[m[K(int argc, char **argv) {
      |     [01;36m[K^~~~[m[K
make[2]: *** [CMakeFiles/cpp_lidar.dir/build.make:63: CMakeFiles/cpp_lidar.dir/src/cpp_lidar.cpp.o] 오류 1
make[1]: *** [CMakeFiles/Makefile2:78: CMakeFiles/cpp_lidar.dir/all] 오류 2
make: *** [Makefile:141: all] 오류 2
