[0.267s] Invoking command in '/home/ha/Desktop/ADS-Sense/lidar_ws/build/cpp_lidar': CMAKE_PREFIX_PATH=${CMAKE_PREFIX_PATH}:/home/ha/Desktop/gcamp_ros2_ws/install/py_topic_pkg:/opt/ros/foxy /usr/bin/cmake --build /home/ha/Desktop/ADS-Sense/lidar_ws/build/cpp_lidar -- -j8 -l8
[0.283s] -- Found ament_cmake: 0.9.12 (/opt/ros/foxy/share/ament_cmake/cmake)
[0.300s] -- Using PYTHON_EXECUTABLE: /usr/bin/python3
[0.410s] -- Override CMake install command with custom implementation using symlinks instead of copying resources
[0.414s] -- Found rclcpp: 2.4.3 (/opt/ros/foxy/share/rclcpp/cmake)
[0.436s] -- Using all available rosidl_typesupport_c: rosidl_typesupport_fastrtps_c;rosidl_typesupport_introspection_c
[0.438s] -- Found rosidl_adapter: 1.3.1 (/opt/ros/foxy/share/rosidl_adapter/cmake)
[0.515s] -- Using all available rosidl_typesupport_cpp: rosidl_typesupport_fastrtps_cpp;rosidl_typesupport_introspection_cpp
[0.548s] -- Found rmw_implementation_cmake: 1.0.4 (/opt/ros/foxy/share/rmw_implementation_cmake/cmake)
[0.549s] -- Using RMW implementation 'rmw_fastrtps_cpp' as default
[0.678s] -- Configuring done
[0.682s] -- Generating done
[0.682s] -- Build files have been written to: /home/ha/Desktop/ADS-Sense/lidar_ws/build/cpp_lidar
[0.700s] [35m[1mScanning dependencies of target cpp_lidar[0m
[0.717s] [ 50%] [32mBuilding CXX object CMakeFiles/cpp_lidar.dir/src/cpp_lidar.cpp.o[0m
[1.509s] [01m[K/home/ha/Desktop/ADS-Sense/lidar_ws/src/cpp_lidar/src/cpp_lidar.cpp:93:5:[m[K [01;31m[Kerror: [m[Kredefinition of ‘[01m[Kint main(int, char**)[m[K’
[1.509s]    93 | int [01;31m[Kmain[m[K(int argc, char * argv[])
[1.509s]       |     [01;31m[K^~~~[m[K
[1.509s] [01m[K/home/ha/Desktop/ADS-Sense/lidar_ws/src/cpp_lidar/src/cpp_lidar.cpp:30:5:[m[K [01;36m[Knote: [m[K‘[01m[Kint main(int, char**)[m[K’ previously defined here
[1.509s]    30 | int [01;36m[Kmain[m[K(int argc, char **argv) {
[1.509s]       |     [01;36m[K^~~~[m[K
[2.160s] make[2]: *** [CMakeFiles/cpp_lidar.dir/build.make:63: CMakeFiles/cpp_lidar.dir/src/cpp_lidar.cpp.o] 오류 1
[2.160s] make[1]: *** [CMakeFiles/Makefile2:78: CMakeFiles/cpp_lidar.dir/all] 오류 2
[2.160s] make: *** [Makefile:141: all] 오류 2
[2.162s] Invoked command in '/home/ha/Desktop/ADS-Sense/lidar_ws/build/cpp_lidar' returned '2': CMAKE_PREFIX_PATH=${CMAKE_PREFIX_PATH}:/home/ha/Desktop/gcamp_ros2_ws/install/py_topic_pkg:/opt/ros/foxy /usr/bin/cmake --build /home/ha/Desktop/ADS-Sense/lidar_ws/build/cpp_lidar -- -j8 -l8
