[0.087s] Invoking command in '/home/ha/Desktop/ADS-Perception/vehicle_ws/build/diff_drive': CMAKE_PREFIX_PATH=/opt/ros/foxy /usr/bin/cmake /home/ha/Desktop/ADS-Perception/vehicle_ws/src/diff_drive -DAMENT_CMAKE_SYMLINK_INSTALL=1 -DCMAKE_INSTALL_PREFIX=/home/ha/Desktop/ADS-Perception/vehicle_ws/install/diff_drive
[0.197s] -- The C compiler identification is GNU 9.4.0
[0.274s] -- The CXX compiler identification is GNU 9.4.0
[0.278s] -- Check for working C compiler: /usr/bin/cc
[0.322s] -- Check for working C compiler: /usr/bin/cc -- works
[0.322s] -- Detecting C compiler ABI info
[0.366s] -- Detecting C compiler ABI info - done
[0.373s] -- Detecting C compile features
[0.373s] -- Detecting C compile features - done
[0.375s] -- Check for working CXX compiler: /usr/bin/c++
[0.426s] -- Check for working CXX compiler: /usr/bin/c++ -- works
[0.427s] -- Detecting CXX compiler ABI info
[0.475s] -- Detecting CXX compiler ABI info - done
[0.482s] -- Detecting CXX compile features
[0.482s] -- Detecting CXX compile features - done
[0.485s] -- Found ament_cmake: 0.9.12 (/opt/ros/foxy/share/ament_cmake/cmake)
[0.502s] -- Found PythonInterp: /usr/bin/python3 (found suitable version "3.8.10", minimum required is "3") 
[0.502s] -- Using PYTHON_EXECUTABLE: /usr/bin/python3
[0.618s] -- Override CMake install command with custom implementation using symlinks instead of copying resources
[0.732s] -- Configuring done
[0.735s] -- Generating done
[0.736s] -- Build files have been written to: /home/ha/Desktop/ADS-Perception/vehicle_ws/build/diff_drive
[0.742s] Invoked command in '/home/ha/Desktop/ADS-Perception/vehicle_ws/build/diff_drive' returned '0': CMAKE_PREFIX_PATH=/opt/ros/foxy /usr/bin/cmake /home/ha/Desktop/ADS-Perception/vehicle_ws/src/diff_drive -DAMENT_CMAKE_SYMLINK_INSTALL=1 -DCMAKE_INSTALL_PREFIX=/home/ha/Desktop/ADS-Perception/vehicle_ws/install/diff_drive
[0.746s] Invoking command in '/home/ha/Desktop/ADS-Perception/vehicle_ws/build/diff_drive': CMAKE_PREFIX_PATH=/opt/ros/foxy /usr/bin/cmake --build /home/ha/Desktop/ADS-Perception/vehicle_ws/build/diff_drive -- -j8 -l8
[0.773s] Invoked command in '/home/ha/Desktop/ADS-Perception/vehicle_ws/build/diff_drive' returned '0': CMAKE_PREFIX_PATH=/opt/ros/foxy /usr/bin/cmake --build /home/ha/Desktop/ADS-Perception/vehicle_ws/build/diff_drive -- -j8 -l8
[0.794s] Invoking command in '/home/ha/Desktop/ADS-Perception/vehicle_ws/build/diff_drive': CMAKE_PREFIX_PATH=/opt/ros/foxy /usr/bin/cmake --install /home/ha/Desktop/ADS-Perception/vehicle_ws/build/diff_drive
[0.799s] -- Install configuration: ""
[0.800s] -- Execute custom install script
[0.800s] -- Symlinking: /home/ha/Desktop/ADS-Perception/vehicle_ws/install/diff_drive/share/diff_drive/launch/diff_drive.launch.py
[0.806s] -- Symlinking: /home/ha/Desktop/ADS-Perception/vehicle_ws/install/diff_drive/share/diff_drive/worlds/empty_sky.world
[0.812s] -- Symlinking: /home/ha/Desktop/ADS-Perception/vehicle_ws/install/diff_drive/share/diff_drive/description/diffbot.xacro
[0.817s] -- Symlinking: /home/ha/Desktop/ADS-Perception/vehicle_ws/install/diff_drive/share/ament_index/resource_index/package_run_dependencies/diff_drive
[0.824s] -- Symlinking: /home/ha/Desktop/ADS-Perception/vehicle_ws/install/diff_drive/share/ament_index/resource_index/parent_prefix_path/diff_drive
[0.829s] -- Symlinking: /home/ha/Desktop/ADS-Perception/vehicle_ws/install/diff_drive/share/diff_drive/environment/ament_prefix_path.sh
[0.835s] -- Symlinking: /home/ha/Desktop/ADS-Perception/vehicle_ws/install/diff_drive/share/diff_drive/environment/ament_prefix_path.dsv
[0.841s] -- Symlinking: /home/ha/Desktop/ADS-Perception/vehicle_ws/install/diff_drive/share/diff_drive/environment/path.sh
[0.846s] -- Symlinking: /home/ha/Desktop/ADS-Perception/vehicle_ws/install/diff_drive/share/diff_drive/environment/path.dsv
[0.852s] -- Symlinking: /home/ha/Desktop/ADS-Perception/vehicle_ws/install/diff_drive/share/diff_drive/local_setup.bash
[0.858s] -- Symlinking: /home/ha/Desktop/ADS-Perception/vehicle_ws/install/diff_drive/share/diff_drive/local_setup.sh
[0.864s] -- Symlinking: /home/ha/Desktop/ADS-Perception/vehicle_ws/install/diff_drive/share/diff_drive/local_setup.zsh
[0.870s] -- Symlinking: /home/ha/Desktop/ADS-Perception/vehicle_ws/install/diff_drive/share/diff_drive/local_setup.dsv
[0.876s] -- Symlinking: /home/ha/Desktop/ADS-Perception/vehicle_ws/install/diff_drive/share/diff_drive/package.dsv
[0.881s] -- Symlinking: /home/ha/Desktop/ADS-Perception/vehicle_ws/install/diff_drive/share/ament_index/resource_index/packages/diff_drive
[0.887s] -- Symlinking: /home/ha/Desktop/ADS-Perception/vehicle_ws/install/diff_drive/share/diff_drive/cmake/diff_driveConfig.cmake
[0.893s] -- Symlinking: /home/ha/Desktop/ADS-Perception/vehicle_ws/install/diff_drive/share/diff_drive/cmake/diff_driveConfig-version.cmake
[0.898s] -- Symlinking: /home/ha/Desktop/ADS-Perception/vehicle_ws/install/diff_drive/share/diff_drive/package.xml
[1.008s] Invoked command in '/home/ha/Desktop/ADS-Perception/vehicle_ws/build/diff_drive' returned '0': CMAKE_PREFIX_PATH=/opt/ros/foxy /usr/bin/cmake --install /home/ha/Desktop/ADS-Perception/vehicle_ws/build/diff_drive
